  ______            __  __                 _                  
 |  ____|          |  \/  |               | |                 
 | |__     _ __    | \  / |   ___    ___  | |_   _ __    ___  
 |  __|   | '__|   | |\/| |  / _ \  / __| | __| | '__|  / _ \ 
 | |____  | |      | |  | | | (_) | \__ \ | |_  | |    | (_) |
 |______| |_|      |_|  |_|  \___/  |___/  \__| |_|     \___/                                                             
 powered by all'inizio brucia ma poi passa !!!!!!!!!!!!!!!!!!!
2020-11-07 10:14:39.264  INFO 14594 --- [           main] eu.oam.app.OamDbBeApplication            : Starting OamDbBeApplication v0.0.3-BETA on luciano-VGN-SZ61MN-B with PID 14594 (/home/luciano/Projects/SpringMvcRestApiDemo/docker/springboot/exec/oam_db_be.jar started by luciano in /home/luciano/Projects/SpringMvcRestApiDemo/docker/springboot)
2020-11-07 10:14:39.276  INFO 14594 --- [           main] eu.oam.app.OamDbBeApplication            : No active profile set, falling back to default profiles: default
2020-11-07 10:14:44.835  INFO 14594 --- [           main] .s.d.r.c.RepositoryConfigurationDelegate : Bootstrapping Spring Data JPA repositories in DEFERRED mode.
2020-11-07 10:14:45.110  INFO 14594 --- [           main] .s.d.r.c.RepositoryConfigurationDelegate : Finished Spring Data repository scanning in 242ms. Found 1 JPA repository interfaces.
2020-11-07 10:14:47.685  INFO 14594 --- [           main] o.s.b.w.embedded.tomcat.TomcatWebServer  : Tomcat initialized with port(s): 5000 (http)
2020-11-07 10:14:47.733  INFO 14594 --- [           main] o.apache.catalina.core.StandardService   : Starting service [Tomcat]
2020-11-07 10:14:47.734  INFO 14594 --- [           main] org.apache.catalina.core.StandardEngine  : Starting Servlet engine: [Apache Tomcat/9.0.38]
2020-11-07 10:14:47.973  INFO 14594 --- [           main] o.a.c.c.C.[Tomcat].[localhost].[/]       : Initializing Spring embedded WebApplicationContext
2020-11-07 10:14:47.974  INFO 14594 --- [           main] w.s.c.ServletWebServerApplicationContext : Root WebApplicationContext: initialization completed in 8326 ms
2020-11-07 10:14:48.506  INFO 14594 --- [           main] com.zaxxer.hikari.HikariDataSource       : HikariPool-1 - Starting...
2020-11-07 10:14:49.462  INFO 14594 --- [           main] com.zaxxer.hikari.HikariDataSource       : HikariPool-1 - Start completed.
2020-11-07 10:14:49.486  INFO 14594 --- [           main] o.s.b.a.h2.H2ConsoleAutoConfiguration    : H2 console available at '/h2-console'. Database available at 'jdbc:h2:file:./data/oamdb'
2020-11-07 10:14:50.410  INFO 14594 --- [           main] o.s.s.concurrent.ThreadPoolTaskExecutor  : Initializing ExecutorService 'applicationTaskExecutor'
2020-11-07 10:14:50.780  INFO 14594 --- [         task-1] o.hibernate.jpa.internal.util.LogHelper  : HHH000204: Processing PersistenceUnitInfo [name: default]
2020-11-07 10:14:51.185  WARN 14594 --- [           main] JpaBaseConfiguration$JpaWebConfiguration : spring.jpa.open-in-view is enabled by default. Therefore, database queries may be performed during view rendering. Explicitly configure spring.jpa.open-in-view to disable this warning
2020-11-07 10:14:51.388  INFO 14594 --- [         task-1] org.hibernate.Version                    : HHH000412: Hibernate ORM core version 5.4.21.Final
2020-11-07 10:14:52.547  INFO 14594 --- [         task-1] o.hibernate.annotations.common.Version   : HCANN000001: Hibernate Commons Annotations {5.1.0.Final}
2020-11-07 10:14:52.804  INFO 14594 --- [           main] o.s.b.a.w.s.WelcomePageHandlerMapping    : Adding welcome page template: index
2020-11-07 10:14:53.318  INFO 14594 --- [         task-1] org.hibernate.dialect.Dialect            : HHH000400: Using dialect: org.hibernate.dialect.H2Dialect
2020-11-07 10:14:56.447  INFO 14594 --- [         task-1] o.hibernate.id.enhanced.TableGenerator   : HHH000398: Explicit segment value for id generator [hibernate_sequences.sequence_name] suggested; using default [default]
2020-11-07 10:15:01.652  INFO 14594 --- [         task-1] o.h.e.t.j.p.i.JtaPlatformInitiator       : HHH000490: Using JtaPlatform implementation: [org.hibernate.engine.transaction.jta.platform.internal.NoJtaPlatform]
2020-11-07 10:15:01.737  INFO 14594 --- [         task-1] j.LocalContainerEntityManagerFactoryBean : Initialized JPA EntityManagerFactory for persistence unit 'default'
2020-11-07 10:15:02.017  INFO 14594 --- [           main] o.s.b.a.e.web.EndpointLinksResolver      : Exposing 14 endpoint(s) beneath base path '/actuator'
2020-11-07 10:15:02.416  INFO 14594 --- [           main] o.s.b.w.embedded.tomcat.TomcatWebServer  : Tomcat started on port(s): 5000 (http) with context path ''
2020-11-07 10:15:02.424  INFO 14594 --- [           main] DeferredRepositoryInitializationListener : Triggering deferred initialization of Spring Data repositories…
2020-11-07 10:15:03.658  INFO 14594 --- [           main] DeferredRepositoryInitializationListener : Spring Data repositories initialized!
2020-11-07 10:15:03.691  INFO 14594 --- [           main] eu.oam.app.OamDbBeApplication            : Started OamDbBeApplication in 26.933 seconds (JVM running for 28.834)
2020-11-07 10:15:04.419  INFO 14594 --- [nio-5000-exec-1] o.a.c.c.C.[Tomcat].[localhost].[/]       : Initializing Spring DispatcherServlet 'dispatcherServlet'
2020-11-07 10:15:04.420  INFO 14594 --- [nio-5000-exec-1] o.s.web.servlet.DispatcherServlet        : Initializing Servlet 'dispatcherServlet'
2020-11-07 10:15:04.445  INFO 14594 --- [nio-5000-exec-1] o.s.web.servlet.DispatcherServlet        : Completed initialization in 24 ms
2020-11-07 10:15:04.564  INFO 14594 --- [nio-5000-exec-1] eu.oam.app.utils.DbUtils                 : starting init database.......
2020-11-07 10:15:21.076  INFO 14594 --- [nio-5000-exec-1] eu.oam.app.utils.DbUtils                 : db updated successfuly
2020-11-07 10:15:21.145  INFO 14594 --- [           main] eu.oam.app.OamDbBeApplication            : Linux
2020-11-07 10:19:59.241  INFO 14594 --- [extShutdownHook] j.LocalContainerEntityManagerFactoryBean : Closing JPA EntityManagerFactory for persistence unit 'default'
2020-11-07 10:19:59.264  INFO 14594 --- [extShutdownHook] o.s.s.concurrent.ThreadPoolTaskExecutor  : Shutting down ExecutorService 'applicationTaskExecutor'
2020-11-07 10:19:59.266  INFO 14594 --- [extShutdownHook] com.zaxxer.hikari.HikariDataSource       : HikariPool-1 - Shutdown initiated...
2020-11-07 10:19:59.308  INFO 14594 --- [extShutdownHook] com.zaxxer.hikari.HikariDataSource       : HikariPool-1 - Shutdown completed.
