
  .   ____          _            __ _ _
 /\\ / ___'_ __ _ _(_)_ __  __ _ \ \ \ \
( ( )\___ | '_ | '_| | '_ \/ _` | \ \ \ \
 \\/  ___)| |_)| | | | | || (_| |  ) ) ) )
  '  |____| .__|_| |_|_| |_\__, | / / / /
 =========|_|==============|___/=/_/_/_/
 :: Spring Boot ::        (v2.3.3.RELEASE)

2020-09-29 21:40:34.980  INFO 30 --- [           main] c.c.c.ConfigServicePropertySourceLocator : Fetching config from server at : http://192.22.0.7:8181/ConfigServerRestApi
2020-09-29 21:40:36.083  INFO 30 --- [           main] c.c.c.ConfigServicePropertySourceLocator : Connect Timeout Exception on Url - http://192.22.0.7:8181/ConfigServerRestApi. Will be trying the next url if available
2020-09-29 21:40:36.083  WARN 30 --- [           main] c.c.c.ConfigServicePropertySourceLocator : Could not locate PropertySource: I/O error on GET request for "http://192.22.0.7:8181/ConfigServerRestApi/SpringRestApiDemo/standalone": Connection refused (Connection refused); nested exception is java.net.ConnectException: Connection refused (Connection refused)
2020-09-29 21:40:36.109  INFO 30 --- [           main] com.grippaweb.ServletApplication         : The following profiles are active: standalone
2020-09-29 21:40:47.615  INFO 30 --- [           main] .s.d.r.c.RepositoryConfigurationDelegate : Bootstrapping Spring Data JPA repositories in DEFERRED mode.
2020-09-29 21:40:48.096  INFO 30 --- [           main] .s.d.r.c.RepositoryConfigurationDelegate : Finished Spring Data repository scanning in 428ms. Found 1 JPA repository interfaces.
2020-09-29 21:40:49.931  INFO 30 --- [           main] o.s.cloud.context.scope.GenericScope     : BeanFactory id=5f00a6b2-8370-32b1-8558-4efc5680fb58
2020-09-29 21:40:53.858  INFO 30 --- [           main] o.s.b.w.embedded.tomcat.TomcatWebServer  : Tomcat initialized with port(s): 8182 (http)
2020-09-29 21:40:53.959  INFO 30 --- [           main] o.apache.catalina.core.StandardService   : Starting service [Tomcat]
2020-09-29 21:40:53.960  INFO 30 --- [           main] org.apache.catalina.core.StandardEngine  : Starting Servlet engine: [Apache Tomcat/9.0.37]
2020-09-29 21:41:04.251  INFO 30 --- [           main] o.a.c.c.C.[.[.[/SpringRestApiDemo]       : Initializing Spring embedded WebApplicationContext
2020-09-29 21:41:04.252  INFO 30 --- [           main] w.s.c.ServletWebServerApplicationContext : Root WebApplicationContext: initialization completed in 27952 ms
2020-09-29 21:41:08.111  INFO 30 --- [           main] o.s.s.concurrent.ThreadPoolTaskExecutor  : Initializing ExecutorService 'applicationTaskExecutor'
2020-09-29 21:41:08.334  INFO 30 --- [           main] com.zaxxer.hikari.HikariDataSource       : HikariPool-1 - Starting...
2020-09-29 21:41:12.358  INFO 30 --- [           main] com.zaxxer.hikari.HikariDataSource       : HikariPool-1 - Start completed.
2020-09-29 21:41:13.279  INFO 30 --- [         task-1] o.hibernate.jpa.internal.util.LogHelper  : HHH000204: Processing PersistenceUnitInfo [name: default]
2020-09-29 21:41:14.713  INFO 30 --- [         task-1] org.hibernate.Version                    : HHH000412: Hibernate ORM core version 5.4.20.Final
2020-09-29 21:41:15.411  WARN 30 --- [           main] JpaBaseConfiguration$JpaWebConfiguration : spring.jpa.open-in-view is enabled by default. Therefore, database queries may be performed during view rendering. Explicitly configure spring.jpa.open-in-view to disable this warning
2020-09-29 21:41:15.516  INFO 30 --- [         task-1] o.hibernate.annotations.common.Version   : HCANN000001: Hibernate Commons Annotations {5.1.0.Final}
2020-09-29 21:41:16.889  INFO 30 --- [         task-1] org.hibernate.dialect.Dialect            : HHH000400: Using dialect: org.hibernate.dialect.MySQL57Dialect
2020-09-29 21:41:16.975  INFO 30 --- [           main] o.s.b.a.e.web.EndpointLinksResolver      : Exposing 16 endpoint(s) beneath base path '/actuator'
2020-09-29 21:41:17.510  INFO 30 --- [           main] pertySourcedRequestMappingHandlerMapping : Mapped URL path [/v2/api-docs] onto method [springfox.documentation.swagger2.web.Swagger2Controller#getDocumentation(String, HttpServletRequest)]
2020-09-29 21:41:20.182  INFO 30 --- [         task-1] o.h.e.t.j.p.i.JtaPlatformInitiator       : HHH000490: Using JtaPlatform implementation: [org.hibernate.engine.transaction.jta.platform.internal.NoJtaPlatform]
2020-09-29 21:41:20.218  INFO 30 --- [         task-1] j.LocalContainerEntityManagerFactoryBean : Initialized JPA EntityManagerFactory for persistence unit 'default'
2020-09-29 21:41:20.820  INFO 30 --- [           main] o.s.b.w.embedded.tomcat.TomcatWebServer  : Tomcat started on port(s): 8182 (http) with context path '/SpringRestApiDemo'
2020-09-29 21:41:20.824  INFO 30 --- [           main] d.s.w.p.DocumentationPluginsBootstrapper : Context refreshed
2020-09-29 21:41:20.952  INFO 30 --- [           main] d.s.w.p.DocumentationPluginsBootstrapper : Found 1 custom documentation plugin(s)
2020-09-29 21:41:21.132  INFO 30 --- [           main] s.d.s.w.s.ApiListingReferenceScanner     : Scanning for api listing references
2020-09-29 21:41:21.538  INFO 30 --- [           main] DeferredRepositoryInitializationListener : Triggering deferred initialization of Spring Data repositories…
2020-09-29 21:41:23.080  INFO 30 --- [           main] DeferredRepositoryInitializationListener : Spring Data repositories initialized!
2020-09-29 21:41:23.129  INFO 30 --- [           main] com.grippaweb.ServletApplication         : Started ServletApplication in 58.9 seconds (JVM running for 63.227)
