
  .   ____          _            __ _ _
 /\\ / ___'_ __ _ _(_)_ __  __ _ \ \ \ \
( ( )\___ | '_ | '_| | '_ \/ _` | \ \ \ \
 \\/  ___)| |_)| | | | | || (_| |  ) ) ) )
  '  |____| .__|_| |_|_| |_\__, | / / / /
 =========|_|==============|___/=/_/_/_/
 :: Spring Boot ::        (v2.3.3.RELEASE)

2020-09-29 21:24:55.355  INFO 1964 --- [           main] c.c.c.ConfigServicePropertySourceLocator : Fetching config from server at : http://192.22.0.7:8181/ConfigServerRestApi
2020-09-29 21:25:02.039  INFO 1964 --- [           main] c.c.c.ConfigServicePropertySourceLocator : Located environment: name=SpringRestApiDemo, profiles=[standalone], label=null, version=c2c6ecb807873a37b577d3cb35c129f20dd6cf01, state=null
2020-09-29 21:25:02.046  INFO 1964 --- [           main] b.c.PropertySourceBootstrapConfiguration : Located property source: [BootstrapPropertySource {name='bootstrapProperties-configClient'}, BootstrapPropertySource {name='bootstrapProperties-http://192.22.0.6/rest-api-demo-config.git/SpringRestApiDemo-standalone.yml'}]
2020-09-29 21:25:02.089  INFO 1964 --- [           main] com.grippaweb.ServletApplication         : The following profiles are active: standalone
2020-09-29 21:25:09.355  INFO 1964 --- [           main] .s.d.r.c.RepositoryConfigurationDelegate : Bootstrapping Spring Data JPA repositories in DEFERRED mode.
2020-09-29 21:25:09.765  INFO 1964 --- [           main] .s.d.r.c.RepositoryConfigurationDelegate : Finished Spring Data repository scanning in 314ms. Found 1 JPA repository interfaces.
2020-09-29 21:25:11.118  INFO 1964 --- [           main] o.s.cloud.context.scope.GenericScope     : BeanFactory id=5f00a6b2-8370-32b1-8558-4efc5680fb58
2020-09-29 21:25:13.897  INFO 1964 --- [           main] o.s.b.w.embedded.tomcat.TomcatWebServer  : Tomcat initialized with port(s): 8182 (http)
2020-09-29 21:25:13.942  INFO 1964 --- [           main] o.apache.catalina.core.StandardService   : Starting service [Tomcat]
2020-09-29 21:25:13.942  INFO 1964 --- [           main] org.apache.catalina.core.StandardEngine  : Starting Servlet engine: [Apache Tomcat/9.0.37]
2020-09-29 21:25:18.898  INFO 1964 --- [           main] o.a.c.c.C.[.[.[/SpringRestApiDemo]       : Initializing Spring embedded WebApplicationContext
2020-09-29 21:25:18.902  INFO 1964 --- [           main] w.s.c.ServletWebServerApplicationContext : Root WebApplicationContext: initialization completed in 16486 ms
2020-09-29 21:25:20.864  INFO 1964 --- [           main] o.s.s.concurrent.ThreadPoolTaskExecutor  : Initializing ExecutorService 'applicationTaskExecutor'
2020-09-29 21:25:21.211  INFO 1964 --- [         task-1] o.hibernate.jpa.internal.util.LogHelper  : HHH000204: Processing PersistenceUnitInfo [name: default]
2020-09-29 21:25:21.890  INFO 1964 --- [         task-1] org.hibernate.Version                    : HHH000412: Hibernate ORM core version 5.4.20.Final
2020-09-29 21:25:23.105  WARN 1964 --- [           main] JpaBaseConfiguration$JpaWebConfiguration : spring.jpa.open-in-view is enabled by default. Therefore, database queries may be performed during view rendering. Explicitly configure spring.jpa.open-in-view to disable this warning
2020-09-29 21:25:23.413  INFO 1964 --- [         task-1] o.hibernate.annotations.common.Version   : HCANN000001: Hibernate Commons Annotations {5.1.0.Final}
2020-09-29 21:25:25.101  INFO 1964 --- [         task-1] com.zaxxer.hikari.HikariDataSource       : HikariPool-1 - Starting...
2020-09-29 21:25:25.348  INFO 1964 --- [           main] o.s.b.a.e.web.EndpointLinksResolver      : Exposing 16 endpoint(s) beneath base path '/actuator'
2020-09-29 21:25:25.921  INFO 1964 --- [           main] pertySourcedRequestMappingHandlerMapping : Mapped URL path [/v2/api-docs] onto method [springfox.documentation.swagger2.web.Swagger2Controller#getDocumentation(String, HttpServletRequest)]
2020-09-29 21:25:28.029  INFO 1964 --- [         task-1] com.zaxxer.hikari.HikariDataSource       : HikariPool-1 - Start completed.
2020-09-29 21:25:28.283  INFO 1964 --- [         task-1] org.hibernate.dialect.Dialect            : HHH000400: Using dialect: org.hibernate.dialect.MySQL5Dialect
2020-09-29 21:25:32.238  INFO 1964 --- [         task-1] o.h.e.t.j.p.i.JtaPlatformInitiator       : HHH000490: Using JtaPlatform implementation: [org.hibernate.engine.transaction.jta.platform.internal.NoJtaPlatform]
2020-09-29 21:25:32.272  INFO 1964 --- [         task-1] j.LocalContainerEntityManagerFactoryBean : Initialized JPA EntityManagerFactory for persistence unit 'default'
2020-09-29 21:25:33.313  INFO 1964 --- [           main] o.s.b.w.embedded.tomcat.TomcatWebServer  : Tomcat started on port(s): 8182 (http) with context path '/SpringRestApiDemo'
2020-09-29 21:25:33.317  INFO 1964 --- [           main] d.s.w.p.DocumentationPluginsBootstrapper : Context refreshed
2020-09-29 21:25:33.390  INFO 1964 --- [           main] d.s.w.p.DocumentationPluginsBootstrapper : Found 1 custom documentation plugin(s)
2020-09-29 21:25:33.601  INFO 1964 --- [           main] s.d.s.w.s.ApiListingReferenceScanner     : Scanning for api listing references
2020-09-29 21:25:34.137  INFO 1964 --- [           main] DeferredRepositoryInitializationListener : Triggering deferred initialization of Spring Data repositories…
2020-09-29 21:25:36.224  INFO 1964 --- [           main] DeferredRepositoryInitializationListener : Spring Data repositories initialized!
2020-09-29 21:25:36.274  INFO 1964 --- [           main] com.grippaweb.ServletApplication         : Started ServletApplication in 48.048 seconds (JVM running for 50.932)
2020-09-29 21:26:12.588  INFO 1964 --- [nio-8182-exec-2] o.a.c.c.C.[.[.[/SpringRestApiDemo]       : Initializing Spring DispatcherServlet 'dispatcherServlet'
2020-09-29 21:26:12.589  INFO 1964 --- [nio-8182-exec-2] o.s.web.servlet.DispatcherServlet        : Initializing Servlet 'dispatcherServlet'
2020-09-29 21:26:12.738  INFO 1964 --- [nio-8182-exec-2] o.s.web.servlet.DispatcherServlet        : Completed initialization in 149 ms
2020-09-29 21:26:13.068  INFO 1964 --- [nio-8182-exec-2] c.g.controllers.ContentDemoController    : calling: /test/ 1
