
  .   ____          _            __ _ _
 /\\ / ___'_ __ _ _(_)_ __  __ _ \ \ \ \
( ( )\___ | '_ | '_| | '_ \/ _` | \ \ \ \
 \\/  ___)| |_)| | | | | || (_| |  ) ) ) )
  '  |____| .__|_| |_|_| |_\__, | / / / /
 =========|_|==============|___/=/_/_/_/
 :: Spring Boot ::        (v2.3.3.RELEASE)

2020-09-27 23:20:32.670  INFO 4324 --- [           main] c.c.c.ConfigServicePropertySourceLocator : Fetching config from server at : http://localhost:8181/ConfigServerRestApi
2020-09-27 23:20:36.828  INFO 4324 --- [           main] c.c.c.ConfigServicePropertySourceLocator : Located environment: name=SpringRestApiDemo, profiles=[standalone], label=null, version=f8f4d4bdb6f72cf8b4b6e29240e31ca60677c651, state=null
2020-09-27 23:20:36.831  INFO 4324 --- [           main] b.c.PropertySourceBootstrapConfiguration : Located property source: [BootstrapPropertySource {name='bootstrapProperties-configClient'}, BootstrapPropertySource {name='bootstrapProperties-http://localhost:8089/rest-api-demo-config.git/SpringRestApiDemo-standalone.yml'}]
2020-09-27 23:20:36.850  INFO 4324 --- [           main] com.grippaweb.ServletApplication         : The following profiles are active: standalone
2020-09-27 23:20:43.125  INFO 4324 --- [           main] .s.d.r.c.RepositoryConfigurationDelegate : Bootstrapping Spring Data JPA repositories in DEFERRED mode.
2020-09-27 23:20:43.363  INFO 4324 --- [           main] .s.d.r.c.RepositoryConfigurationDelegate : Finished Spring Data repository scanning in 200ms. Found 1 JPA repository interfaces.
2020-09-27 23:20:44.879  INFO 4324 --- [           main] o.s.cloud.context.scope.GenericScope     : BeanFactory id=e889ce85-398e-389b-8804-9e5865c8584a
2020-09-27 23:20:47.717  INFO 4324 --- [           main] o.s.b.w.embedded.tomcat.TomcatWebServer  : Tomcat initialized with port(s): 8182 (http)
2020-09-27 23:20:47.762  INFO 4324 --- [           main] o.apache.catalina.core.StandardService   : Starting service [Tomcat]
2020-09-27 23:20:47.762  INFO 4324 --- [           main] org.apache.catalina.core.StandardEngine  : Starting Servlet engine: [Apache Tomcat/9.0.37]
2020-09-27 23:20:54.837  INFO 4324 --- [           main] o.a.c.c.C.[.[.[/SpringRestApiDemo]       : Initializing Spring embedded WebApplicationContext
2020-09-27 23:20:54.838  INFO 4324 --- [           main] w.s.c.ServletWebServerApplicationContext : Root WebApplicationContext: initialization completed in 17873 ms
2020-09-27 23:20:58.885  INFO 4324 --- [           main] o.s.s.concurrent.ThreadPoolTaskExecutor  : Initializing ExecutorService 'applicationTaskExecutor'
2020-09-27 23:21:00.483  INFO 4324 --- [         task-1] o.hibernate.jpa.internal.util.LogHelper  : HHH000204: Processing PersistenceUnitInfo [name: default]
2020-09-27 23:21:03.830  WARN 4324 --- [           main] JpaBaseConfiguration$JpaWebConfiguration : spring.jpa.open-in-view is enabled by default. Therefore, database queries may be performed during view rendering. Explicitly configure spring.jpa.open-in-view to disable this warning
2020-09-27 23:21:07.311  INFO 4324 --- [           main] o.s.b.a.e.web.EndpointLinksResolver      : Exposing 4 endpoint(s) beneath base path '/actuator'
2020-09-27 23:21:08.594  INFO 4324 --- [         task-1] org.hibernate.Version                    : HHH000412: Hibernate ORM core version 5.4.20.Final
2020-09-27 23:21:08.602  INFO 4324 --- [           main] pertySourcedRequestMappingHandlerMapping : Mapped URL path [/v2/api-docs] onto method [springfox.documentation.swagger2.web.Swagger2Controller#getDocumentation(String, HttpServletRequest)]
2020-09-27 23:21:12.026  INFO 4324 --- [         task-1] o.hibernate.annotations.common.Version   : HCANN000001: Hibernate Commons Annotations {5.1.0.Final}
2020-09-27 23:21:17.722  INFO 4324 --- [         task-1] com.zaxxer.hikari.HikariDataSource       : HikariPool-1 - Starting...
2020-09-27 23:21:20.301  INFO 4324 --- [         task-1] com.zaxxer.hikari.HikariDataSource       : HikariPool-1 - Start completed.
2020-09-27 23:21:22.565  INFO 4324 --- [         task-1] org.hibernate.dialect.Dialect            : HHH000400: Using dialect: org.hibernate.dialect.MySQL5Dialect
2020-09-27 23:21:40.053  INFO 4324 --- [         task-1] o.h.e.t.j.p.i.JtaPlatformInitiator       : HHH000490: Using JtaPlatform implementation: [org.hibernate.engine.transaction.jta.platform.internal.NoJtaPlatform]
2020-09-27 23:21:40.489  INFO 4324 --- [         task-1] j.LocalContainerEntityManagerFactoryBean : Initialized JPA EntityManagerFactory for persistence unit 'default'
2020-09-27 23:21:43.233  INFO 4324 --- [           main] o.s.b.w.embedded.tomcat.TomcatWebServer  : Tomcat started on port(s): 8182 (http) with context path '/SpringRestApiDemo'
2020-09-27 23:21:43.245  INFO 4324 --- [           main] d.s.w.p.DocumentationPluginsBootstrapper : Context refreshed
2020-09-27 23:21:43.418  INFO 4324 --- [           main] d.s.w.p.DocumentationPluginsBootstrapper : Found 1 custom documentation plugin(s)
2020-09-27 23:21:43.703  INFO 4324 --- [           main] s.d.s.w.s.ApiListingReferenceScanner     : Scanning for api listing references
2020-09-27 23:21:46.032  INFO 4324 --- [           main] DeferredRepositoryInitializationListener : Triggering deferred initialization of Spring Data repositories…
2020-09-27 23:21:59.692  INFO 4324 --- [           main] DeferredRepositoryInitializationListener : Spring Data repositories initialized!
2020-09-27 23:21:59.762  INFO 4324 --- [           main] com.grippaweb.ServletApplication         : Started ServletApplication in 91.964 seconds (JVM running for 95.037)
2020-09-27 23:25:22.066  INFO 4324 --- [nio-8182-exec-3] o.a.c.c.C.[.[.[/SpringRestApiDemo]       : Initializing Spring DispatcherServlet 'dispatcherServlet'
2020-09-27 23:25:22.079  INFO 4324 --- [nio-8182-exec-3] o.s.web.servlet.DispatcherServlet        : Initializing Servlet 'dispatcherServlet'
2020-09-27 23:25:22.154  INFO 4324 --- [nio-8182-exec-3] o.s.web.servlet.DispatcherServlet        : Completed initialization in 74 ms
