
  .   ____          _            __ _ _
 /\\ / ___'_ __ _ _(_)_ __  __ _ \ \ \ \
( ( )\___ | '_ | '_| | '_ \/ _` | \ \ \ \
 \\/  ___)| |_)| | | | | || (_| |  ) ) ) )
  '  |____| .__|_| |_|_| |_\__, | / / / /
 =========|_|==============|___/=/_/_/_/
 :: Spring Boot ::        (v2.3.3.RELEASE)

2020-09-27 23:11:30.608  INFO 32380 --- [           main] c.c.c.ConfigServicePropertySourceLocator : Fetching config from server at : http://localhost:8181/ConfigServerRestApi
2020-09-27 23:11:42.732  INFO 32380 --- [           main] c.c.c.ConfigServicePropertySourceLocator : Located environment: name=SpringRestApiDemo, profiles=[default], label=null, version=80c8013fa4ab13eba27328e2ee85697e98894eb4, state=null
2020-09-27 23:11:42.734  INFO 32380 --- [           main] b.c.PropertySourceBootstrapConfiguration : Located property source: [BootstrapPropertySource {name='bootstrapProperties-configClient'}]
2020-09-27 23:11:42.802  INFO 32380 --- [           main] com.grippaweb.ServletApplication         : The following profiles are active: testcase
2020-09-27 23:11:48.223  INFO 32380 --- [           main] .s.d.r.c.RepositoryConfigurationDelegate : Bootstrapping Spring Data JPA repositories in DEFERRED mode.
2020-09-27 23:11:48.506  INFO 32380 --- [           main] .s.d.r.c.RepositoryConfigurationDelegate : Finished Spring Data repository scanning in 238ms. Found 1 JPA repository interfaces.
2020-09-27 23:11:49.463  INFO 32380 --- [           main] o.s.cloud.context.scope.GenericScope     : BeanFactory id=e889ce85-398e-389b-8804-9e5865c8584a
2020-09-27 23:11:51.973  INFO 32380 --- [           main] o.s.b.w.embedded.tomcat.TomcatWebServer  : Tomcat initialized with port(s): 8182 (http)
2020-09-27 23:11:52.023  INFO 32380 --- [           main] o.apache.catalina.core.StandardService   : Starting service [Tomcat]
2020-09-27 23:11:52.023  INFO 32380 --- [           main] org.apache.catalina.core.StandardEngine  : Starting Servlet engine: [Apache Tomcat/9.0.37]
2020-09-27 23:11:58.179  INFO 32380 --- [           main] o.a.c.c.C.[.[.[/SpringRestApiDemo]       : Initializing Spring embedded WebApplicationContext
2020-09-27 23:11:58.180  INFO 32380 --- [           main] w.s.c.ServletWebServerApplicationContext : Root WebApplicationContext: initialization completed in 15162 ms
2020-09-27 23:12:00.163  WARN 32380 --- [           main] ConfigServletWebServerApplicationContext : Exception encountered during context initialization - cancelling refresh attempt: org.springframework.beans.factory.BeanCreationException: Error creating bean with name 'org.springframework.cloud.autoconfigure.RefreshAutoConfiguration$JpaInvokerConfiguration': Invocation of init method failed; nested exception is org.springframework.beans.factory.BeanCreationException: Error creating bean with name 'org.springframework.boot.autoconfigure.jdbc.DataSourceInitializerInvoker': Invocation of init method failed; nested exception is org.springframework.beans.factory.BeanCreationException: Error creating bean with name 'dataSource' defined in class path resource [org/springframework/boot/autoconfigure/jdbc/DataSourceConfiguration$Hikari.class]: Bean instantiation via factory method failed; nested exception is org.springframework.beans.BeanInstantiationException: Failed to instantiate [com.zaxxer.hikari.HikariDataSource]: Factory method 'dataSource' threw exception; nested exception is org.springframework.boot.autoconfigure.jdbc.DataSourceProperties$DataSourceBeanCreationException: Failed to determine a suitable driver class
2020-09-27 23:12:00.173  INFO 32380 --- [           main] o.apache.catalina.core.StandardService   : Stopping service [Tomcat]
2020-09-27 23:12:00.333  INFO 32380 --- [           main] ConditionEvaluationReportLoggingListener : 

Error starting ApplicationContext. To display the conditions report re-run your application with 'debug' enabled.
2020-09-27 23:12:00.387 ERROR 32380 --- [           main] o.s.b.d.LoggingFailureAnalysisReporter   : 

***************************
APPLICATION FAILED TO START
***************************

Description:

Failed to configure a DataSource: 'url' attribute is not specified and no embedded datasource could be configured.

Reason: Failed to determine a suitable driver class


Action:

Consider the following:
	If you want an embedded database (H2, HSQL or Derby), please put it on the classpath.
	If you have database settings to be loaded from a particular profile you may need to activate it (no profiles are currently active).

