
  .   ____          _            __ _ _
 /\\ / ___'_ __ _ _(_)_ __  __ _ \ \ \ \
( ( )\___ | '_ | '_| | '_ \/ _` | \ \ \ \
 \\/  ___)| |_)| | | | | || (_| |  ) ) ) )
  '  |____| .__|_| |_|_| |_\__, | / / / /
 =========|_|==============|___/=/_/_/_/
 :: Spring Boot ::        (v2.3.3.RELEASE)

2020-09-29 21:34:06.029  INFO 151 --- [           main] c.c.c.ConfigServicePropertySourceLocator : Fetching config from server at : http://192.22.0.7:8181/ConfigServerRestApi
2020-09-29 21:34:07.147  INFO 151 --- [           main] c.c.c.ConfigServicePropertySourceLocator : Connect Timeout Exception on Url - http://192.22.0.7:8181/ConfigServerRestApi. Will be trying the next url if available
2020-09-29 21:34:07.148  WARN 151 --- [           main] c.c.c.ConfigServicePropertySourceLocator : Could not locate PropertySource: I/O error on GET request for "http://192.22.0.7:8181/ConfigServerRestApi/SpringRestApiDemo/standalone": Connection refused (Connection refused); nested exception is java.net.ConnectException: Connection refused (Connection refused)
2020-09-29 21:34:07.192  INFO 151 --- [           main] com.grippaweb.ServletApplication         : The following profiles are active: standalone
2020-09-29 21:34:24.455  INFO 151 --- [           main] .s.d.r.c.RepositoryConfigurationDelegate : Bootstrapping Spring Data JPA repositories in DEFERRED mode.
2020-09-29 21:34:25.758  INFO 151 --- [           main] .s.d.r.c.RepositoryConfigurationDelegate : Finished Spring Data repository scanning in 1176ms. Found 1 JPA repository interfaces.
2020-09-29 21:34:29.747  INFO 151 --- [           main] o.s.cloud.context.scope.GenericScope     : BeanFactory id=5f00a6b2-8370-32b1-8558-4efc5680fb58
2020-09-29 21:34:33.729  INFO 151 --- [           main] o.s.b.w.embedded.tomcat.TomcatWebServer  : Tomcat initialized with port(s): 8182 (http)
2020-09-29 21:34:33.911  INFO 151 --- [           main] o.apache.catalina.core.StandardService   : Starting service [Tomcat]
2020-09-29 21:34:33.911  INFO 151 --- [           main] org.apache.catalina.core.StandardEngine  : Starting Servlet engine: [Apache Tomcat/9.0.37]
2020-09-29 21:34:43.046  INFO 151 --- [           main] o.a.c.c.C.[.[.[/SpringRestApiDemo]       : Initializing Spring embedded WebApplicationContext
2020-09-29 21:34:43.047  INFO 151 --- [           main] w.s.c.ServletWebServerApplicationContext : Root WebApplicationContext: initialization completed in 35533 ms
2020-09-29 21:34:46.907  INFO 151 --- [           main] o.s.s.concurrent.ThreadPoolTaskExecutor  : Initializing ExecutorService 'applicationTaskExecutor'
2020-09-29 21:34:47.095  INFO 151 --- [           main] com.zaxxer.hikari.HikariDataSource       : HikariPool-1 - Starting...
2020-09-29 21:34:51.634  INFO 151 --- [           main] com.zaxxer.hikari.HikariDataSource       : HikariPool-1 - Start completed.
2020-09-29 21:34:52.732  INFO 151 --- [         task-1] o.hibernate.jpa.internal.util.LogHelper  : HHH000204: Processing PersistenceUnitInfo [name: default]
2020-09-29 21:34:54.669  INFO 151 --- [         task-1] org.hibernate.Version                    : HHH000412: Hibernate ORM core version 5.4.20.Final
2020-09-29 21:34:57.157  WARN 151 --- [           main] JpaBaseConfiguration$JpaWebConfiguration : spring.jpa.open-in-view is enabled by default. Therefore, database queries may be performed during view rendering. Explicitly configure spring.jpa.open-in-view to disable this warning
2020-09-29 21:34:57.372  INFO 151 --- [         task-1] o.hibernate.annotations.common.Version   : HCANN000001: Hibernate Commons Annotations {5.1.0.Final}
2020-09-29 21:35:00.728  INFO 151 --- [         task-1] org.hibernate.dialect.Dialect            : HHH000400: Using dialect: org.hibernate.dialect.MySQL57Dialect
2020-09-29 21:35:01.069  INFO 151 --- [           main] o.s.b.a.e.web.EndpointLinksResolver      : Exposing 16 endpoint(s) beneath base path '/actuator'
2020-09-29 21:35:02.429  INFO 151 --- [           main] pertySourcedRequestMappingHandlerMapping : Mapped URL path [/v2/api-docs] onto method [springfox.documentation.swagger2.web.Swagger2Controller#getDocumentation(String, HttpServletRequest)]
2020-09-29 21:35:06.688  INFO 151 --- [         task-1] o.h.e.t.j.p.i.JtaPlatformInitiator       : HHH000490: Using JtaPlatform implementation: [org.hibernate.engine.transaction.jta.platform.internal.NoJtaPlatform]
2020-09-29 21:35:06.725  INFO 151 --- [         task-1] j.LocalContainerEntityManagerFactoryBean : Initialized JPA EntityManagerFactory for persistence unit 'default'
2020-09-29 21:35:07.957  INFO 151 --- [           main] o.s.b.w.embedded.tomcat.TomcatWebServer  : Tomcat started on port(s): 8182 (http) with context path '/SpringRestApiDemo'
2020-09-29 21:35:07.961  INFO 151 --- [           main] d.s.w.p.DocumentationPluginsBootstrapper : Context refreshed
2020-09-29 21:35:08.065  INFO 151 --- [           main] d.s.w.p.DocumentationPluginsBootstrapper : Found 1 custom documentation plugin(s)
2020-09-29 21:35:08.447  INFO 151 --- [           main] s.d.s.w.s.ApiListingReferenceScanner     : Scanning for api listing references
2020-09-29 21:35:09.215  INFO 151 --- [           main] DeferredRepositoryInitializationListener : Triggering deferred initialization of Spring Data repositories…
2020-09-29 21:35:11.780  INFO 151 --- [           main] DeferredRepositoryInitializationListener : Spring Data repositories initialized!
2020-09-29 21:35:11.864  INFO 151 --- [           main] com.grippaweb.ServletApplication         : Started ServletApplication in 74.549 seconds (JVM running for 78.043)
2020-09-29 21:37:04.372  INFO 151 --- [nio-8182-exec-1] o.a.c.c.C.[.[.[/SpringRestApiDemo]       : Initializing Spring DispatcherServlet 'dispatcherServlet'
2020-09-29 21:37:04.373  INFO 151 --- [nio-8182-exec-1] o.s.web.servlet.DispatcherServlet        : Initializing Servlet 'dispatcherServlet'
2020-09-29 21:37:04.439  INFO 151 --- [nio-8182-exec-1] o.s.web.servlet.DispatcherServlet        : Completed initialization in 66 ms
2020-09-29 21:37:04.709  INFO 151 --- [nio-8182-exec-1] c.g.controllers.ContentDemoController    : calling: /test/ 1
