31-Jul-2020 14:38:23.357 INFO [main] org.apache.catalina.startup.VersionLoggerListener.log Server version name:   Apache Tomcat/8.5.57
31-Jul-2020 14:38:23.392 INFO [main] org.apache.catalina.startup.VersionLoggerListener.log Server built:          Jun 30 2020 21:49:10 UTC
31-Jul-2020 14:38:23.393 INFO [main] org.apache.catalina.startup.VersionLoggerListener.log Server version number: 8.5.57.0
31-Jul-2020 14:38:23.393 INFO [main] org.apache.catalina.startup.VersionLoggerListener.log OS Name:               Linux
31-Jul-2020 14:38:23.393 INFO [main] org.apache.catalina.startup.VersionLoggerListener.log OS Version:            4.19.76-linuxkit
31-Jul-2020 14:38:23.393 INFO [main] org.apache.catalina.startup.VersionLoggerListener.log Architecture:          amd64
31-Jul-2020 14:38:23.394 INFO [main] org.apache.catalina.startup.VersionLoggerListener.log Java Home:             /usr/local/openjdk-11
31-Jul-2020 14:38:23.394 INFO [main] org.apache.catalina.startup.VersionLoggerListener.log JVM Version:           11.0.8+10
31-Jul-2020 14:38:23.394 INFO [main] org.apache.catalina.startup.VersionLoggerListener.log JVM Vendor:            Oracle Corporation
31-Jul-2020 14:38:23.394 INFO [main] org.apache.catalina.startup.VersionLoggerListener.log CATALINA_BASE:         /opt/tomcat
31-Jul-2020 14:38:23.394 INFO [main] org.apache.catalina.startup.VersionLoggerListener.log CATALINA_HOME:         /opt/tomcat
31-Jul-2020 14:38:23.397 INFO [main] org.apache.catalina.startup.VersionLoggerListener.log Command line argument: --add-opens=java.base/java.lang=ALL-UNNAMED
31-Jul-2020 14:38:23.397 INFO [main] org.apache.catalina.startup.VersionLoggerListener.log Command line argument: --add-opens=java.base/java.io=ALL-UNNAMED
31-Jul-2020 14:38:23.397 INFO [main] org.apache.catalina.startup.VersionLoggerListener.log Command line argument: --add-opens=java.rmi/sun.rmi.transport=ALL-UNNAMED
31-Jul-2020 14:38:23.398 INFO [main] org.apache.catalina.startup.VersionLoggerListener.log Command line argument: -Djava.util.logging.config.file=/opt/tomcat/conf/logging.properties
31-Jul-2020 14:38:23.398 INFO [main] org.apache.catalina.startup.VersionLoggerListener.log Command line argument: -Djava.util.logging.manager=org.apache.juli.ClassLoaderLogManager
31-Jul-2020 14:38:23.398 INFO [main] org.apache.catalina.startup.VersionLoggerListener.log Command line argument: -Djdk.tls.ephemeralDHKeySize=2048
31-Jul-2020 14:38:23.398 INFO [main] org.apache.catalina.startup.VersionLoggerListener.log Command line argument: -Djava.protocol.handler.pkgs=org.apache.catalina.webresources
31-Jul-2020 14:38:23.398 INFO [main] org.apache.catalina.startup.VersionLoggerListener.log Command line argument: -Dorg.apache.catalina.security.SecurityListener.UMASK=0027
31-Jul-2020 14:38:23.399 INFO [main] org.apache.catalina.startup.VersionLoggerListener.log Command line argument: -Dignore.endorsed.dirs=
31-Jul-2020 14:38:23.399 INFO [main] org.apache.catalina.startup.VersionLoggerListener.log Command line argument: -Dcatalina.base=/opt/tomcat
31-Jul-2020 14:38:23.407 INFO [main] org.apache.catalina.startup.VersionLoggerListener.log Command line argument: -Dcatalina.home=/opt/tomcat
31-Jul-2020 14:38:23.408 INFO [main] org.apache.catalina.startup.VersionLoggerListener.log Command line argument: -Djava.io.tmpdir=/opt/tomcat/temp
31-Jul-2020 14:38:23.411 INFO [main] org.apache.catalina.core.AprLifecycleListener.lifecycleEvent The Apache Tomcat Native library which allows using OpenSSL was not found on the java.library.path: [/usr/java/packages/lib:/usr/lib64:/lib64:/lib:/usr/lib]
31-Jul-2020 14:38:23.709 INFO [main] org.apache.coyote.AbstractProtocol.init Initializing ProtocolHandler ["http-nio-8080"]
31-Jul-2020 14:38:23.775 INFO [main] org.apache.tomcat.util.net.NioSelectorPool.getSharedSelector Using a shared selector for servlet write/read
31-Jul-2020 14:38:23.932 INFO [main] org.apache.catalina.startup.Catalina.load Initialization processed in 3111 ms
31-Jul-2020 14:38:24.239 INFO [main] org.apache.catalina.core.StandardService.startInternal Starting service [Catalina]
31-Jul-2020 14:38:24.240 INFO [main] org.apache.catalina.core.StandardEngine.startInternal Starting Servlet Engine: Apache Tomcat/8.5.57
31-Jul-2020 14:38:24.445 INFO [localhost-startStop-1] org.apache.catalina.startup.HostConfig.deployWAR Deploying web application archive [/opt/tomcat/webapps/SpringRestApiDemo.war]
31-Jul-2020 14:38:24.622 INFO [localhost-startStop-1] org.apache.catalina.startup.ExpandWar.expand An expanded directory [/opt/tomcat/webapps/SpringRestApiDemo] was found with a last modified time that did not match the associated WAR. It will be deleted.
31-Jul-2020 14:39:26.317 SEVERE [localhost-startStop-1] org.apache.catalina.startup.ContextConfig.beforeStart Exception fixing docBase for context [/SpringRestApiDemo]
	java.util.zip.ZipException: invalid distance code
		at java.base/java.util.zip.InflaterInputStream.read(InflaterInputStream.java:165)
		at java.base/java.io.FilterInputStream.read(FilterInputStream.java:107)
		at org.apache.catalina.startup.ExpandWar.expand(ExpandWar.java:395)
		at org.apache.catalina.startup.ExpandWar.expand(ExpandWar.java:166)
		at org.apache.catalina.startup.ContextConfig.fixDocBase(ContextConfig.java:616)
		at org.apache.catalina.startup.ContextConfig.beforeStart(ContextConfig.java:752)
		at org.apache.catalina.startup.ContextConfig.lifecycleEvent(ContextConfig.java:301)
		at org.apache.catalina.util.LifecycleBase.fireLifecycleEvent(LifecycleBase.java:123)
		at org.apache.catalina.util.LifecycleBase.setStateInternal(LifecycleBase.java:423)
		at org.apache.catalina.util.LifecycleBase.start(LifecycleBase.java:182)
		at org.apache.catalina.core.ContainerBase.addChildInternal(ContainerBase.java:743)
		at org.apache.catalina.core.ContainerBase.addChild(ContainerBase.java:719)
		at org.apache.catalina.core.StandardHost.addChild(StandardHost.java:705)
		at org.apache.catalina.startup.HostConfig.deployWAR(HostConfig.java:970)
		at org.apache.catalina.startup.HostConfig$DeployWar.run(HostConfig.java:1840)
		at java.base/java.util.concurrent.Executors$RunnableAdapter.call(Executors.java:515)
		at java.base/java.util.concurrent.FutureTask.run(FutureTask.java:264)
		at java.base/java.util.concurrent.ThreadPoolExecutor.runWorker(ThreadPoolExecutor.java:1128)
		at java.base/java.util.concurrent.ThreadPoolExecutor$Worker.run(ThreadPoolExecutor.java:628)
		at java.base/java.lang.Thread.run(Thread.java:834)
31-Jul-2020 14:41:16.397 INFO [main] org.apache.catalina.startup.VersionLoggerListener.log Server version name:   Apache Tomcat/8.5.57
31-Jul-2020 14:41:16.412 INFO [main] org.apache.catalina.startup.VersionLoggerListener.log Server built:          Jun 30 2020 21:49:10 UTC
31-Jul-2020 14:41:16.413 INFO [main] org.apache.catalina.startup.VersionLoggerListener.log Server version number: 8.5.57.0
31-Jul-2020 14:41:16.418 INFO [main] org.apache.catalina.startup.VersionLoggerListener.log OS Name:               Linux
31-Jul-2020 14:41:16.419 INFO [main] org.apache.catalina.startup.VersionLoggerListener.log OS Version:            4.19.76-linuxkit
31-Jul-2020 14:41:16.420 INFO [main] org.apache.catalina.startup.VersionLoggerListener.log Architecture:          amd64
31-Jul-2020 14:41:16.421 INFO [main] org.apache.catalina.startup.VersionLoggerListener.log Java Home:             /usr/local/openjdk-11
31-Jul-2020 14:41:16.422 INFO [main] org.apache.catalina.startup.VersionLoggerListener.log JVM Version:           11.0.8+10
31-Jul-2020 14:41:16.422 INFO [main] org.apache.catalina.startup.VersionLoggerListener.log JVM Vendor:            Oracle Corporation
31-Jul-2020 14:41:16.423 INFO [main] org.apache.catalina.startup.VersionLoggerListener.log CATALINA_BASE:         /opt/tomcat
31-Jul-2020 14:41:16.425 INFO [main] org.apache.catalina.startup.VersionLoggerListener.log CATALINA_HOME:         /opt/tomcat
31-Jul-2020 14:41:16.426 INFO [main] org.apache.catalina.startup.VersionLoggerListener.log Command line argument: --add-opens=java.base/java.lang=ALL-UNNAMED
31-Jul-2020 14:41:16.426 INFO [main] org.apache.catalina.startup.VersionLoggerListener.log Command line argument: --add-opens=java.base/java.io=ALL-UNNAMED
31-Jul-2020 14:41:16.427 INFO [main] org.apache.catalina.startup.VersionLoggerListener.log Command line argument: --add-opens=java.rmi/sun.rmi.transport=ALL-UNNAMED
31-Jul-2020 14:41:16.428 INFO [main] org.apache.catalina.startup.VersionLoggerListener.log Command line argument: -Djava.util.logging.config.file=/opt/tomcat/conf/logging.properties
31-Jul-2020 14:41:16.431 INFO [main] org.apache.catalina.startup.VersionLoggerListener.log Command line argument: -Djava.util.logging.manager=org.apache.juli.ClassLoaderLogManager
31-Jul-2020 14:41:16.434 INFO [main] org.apache.catalina.startup.VersionLoggerListener.log Command line argument: -Djdk.tls.ephemeralDHKeySize=2048
31-Jul-2020 14:41:16.435 INFO [main] org.apache.catalina.startup.VersionLoggerListener.log Command line argument: -Djava.protocol.handler.pkgs=org.apache.catalina.webresources
31-Jul-2020 14:41:16.436 INFO [main] org.apache.catalina.startup.VersionLoggerListener.log Command line argument: -Dorg.apache.catalina.security.SecurityListener.UMASK=0027
31-Jul-2020 14:41:16.436 INFO [main] org.apache.catalina.startup.VersionLoggerListener.log Command line argument: -Dignore.endorsed.dirs=
31-Jul-2020 14:41:16.437 INFO [main] org.apache.catalina.startup.VersionLoggerListener.log Command line argument: -Dcatalina.base=/opt/tomcat
31-Jul-2020 14:41:16.438 INFO [main] org.apache.catalina.startup.VersionLoggerListener.log Command line argument: -Dcatalina.home=/opt/tomcat
31-Jul-2020 14:41:16.438 INFO [main] org.apache.catalina.startup.VersionLoggerListener.log Command line argument: -Djava.io.tmpdir=/opt/tomcat/temp
31-Jul-2020 14:41:16.439 INFO [main] org.apache.catalina.core.AprLifecycleListener.lifecycleEvent The Apache Tomcat Native library which allows using OpenSSL was not found on the java.library.path: [/usr/java/packages/lib:/usr/lib64:/lib64:/lib:/usr/lib]
31-Jul-2020 14:41:16.652 INFO [main] org.apache.coyote.AbstractProtocol.init Initializing ProtocolHandler ["http-nio-8080"]
31-Jul-2020 14:41:16.712 INFO [main] org.apache.tomcat.util.net.NioSelectorPool.getSharedSelector Using a shared selector for servlet write/read
31-Jul-2020 14:41:16.783 INFO [main] org.apache.catalina.startup.Catalina.load Initialization processed in 1758 ms
31-Jul-2020 14:41:16.958 INFO [main] org.apache.catalina.core.StandardService.startInternal Starting service [Catalina]
31-Jul-2020 14:41:16.961 INFO [main] org.apache.catalina.core.StandardEngine.startInternal Starting Servlet Engine: Apache Tomcat/8.5.57
31-Jul-2020 14:41:17.097 INFO [localhost-startStop-1] org.apache.catalina.startup.HostConfig.deployWAR Deploying web application archive [/opt/tomcat/webapps/SpringRestApiDemo.war]
31-Jul-2020 14:42:33.116 INFO [localhost-startStop-1] org.apache.jasper.servlet.TldScanner.scanJars At least one JAR was scanned for TLDs yet contained no TLDs. Enable debug logging for this logger for a complete list of JARs that were scanned but no TLDs were found in them. Skipping unneeded JARs during scanning can improve startup time and JSP compilation time.
31-Jul-2020 14:43:43.903 INFO [localhost-startStop-1] org.apache.catalina.startup.HostConfig.deployWAR Deployment of web application archive [/opt/tomcat/webapps/SpringRestApiDemo.war] has finished in [146,804] ms
31-Jul-2020 14:43:43.921 INFO [main] org.apache.coyote.AbstractProtocol.start Starting ProtocolHandler ["http-nio-8080"]
31-Jul-2020 14:43:43.956 INFO [main] org.apache.catalina.startup.Catalina.start Server startup in 147169 ms
31-Jul-2020 14:52:08.289 INFO [main] org.apache.catalina.startup.VersionLoggerListener.log Server version name:   Apache Tomcat/8.5.57
31-Jul-2020 14:52:08.297 INFO [main] org.apache.catalina.startup.VersionLoggerListener.log Server built:          Jun 30 2020 21:49:10 UTC
31-Jul-2020 14:52:08.298 INFO [main] org.apache.catalina.startup.VersionLoggerListener.log Server version number: 8.5.57.0
31-Jul-2020 14:52:08.299 INFO [main] org.apache.catalina.startup.VersionLoggerListener.log OS Name:               Linux
31-Jul-2020 14:52:08.300 INFO [main] org.apache.catalina.startup.VersionLoggerListener.log OS Version:            4.19.76-linuxkit
31-Jul-2020 14:52:08.302 INFO [main] org.apache.catalina.startup.VersionLoggerListener.log Architecture:          amd64
31-Jul-2020 14:52:08.311 INFO [main] org.apache.catalina.startup.VersionLoggerListener.log Java Home:             /usr/local/openjdk-11
31-Jul-2020 14:52:08.312 INFO [main] org.apache.catalina.startup.VersionLoggerListener.log JVM Version:           11.0.8+10
31-Jul-2020 14:52:08.313 INFO [main] org.apache.catalina.startup.VersionLoggerListener.log JVM Vendor:            Oracle Corporation
31-Jul-2020 14:52:08.314 INFO [main] org.apache.catalina.startup.VersionLoggerListener.log CATALINA_BASE:         /opt/tomcat
31-Jul-2020 14:52:08.314 INFO [main] org.apache.catalina.startup.VersionLoggerListener.log CATALINA_HOME:         /opt/tomcat
31-Jul-2020 14:52:08.315 INFO [main] org.apache.catalina.startup.VersionLoggerListener.log Command line argument: --add-opens=java.base/java.lang=ALL-UNNAMED
31-Jul-2020 14:52:08.321 INFO [main] org.apache.catalina.startup.VersionLoggerListener.log Command line argument: --add-opens=java.base/java.io=ALL-UNNAMED
31-Jul-2020 14:52:08.329 INFO [main] org.apache.catalina.startup.VersionLoggerListener.log Command line argument: --add-opens=java.rmi/sun.rmi.transport=ALL-UNNAMED
31-Jul-2020 14:52:08.330 INFO [main] org.apache.catalina.startup.VersionLoggerListener.log Command line argument: -Djava.util.logging.config.file=/opt/tomcat/conf/logging.properties
31-Jul-2020 14:52:08.331 INFO [main] org.apache.catalina.startup.VersionLoggerListener.log Command line argument: -Djava.util.logging.manager=org.apache.juli.ClassLoaderLogManager
31-Jul-2020 14:52:08.331 INFO [main] org.apache.catalina.startup.VersionLoggerListener.log Command line argument: -Djdk.tls.ephemeralDHKeySize=2048
31-Jul-2020 14:52:08.332 INFO [main] org.apache.catalina.startup.VersionLoggerListener.log Command line argument: -Djava.protocol.handler.pkgs=org.apache.catalina.webresources
31-Jul-2020 14:52:08.340 INFO [main] org.apache.catalina.startup.VersionLoggerListener.log Command line argument: -Dorg.apache.catalina.security.SecurityListener.UMASK=0027
31-Jul-2020 14:52:08.345 INFO [main] org.apache.catalina.startup.VersionLoggerListener.log Command line argument: -Dignore.endorsed.dirs=
31-Jul-2020 14:52:08.346 INFO [main] org.apache.catalina.startup.VersionLoggerListener.log Command line argument: -Dcatalina.base=/opt/tomcat
31-Jul-2020 14:52:08.346 INFO [main] org.apache.catalina.startup.VersionLoggerListener.log Command line argument: -Dcatalina.home=/opt/tomcat
31-Jul-2020 14:52:08.347 INFO [main] org.apache.catalina.startup.VersionLoggerListener.log Command line argument: -Djava.io.tmpdir=/opt/tomcat/temp
31-Jul-2020 14:52:08.348 INFO [main] org.apache.catalina.core.AprLifecycleListener.lifecycleEvent The Apache Tomcat Native library which allows using OpenSSL was not found on the java.library.path: [/usr/java/packages/lib:/usr/lib64:/lib64:/lib:/usr/lib]
31-Jul-2020 14:52:08.537 INFO [main] org.apache.coyote.AbstractProtocol.init Initializing ProtocolHandler ["http-nio-8080"]
31-Jul-2020 14:52:08.597 INFO [main] org.apache.tomcat.util.net.NioSelectorPool.getSharedSelector Using a shared selector for servlet write/read
31-Jul-2020 14:52:08.668 INFO [main] org.apache.catalina.startup.Catalina.load Initialization processed in 2079 ms
31-Jul-2020 14:52:08.857 INFO [main] org.apache.catalina.core.StandardService.startInternal Starting service [Catalina]
31-Jul-2020 14:52:08.858 INFO [main] org.apache.catalina.core.StandardEngine.startInternal Starting Servlet Engine: Apache Tomcat/8.5.57
31-Jul-2020 14:52:08.966 INFO [localhost-startStop-1] org.apache.catalina.startup.HostConfig.deployWAR Deploying web application archive [/opt/tomcat/webapps/SpringRestApiDemo.war]
31-Jul-2020 14:52:09.070 INFO [localhost-startStop-1] org.apache.catalina.startup.ExpandWar.expand An expanded directory [/opt/tomcat/webapps/SpringRestApiDemo] was found with a last modified time that did not match the associated WAR. It will be deleted.
31-Jul-2020 14:53:46.155 INFO [localhost-startStop-1] org.apache.jasper.servlet.TldScanner.scanJars At least one JAR was scanned for TLDs yet contained no TLDs. Enable debug logging for this logger for a complete list of JARs that were scanned but no TLDs were found in them. Skipping unneeded JARs during scanning can improve startup time and JSP compilation time.
31-Jul-2020 14:55:04.125 INFO [localhost-startStop-1] org.apache.catalina.startup.HostConfig.deployWAR Deployment of web application archive [/opt/tomcat/webapps/SpringRestApiDemo.war] has finished in [175,157] ms
31-Jul-2020 14:55:04.144 INFO [main] org.apache.coyote.AbstractProtocol.start Starting ProtocolHandler ["http-nio-8080"]
31-Jul-2020 14:55:04.308 INFO [main] org.apache.catalina.startup.Catalina.start Server startup in 175639 ms
31-Jul-2020 14:59:04.414 INFO [ContainerBackgroundProcessor[StandardEngine[Catalina]]] org.apache.catalina.startup.HostConfig.undeploy Undeploying context [/SpringRestApiDemo]
31-Jul-2020 14:59:10.226 INFO [localhost-startStop-2] org.apache.catalina.startup.HostConfig.deployWAR Deploying web application archive [/opt/tomcat/webapps/SpringRestApiDemo.war]
31-Jul-2020 15:00:10.723 INFO [localhost-startStop-2] org.apache.jasper.servlet.TldScanner.scanJars At least one JAR was scanned for TLDs yet contained no TLDs. Enable debug logging for this logger for a complete list of JARs that were scanned but no TLDs were found in them. Skipping unneeded JARs during scanning can improve startup time and JSP compilation time.
31-Jul-2020 15:01:19.430 INFO [localhost-startStop-2] org.apache.catalina.startup.HostConfig.deployWAR Deployment of web application archive [/opt/tomcat/webapps/SpringRestApiDemo.war] has finished in [129,204] ms
31-Jul-2020 15:05:02.123 INFO [Thread-3] org.apache.coyote.AbstractProtocol.pause Pausing ProtocolHandler ["http-nio-8080"]
31-Jul-2020 15:05:02.125 INFO [Thread-3] org.apache.catalina.core.StandardService.stopInternal Stopping service [Catalina]
31-Jul-2020 15:11:41.238 INFO [main] org.apache.catalina.startup.VersionLoggerListener.log Server version name:   Apache Tomcat/8.5.57
31-Jul-2020 15:11:41.254 INFO [main] org.apache.catalina.startup.VersionLoggerListener.log Server built:          Jun 30 2020 21:49:10 UTC
31-Jul-2020 15:11:41.255 INFO [main] org.apache.catalina.startup.VersionLoggerListener.log Server version number: 8.5.57.0
31-Jul-2020 15:11:41.256 INFO [main] org.apache.catalina.startup.VersionLoggerListener.log OS Name:               Linux
31-Jul-2020 15:11:41.260 INFO [main] org.apache.catalina.startup.VersionLoggerListener.log OS Version:            4.19.76-linuxkit
31-Jul-2020 15:11:41.263 INFO [main] org.apache.catalina.startup.VersionLoggerListener.log Architecture:          amd64
31-Jul-2020 15:11:41.265 INFO [main] org.apache.catalina.startup.VersionLoggerListener.log Java Home:             /usr/local/openjdk-11
31-Jul-2020 15:11:41.271 INFO [main] org.apache.catalina.startup.VersionLoggerListener.log JVM Version:           11.0.8+10
31-Jul-2020 15:11:41.272 INFO [main] org.apache.catalina.startup.VersionLoggerListener.log JVM Vendor:            Oracle Corporation
31-Jul-2020 15:11:41.273 INFO [main] org.apache.catalina.startup.VersionLoggerListener.log CATALINA_BASE:         /opt/tomcat
31-Jul-2020 15:11:41.274 INFO [main] org.apache.catalina.startup.VersionLoggerListener.log CATALINA_HOME:         /opt/tomcat
31-Jul-2020 15:11:41.276 INFO [main] org.apache.catalina.startup.VersionLoggerListener.log Command line argument: --add-opens=java.base/java.lang=ALL-UNNAMED
31-Jul-2020 15:11:41.279 INFO [main] org.apache.catalina.startup.VersionLoggerListener.log Command line argument: --add-opens=java.base/java.io=ALL-UNNAMED
31-Jul-2020 15:11:41.280 INFO [main] org.apache.catalina.startup.VersionLoggerListener.log Command line argument: --add-opens=java.rmi/sun.rmi.transport=ALL-UNNAMED
31-Jul-2020 15:11:41.282 INFO [main] org.apache.catalina.startup.VersionLoggerListener.log Command line argument: -Djava.util.logging.config.file=/opt/tomcat/conf/logging.properties
31-Jul-2020 15:11:41.284 INFO [main] org.apache.catalina.startup.VersionLoggerListener.log Command line argument: -Djava.util.logging.manager=org.apache.juli.ClassLoaderLogManager
31-Jul-2020 15:11:41.287 INFO [main] org.apache.catalina.startup.VersionLoggerListener.log Command line argument: -Djdk.tls.ephemeralDHKeySize=2048
31-Jul-2020 15:11:41.289 INFO [main] org.apache.catalina.startup.VersionLoggerListener.log Command line argument: -Djava.protocol.handler.pkgs=org.apache.catalina.webresources
31-Jul-2020 15:11:41.291 INFO [main] org.apache.catalina.startup.VersionLoggerListener.log Command line argument: -Dorg.apache.catalina.security.SecurityListener.UMASK=0027
31-Jul-2020 15:11:41.291 INFO [main] org.apache.catalina.startup.VersionLoggerListener.log Command line argument: -Dignore.endorsed.dirs=
31-Jul-2020 15:11:41.292 INFO [main] org.apache.catalina.startup.VersionLoggerListener.log Command line argument: -Dcatalina.base=/opt/tomcat
31-Jul-2020 15:11:41.292 INFO [main] org.apache.catalina.startup.VersionLoggerListener.log Command line argument: -Dcatalina.home=/opt/tomcat
31-Jul-2020 15:11:41.293 INFO [main] org.apache.catalina.startup.VersionLoggerListener.log Command line argument: -Djava.io.tmpdir=/opt/tomcat/temp
31-Jul-2020 15:11:41.294 INFO [main] org.apache.catalina.core.AprLifecycleListener.lifecycleEvent The Apache Tomcat Native library which allows using OpenSSL was not found on the java.library.path: [/usr/java/packages/lib:/usr/lib64:/lib64:/lib:/usr/lib]
31-Jul-2020 15:11:41.437 INFO [main] org.apache.coyote.AbstractProtocol.init Initializing ProtocolHandler ["http-nio-8080"]
31-Jul-2020 15:11:41.470 INFO [main] org.apache.tomcat.util.net.NioSelectorPool.getSharedSelector Using a shared selector for servlet write/read
31-Jul-2020 15:11:41.509 INFO [main] org.apache.catalina.startup.Catalina.load Initialization processed in 2360 ms
31-Jul-2020 15:11:41.705 INFO [main] org.apache.catalina.core.StandardService.startInternal Starting service [Catalina]
31-Jul-2020 15:11:41.708 INFO [main] org.apache.catalina.core.StandardEngine.startInternal Starting Servlet Engine: Apache Tomcat/8.5.57
31-Jul-2020 15:11:41.813 INFO [localhost-startStop-1] org.apache.catalina.startup.HostConfig.deployWAR Deploying web application archive [/opt/tomcat/webapps/SpringRestApiDemo.war]
31-Jul-2020 15:12:11.894 INFO [localhost-startStop-1] org.apache.jasper.servlet.TldScanner.scanJars At least one JAR was scanned for TLDs yet contained no TLDs. Enable debug logging for this logger for a complete list of JARs that were scanned but no TLDs were found in them. Skipping unneeded JARs during scanning can improve startup time and JSP compilation time.
31-Jul-2020 15:13:20.662 INFO [localhost-startStop-1] org.apache.catalina.startup.HostConfig.deployWAR Deployment of web application archive [/opt/tomcat/webapps/SpringRestApiDemo.war] has finished in [98,847] ms
31-Jul-2020 15:13:20.677 INFO [main] org.apache.coyote.AbstractProtocol.start Starting ProtocolHandler ["http-nio-8080"]
31-Jul-2020 15:13:20.717 INFO [main] org.apache.catalina.startup.Catalina.start Server startup in 99207 ms
31-Jul-2020 15:20:31.004 INFO [ContainerBackgroundProcessor[StandardEngine[Catalina]]] org.apache.catalina.startup.HostConfig.undeploy Undeploying context [/SpringRestApiDemo]
31-Jul-2020 15:20:32.053 INFO [localhost-startStop-2] org.apache.catalina.startup.HostConfig.deployWAR Deploying web application archive [/opt/tomcat/webapps/SpringRestApiDemo.war]
31-Jul-2020 15:21:36.851 INFO [localhost-startStop-2] org.apache.jasper.servlet.TldScanner.scanJars At least one JAR was scanned for TLDs yet contained no TLDs. Enable debug logging for this logger for a complete list of JARs that were scanned but no TLDs were found in them. Skipping unneeded JARs during scanning can improve startup time and JSP compilation time.
31-Jul-2020 15:22:42.152 INFO [localhost-startStop-2] org.apache.catalina.startup.HostConfig.deployWAR Deployment of web application archive [/opt/tomcat/webapps/SpringRestApiDemo.war] has finished in [130,098] ms
31-Jul-2020 15:26:32.328 INFO [ContainerBackgroundProcessor[StandardEngine[Catalina]]] org.apache.catalina.startup.HostConfig.undeploy Undeploying context [/SpringRestApiDemo]
31-Jul-2020 15:26:33.702 INFO [localhost-startStop-3] org.apache.catalina.startup.HostConfig.deployWAR Deploying web application archive [/opt/tomcat/webapps/SpringRestApiDemo.war]
31-Jul-2020 15:26:35.609 SEVERE [localhost-startStop-3] org.apache.catalina.startup.ContextConfig.beforeStart Exception fixing docBase for context [/SpringRestApiDemo]
	java.io.IOException: Unable to set the last modified time for [/opt/tomcat/webapps/SpringRestApiDemo/WEB-INF/classes/dao/IUserRepository.class]
		at org.apache.catalina.startup.ExpandWar.expand(ExpandWar.java:170)
		at org.apache.catalina.startup.ContextConfig.fixDocBase(ContextConfig.java:616)
		at org.apache.catalina.startup.ContextConfig.beforeStart(ContextConfig.java:752)
		at org.apache.catalina.startup.ContextConfig.lifecycleEvent(ContextConfig.java:301)
		at org.apache.catalina.util.LifecycleBase.fireLifecycleEvent(LifecycleBase.java:123)
		at org.apache.catalina.util.LifecycleBase.setStateInternal(LifecycleBase.java:423)
		at org.apache.catalina.util.LifecycleBase.start(LifecycleBase.java:182)
		at org.apache.catalina.core.ContainerBase.addChildInternal(ContainerBase.java:743)
		at org.apache.catalina.core.ContainerBase.addChild(ContainerBase.java:719)
		at org.apache.catalina.core.StandardHost.addChild(StandardHost.java:705)
		at org.apache.catalina.startup.HostConfig.deployWAR(HostConfig.java:970)
		at org.apache.catalina.startup.HostConfig$DeployWar.run(HostConfig.java:1840)
		at java.base/java.util.concurrent.Executors$RunnableAdapter.call(Executors.java:515)
		at java.base/java.util.concurrent.FutureTask.run(FutureTask.java:264)
		at java.base/java.util.concurrent.ThreadPoolExecutor.runWorker(ThreadPoolExecutor.java:1128)
		at java.base/java.util.concurrent.ThreadPoolExecutor$Worker.run(ThreadPoolExecutor.java:628)
		at java.base/java.lang.Thread.run(Thread.java:834)
31-Jul-2020 15:28:31.242 INFO [localhost-startStop-3] org.apache.jasper.servlet.TldScanner.scanJars At least one JAR was scanned for TLDs yet contained no TLDs. Enable debug logging for this logger for a complete list of JARs that were scanned but no TLDs were found in them. Skipping unneeded JARs during scanning can improve startup time and JSP compilation time.
31-Jul-2020 15:31:18.918 SEVERE [localhost-startStop-3] org.apache.catalina.core.StandardContext.startInternal One or more listeners failed to start. Full details will be found in the appropriate container log file
31-Jul-2020 15:31:18.921 SEVERE [localhost-startStop-3] org.apache.catalina.core.StandardContext.startInternal Context [/SpringRestApiDemo] startup failed due to previous errors
31-Jul-2020 15:31:21.616 INFO [localhost-startStop-3] org.apache.catalina.startup.HostConfig.deployWAR Deployment of web application archive [/opt/tomcat/webapps/SpringRestApiDemo.war] has finished in [287,913] ms
31-Jul-2020 15:31:31.622 INFO [ContainerBackgroundProcessor[StandardEngine[Catalina]]] org.apache.catalina.startup.HostConfig.undeploy Undeploying context [/SpringRestApiDemo]
31-Jul-2020 15:31:31.644 INFO [localhost-startStop-4] org.apache.catalina.startup.HostConfig.deployWAR Deploying web application archive [/opt/tomcat/webapps/SpringRestApiDemo.war]
31-Jul-2020 15:32:56.500 INFO [localhost-startStop-4] org.apache.jasper.servlet.TldScanner.scanJars At least one JAR was scanned for TLDs yet contained no TLDs. Enable debug logging for this logger for a complete list of JARs that were scanned but no TLDs were found in them. Skipping unneeded JARs during scanning can improve startup time and JSP compilation time.
31-Jul-2020 15:34:06.339 INFO [localhost-startStop-4] org.apache.catalina.startup.HostConfig.deployWAR Deployment of web application archive [/opt/tomcat/webapps/SpringRestApiDemo.war] has finished in [154,695] ms
31-Jul-2020 15:34:16.348 INFO [ContainerBackgroundProcessor[StandardEngine[Catalina]]] org.apache.catalina.startup.HostConfig.undeploy Undeploying context [/SpringRestApiDemo]
31-Jul-2020 15:34:17.422 INFO [localhost-startStop-5] org.apache.catalina.startup.HostConfig.deployWAR Deploying web application archive [/opt/tomcat/webapps/SpringRestApiDemo.war]
31-Jul-2020 15:35:18.949 INFO [localhost-startStop-5] org.apache.jasper.servlet.TldScanner.scanJars At least one JAR was scanned for TLDs yet contained no TLDs. Enable debug logging for this logger for a complete list of JARs that were scanned but no TLDs were found in them. Skipping unneeded JARs during scanning can improve startup time and JSP compilation time.
31-Jul-2020 15:36:18.208 INFO [localhost-startStop-5] org.apache.catalina.startup.HostConfig.deployWAR Deployment of web application archive [/opt/tomcat/webapps/SpringRestApiDemo.war] has finished in [120,786] ms
31-Jul-2020 15:39:23.516 INFO [Thread-3] org.apache.coyote.AbstractProtocol.pause Pausing ProtocolHandler ["http-nio-8080"]
31-Jul-2020 15:39:23.518 INFO [Thread-3] org.apache.catalina.core.StandardService.stopInternal Stopping service [Catalina]
31-Jul-2020 15:39:23.996 INFO [Thread-3] org.apache.coyote.AbstractProtocol.stop Stopping ProtocolHandler ["http-nio-8080"]
31-Jul-2020 15:39:24.012 INFO [Thread-3] org.apache.coyote.AbstractProtocol.destroy Destroying ProtocolHandler ["http-nio-8080"]
