04-Aug-2020 10:45:10.818 INFO [main] org.apache.catalina.startup.VersionLoggerListener.log Server version name:   Apache Tomcat/8.5.57
04-Aug-2020 10:45:10.832 INFO [main] org.apache.catalina.startup.VersionLoggerListener.log Server built:          Jun 30 2020 21:49:10 UTC
04-Aug-2020 10:45:10.832 INFO [main] org.apache.catalina.startup.VersionLoggerListener.log Server version number: 8.5.57.0
04-Aug-2020 10:45:10.833 INFO [main] org.apache.catalina.startup.VersionLoggerListener.log OS Name:               Linux
04-Aug-2020 10:45:10.838 INFO [main] org.apache.catalina.startup.VersionLoggerListener.log OS Version:            4.19.76-linuxkit
04-Aug-2020 10:45:10.840 INFO [main] org.apache.catalina.startup.VersionLoggerListener.log Architecture:          amd64
04-Aug-2020 10:45:10.840 INFO [main] org.apache.catalina.startup.VersionLoggerListener.log Java Home:             /usr/local/openjdk-11
04-Aug-2020 10:45:10.844 INFO [main] org.apache.catalina.startup.VersionLoggerListener.log JVM Version:           11.0.8+10
04-Aug-2020 10:45:10.844 INFO [main] org.apache.catalina.startup.VersionLoggerListener.log JVM Vendor:            Oracle Corporation
04-Aug-2020 10:45:10.845 INFO [main] org.apache.catalina.startup.VersionLoggerListener.log CATALINA_BASE:         /opt/tomcat
04-Aug-2020 10:45:10.852 INFO [main] org.apache.catalina.startup.VersionLoggerListener.log CATALINA_HOME:         /opt/tomcat
04-Aug-2020 10:45:10.853 INFO [main] org.apache.catalina.startup.VersionLoggerListener.log Command line argument: --add-opens=java.base/java.lang=ALL-UNNAMED
04-Aug-2020 10:45:10.853 INFO [main] org.apache.catalina.startup.VersionLoggerListener.log Command line argument: --add-opens=java.base/java.io=ALL-UNNAMED
04-Aug-2020 10:45:10.856 INFO [main] org.apache.catalina.startup.VersionLoggerListener.log Command line argument: --add-opens=java.rmi/sun.rmi.transport=ALL-UNNAMED
04-Aug-2020 10:45:10.859 INFO [main] org.apache.catalina.startup.VersionLoggerListener.log Command line argument: -Djava.util.logging.config.file=/opt/tomcat/conf/logging.properties
04-Aug-2020 10:45:10.864 INFO [main] org.apache.catalina.startup.VersionLoggerListener.log Command line argument: -Djava.util.logging.manager=org.apache.juli.ClassLoaderLogManager
04-Aug-2020 10:45:10.865 INFO [main] org.apache.catalina.startup.VersionLoggerListener.log Command line argument: -Djdk.tls.ephemeralDHKeySize=2048
04-Aug-2020 10:45:10.866 INFO [main] org.apache.catalina.startup.VersionLoggerListener.log Command line argument: -Djava.protocol.handler.pkgs=org.apache.catalina.webresources
04-Aug-2020 10:45:10.869 INFO [main] org.apache.catalina.startup.VersionLoggerListener.log Command line argument: -Dorg.apache.catalina.security.SecurityListener.UMASK=0027
04-Aug-2020 10:45:10.870 INFO [main] org.apache.catalina.startup.VersionLoggerListener.log Command line argument: -agentlib:jdwp=transport=dt_socket,address=8787,server=y,suspend=n
04-Aug-2020 10:45:10.872 INFO [main] org.apache.catalina.startup.VersionLoggerListener.log Command line argument: -Dignore.endorsed.dirs=
04-Aug-2020 10:45:10.877 INFO [main] org.apache.catalina.startup.VersionLoggerListener.log Command line argument: -Dcatalina.base=/opt/tomcat
04-Aug-2020 10:45:10.880 INFO [main] org.apache.catalina.startup.VersionLoggerListener.log Command line argument: -Dcatalina.home=/opt/tomcat
04-Aug-2020 10:45:10.883 INFO [main] org.apache.catalina.startup.VersionLoggerListener.log Command line argument: -Djava.io.tmpdir=/opt/tomcat/temp
04-Aug-2020 10:45:10.885 INFO [main] org.apache.catalina.core.AprLifecycleListener.lifecycleEvent The Apache Tomcat Native library which allows using OpenSSL was not found on the java.library.path: [/usr/java/packages/lib:/usr/lib64:/lib64:/lib:/usr/lib]
04-Aug-2020 10:45:11.077 INFO [main] org.apache.coyote.AbstractProtocol.init Initializing ProtocolHandler ["http-nio-8080"]
04-Aug-2020 10:45:11.186 INFO [main] org.apache.tomcat.util.net.NioSelectorPool.getSharedSelector Using a shared selector for servlet write/read
04-Aug-2020 10:45:11.273 INFO [main] org.apache.catalina.startup.Catalina.load Initialization processed in 2216 ms
04-Aug-2020 10:45:11.473 INFO [main] org.apache.catalina.core.StandardService.startInternal Starting service [Catalina]
04-Aug-2020 10:45:11.474 INFO [main] org.apache.catalina.core.StandardEngine.startInternal Starting Servlet Engine: Apache Tomcat/8.5.57
04-Aug-2020 10:45:11.593 INFO [localhost-startStop-1] org.apache.catalina.startup.HostConfig.deployWAR Deploying web application archive [/opt/tomcat/webapps/SpringRestApiDemo.war]
04-Aug-2020 10:45:11.705 INFO [localhost-startStop-1] org.apache.catalina.startup.ExpandWar.expand An expanded directory [/opt/tomcat/webapps/SpringRestApiDemo] was found with a last modified time that did not match the associated WAR. It will be deleted.
04-Aug-2020 10:46:13.435 INFO [localhost-startStop-1] org.apache.jasper.servlet.TldScanner.scanJars At least one JAR was scanned for TLDs yet contained no TLDs. Enable debug logging for this logger for a complete list of JARs that were scanned but no TLDs were found in them. Skipping unneeded JARs during scanning can improve startup time and JSP compilation time.
04-Aug-2020 10:46:30.578 SEVERE [localhost-startStop-1] org.apache.catalina.core.StandardContext.startInternal One or more listeners failed to start. Full details will be found in the appropriate container log file
04-Aug-2020 10:46:30.596 SEVERE [localhost-startStop-1] org.apache.catalina.core.StandardContext.startInternal Context [/SpringRestApiDemo] startup failed due to previous errors
04-Aug-2020 10:46:30.848 INFO [localhost-startStop-1] org.apache.catalina.startup.HostConfig.deployWAR Deployment of web application archive [/opt/tomcat/webapps/SpringRestApiDemo.war] has finished in [79,254] ms
04-Aug-2020 10:46:30.856 INFO [main] org.apache.coyote.AbstractProtocol.start Starting ProtocolHandler ["http-nio-8080"]
04-Aug-2020 10:46:30.888 INFO [main] org.apache.catalina.startup.Catalina.start Server startup in 79613 ms
04-Aug-2020 10:46:46.949 INFO [Thread-3] org.apache.coyote.AbstractProtocol.pause Pausing ProtocolHandler ["http-nio-8080"]
04-Aug-2020 10:46:46.970 INFO [Thread-3] org.apache.catalina.core.StandardService.stopInternal Stopping service [Catalina]
04-Aug-2020 10:46:46.989 INFO [Thread-3] org.apache.coyote.AbstractProtocol.stop Stopping ProtocolHandler ["http-nio-8080"]
04-Aug-2020 10:46:46.994 INFO [Thread-3] org.apache.coyote.AbstractProtocol.destroy Destroying ProtocolHandler ["http-nio-8080"]
04-Aug-2020 12:59:09.997 INFO [main] org.apache.catalina.startup.VersionLoggerListener.log Server version name:   Apache Tomcat/8.5.57
04-Aug-2020 12:59:10.028 INFO [main] org.apache.catalina.startup.VersionLoggerListener.log Server built:          Jun 30 2020 21:49:10 UTC
04-Aug-2020 12:59:10.029 INFO [main] org.apache.catalina.startup.VersionLoggerListener.log Server version number: 8.5.57.0
04-Aug-2020 12:59:10.030 INFO [main] org.apache.catalina.startup.VersionLoggerListener.log OS Name:               Linux
04-Aug-2020 12:59:10.031 INFO [main] org.apache.catalina.startup.VersionLoggerListener.log OS Version:            4.19.76-linuxkit
04-Aug-2020 12:59:10.032 INFO [main] org.apache.catalina.startup.VersionLoggerListener.log Architecture:          amd64
04-Aug-2020 12:59:10.033 INFO [main] org.apache.catalina.startup.VersionLoggerListener.log Java Home:             /usr/local/openjdk-11
04-Aug-2020 12:59:10.034 INFO [main] org.apache.catalina.startup.VersionLoggerListener.log JVM Version:           11.0.8+10
04-Aug-2020 12:59:10.034 INFO [main] org.apache.catalina.startup.VersionLoggerListener.log JVM Vendor:            Oracle Corporation
04-Aug-2020 12:59:10.035 INFO [main] org.apache.catalina.startup.VersionLoggerListener.log CATALINA_BASE:         /opt/tomcat
04-Aug-2020 12:59:10.036 INFO [main] org.apache.catalina.startup.VersionLoggerListener.log CATALINA_HOME:         /opt/tomcat
04-Aug-2020 12:59:10.091 INFO [main] org.apache.catalina.startup.VersionLoggerListener.log Command line argument: --add-opens=java.base/java.lang=ALL-UNNAMED
04-Aug-2020 12:59:10.092 INFO [main] org.apache.catalina.startup.VersionLoggerListener.log Command line argument: --add-opens=java.base/java.io=ALL-UNNAMED
04-Aug-2020 12:59:10.093 INFO [main] org.apache.catalina.startup.VersionLoggerListener.log Command line argument: --add-opens=java.rmi/sun.rmi.transport=ALL-UNNAMED
04-Aug-2020 12:59:10.093 INFO [main] org.apache.catalina.startup.VersionLoggerListener.log Command line argument: -Djava.util.logging.config.file=/opt/tomcat/conf/logging.properties
04-Aug-2020 12:59:10.094 INFO [main] org.apache.catalina.startup.VersionLoggerListener.log Command line argument: -Djava.util.logging.manager=org.apache.juli.ClassLoaderLogManager
04-Aug-2020 12:59:10.095 INFO [main] org.apache.catalina.startup.VersionLoggerListener.log Command line argument: -Djdk.tls.ephemeralDHKeySize=2048
04-Aug-2020 12:59:10.095 INFO [main] org.apache.catalina.startup.VersionLoggerListener.log Command line argument: -Djava.protocol.handler.pkgs=org.apache.catalina.webresources
04-Aug-2020 12:59:10.096 INFO [main] org.apache.catalina.startup.VersionLoggerListener.log Command line argument: -Dorg.apache.catalina.security.SecurityListener.UMASK=0027
04-Aug-2020 12:59:10.097 INFO [main] org.apache.catalina.startup.VersionLoggerListener.log Command line argument: -agentlib:jdwp=transport=dt_socket,address=8787,server=y,suspend=n
04-Aug-2020 12:59:10.098 INFO [main] org.apache.catalina.startup.VersionLoggerListener.log Command line argument: -Dignore.endorsed.dirs=
04-Aug-2020 12:59:10.100 INFO [main] org.apache.catalina.startup.VersionLoggerListener.log Command line argument: -Dcatalina.base=/opt/tomcat
04-Aug-2020 12:59:10.101 INFO [main] org.apache.catalina.startup.VersionLoggerListener.log Command line argument: -Dcatalina.home=/opt/tomcat
04-Aug-2020 12:59:10.102 INFO [main] org.apache.catalina.startup.VersionLoggerListener.log Command line argument: -Djava.io.tmpdir=/opt/tomcat/temp
04-Aug-2020 12:59:10.104 INFO [main] org.apache.catalina.core.AprLifecycleListener.lifecycleEvent The Apache Tomcat Native library which allows using OpenSSL was not found on the java.library.path: [/usr/java/packages/lib:/usr/lib64:/lib64:/lib:/usr/lib]
04-Aug-2020 12:59:10.348 INFO [main] org.apache.coyote.AbstractProtocol.init Initializing ProtocolHandler ["http-nio-8080"]
04-Aug-2020 12:59:10.441 INFO [main] org.apache.tomcat.util.net.NioSelectorPool.getSharedSelector Using a shared selector for servlet write/read
04-Aug-2020 12:59:10.518 INFO [main] org.apache.catalina.startup.Catalina.load Initialization processed in 2021 ms
04-Aug-2020 12:59:10.606 WARNING [main] org.apache.tomcat.dbcp.dbcp2.BasicDataSourceFactory.getObjectInstance Name = MyDB Property maxActive is not used in DBCP2, use maxTotal instead. maxTotal default value is 8. You have set value of "100" for "maxActive" property, which is being ignored.
04-Aug-2020 12:59:10.608 WARNING [main] org.apache.tomcat.dbcp.dbcp2.BasicDataSourceFactory.getObjectInstance Name = MyDB Property maxWait is not used in DBCP2 , use maxWaitMillis instead. maxWaitMillis default value is -1. You have set value of "10000" for "maxWait" property, which is being ignored.
04-Aug-2020 12:59:10.611 INFO [main] org.apache.tomcat.dbcp.dbcp2.BasicDataSourceFactory.getObjectInstance Name = MyDB Ignoring unknown property: value of "true" for "use-java-context" property
04-Aug-2020 12:59:10.614 INFO [main] org.apache.tomcat.dbcp.dbcp2.BasicDataSourceFactory.getObjectInstance Name = MyDB Ignoring unknown property: value of "true" for "jta" property
04-Aug-2020 12:59:10.616 INFO [main] org.apache.tomcat.dbcp.dbcp2.BasicDataSourceFactory.getObjectInstance Name = MyDB Ignoring unknown property: value of "jdbc/MyDB" for "global" property
04-Aug-2020 12:59:10.619 INFO [main] org.apache.tomcat.dbcp.dbcp2.BasicDataSourceFactory.getObjectInstance Name = MyDB Ignoring unknown property: value of "true" for "use-ccm" property
04-Aug-2020 12:59:10.846 INFO [main] org.apache.catalina.core.StandardService.startInternal Starting service [Catalina]
04-Aug-2020 12:59:10.849 INFO [main] org.apache.catalina.core.StandardEngine.startInternal Starting Servlet Engine: Apache Tomcat/8.5.57
04-Aug-2020 12:59:10.974 INFO [localhost-startStop-1] org.apache.catalina.startup.HostConfig.deployWAR Deploying web application archive [/opt/tomcat/webapps/SpringRestApiDemo.war]
04-Aug-2020 12:59:11.051 INFO [localhost-startStop-1] org.apache.catalina.startup.ExpandWar.expand An expanded directory [/opt/tomcat/webapps/SpringRestApiDemo] was found with a last modified time that did not match the associated WAR. It will be deleted.
04-Aug-2020 13:00:04.787 INFO [localhost-startStop-1] org.apache.jasper.servlet.TldScanner.scanJars At least one JAR was scanned for TLDs yet contained no TLDs. Enable debug logging for this logger for a complete list of JARs that were scanned but no TLDs were found in them. Skipping unneeded JARs during scanning can improve startup time and JSP compilation time.
04-Aug-2020 13:00:19.952 SEVERE [localhost-startStop-1] org.apache.catalina.core.StandardContext.startInternal One or more listeners failed to start. Full details will be found in the appropriate container log file
04-Aug-2020 13:00:19.977 SEVERE [localhost-startStop-1] org.apache.catalina.core.StandardContext.startInternal Context [/SpringRestApiDemo] startup failed due to previous errors
04-Aug-2020 13:00:20.199 INFO [localhost-startStop-1] org.apache.catalina.startup.HostConfig.deployWAR Deployment of web application archive [/opt/tomcat/webapps/SpringRestApiDemo.war] has finished in [69,223] ms
04-Aug-2020 13:00:20.206 INFO [main] org.apache.coyote.AbstractProtocol.start Starting ProtocolHandler ["http-nio-8080"]
04-Aug-2020 13:00:20.229 INFO [main] org.apache.catalina.startup.Catalina.start Server startup in 69704 ms
04-Aug-2020 13:03:40.336 INFO [ContainerBackgroundProcessor[StandardEngine[Catalina]]] org.apache.catalina.startup.HostConfig.undeploy Undeploying context [/SpringRestApiDemo]
04-Aug-2020 13:03:40.346 INFO [localhost-startStop-2] org.apache.catalina.startup.HostConfig.deployWAR Deploying web application archive [/opt/tomcat/webapps/SpringRestApiDemo.war]
04-Aug-2020 13:03:58.654 INFO [localhost-startStop-2] org.apache.jasper.servlet.TldScanner.scanJars At least one JAR was scanned for TLDs yet contained no TLDs. Enable debug logging for this logger for a complete list of JARs that were scanned but no TLDs were found in them. Skipping unneeded JARs during scanning can improve startup time and JSP compilation time.
04-Aug-2020 13:04:15.126 SEVERE [localhost-startStop-2] org.apache.catalina.core.StandardContext.startInternal One or more listeners failed to start. Full details will be found in the appropriate container log file
04-Aug-2020 13:04:15.136 SEVERE [localhost-startStop-2] org.apache.catalina.core.StandardContext.startInternal Context [/SpringRestApiDemo] startup failed due to previous errors
04-Aug-2020 13:04:15.304 INFO [localhost-startStop-2] org.apache.catalina.startup.HostConfig.deployWAR Deployment of web application archive [/opt/tomcat/webapps/SpringRestApiDemo.war] has finished in [34,958] ms
04-Aug-2020 13:05:20.718 INFO [Thread-3] org.apache.coyote.AbstractProtocol.pause Pausing ProtocolHandler ["http-nio-8080"]
04-Aug-2020 13:05:20.734 INFO [Thread-3] org.apache.catalina.core.StandardService.stopInternal Stopping service [Catalina]
04-Aug-2020 13:05:20.743 INFO [Thread-3] org.apache.coyote.AbstractProtocol.stop Stopping ProtocolHandler ["http-nio-8080"]
04-Aug-2020 13:05:20.759 INFO [Thread-3] org.apache.coyote.AbstractProtocol.destroy Destroying ProtocolHandler ["http-nio-8080"]
04-Aug-2020 13:06:09.609 INFO [main] org.apache.catalina.startup.VersionLoggerListener.log Server version name:   Apache Tomcat/8.5.57
04-Aug-2020 13:06:09.618 INFO [main] org.apache.catalina.startup.VersionLoggerListener.log Server built:          Jun 30 2020 21:49:10 UTC
04-Aug-2020 13:06:09.618 INFO [main] org.apache.catalina.startup.VersionLoggerListener.log Server version number: 8.5.57.0
04-Aug-2020 13:06:09.619 INFO [main] org.apache.catalina.startup.VersionLoggerListener.log OS Name:               Linux
04-Aug-2020 13:06:09.619 INFO [main] org.apache.catalina.startup.VersionLoggerListener.log OS Version:            4.19.76-linuxkit
04-Aug-2020 13:06:09.620 INFO [main] org.apache.catalina.startup.VersionLoggerListener.log Architecture:          amd64
04-Aug-2020 13:06:09.620 INFO [main] org.apache.catalina.startup.VersionLoggerListener.log Java Home:             /usr/local/openjdk-11
04-Aug-2020 13:06:09.621 INFO [main] org.apache.catalina.startup.VersionLoggerListener.log JVM Version:           11.0.8+10
04-Aug-2020 13:06:09.622 INFO [main] org.apache.catalina.startup.VersionLoggerListener.log JVM Vendor:            Oracle Corporation
04-Aug-2020 13:06:09.623 INFO [main] org.apache.catalina.startup.VersionLoggerListener.log CATALINA_BASE:         /opt/tomcat
04-Aug-2020 13:06:09.628 INFO [main] org.apache.catalina.startup.VersionLoggerListener.log CATALINA_HOME:         /opt/tomcat
04-Aug-2020 13:06:09.628 INFO [main] org.apache.catalina.startup.VersionLoggerListener.log Command line argument: --add-opens=java.base/java.lang=ALL-UNNAMED
04-Aug-2020 13:06:09.629 INFO [main] org.apache.catalina.startup.VersionLoggerListener.log Command line argument: --add-opens=java.base/java.io=ALL-UNNAMED
04-Aug-2020 13:06:09.629 INFO [main] org.apache.catalina.startup.VersionLoggerListener.log Command line argument: --add-opens=java.rmi/sun.rmi.transport=ALL-UNNAMED
04-Aug-2020 13:06:09.631 INFO [main] org.apache.catalina.startup.VersionLoggerListener.log Command line argument: -Djava.util.logging.config.file=/opt/tomcat/conf/logging.properties
04-Aug-2020 13:06:09.632 INFO [main] org.apache.catalina.startup.VersionLoggerListener.log Command line argument: -Djava.util.logging.manager=org.apache.juli.ClassLoaderLogManager
04-Aug-2020 13:06:09.634 INFO [main] org.apache.catalina.startup.VersionLoggerListener.log Command line argument: -Djdk.tls.ephemeralDHKeySize=2048
04-Aug-2020 13:06:09.636 INFO [main] org.apache.catalina.startup.VersionLoggerListener.log Command line argument: -Djava.protocol.handler.pkgs=org.apache.catalina.webresources
04-Aug-2020 13:06:09.639 INFO [main] org.apache.catalina.startup.VersionLoggerListener.log Command line argument: -Dorg.apache.catalina.security.SecurityListener.UMASK=0027
04-Aug-2020 13:06:09.642 INFO [main] org.apache.catalina.startup.VersionLoggerListener.log Command line argument: -agentlib:jdwp=transport=dt_socket,address=8787,server=y,suspend=n
04-Aug-2020 13:06:09.646 INFO [main] org.apache.catalina.startup.VersionLoggerListener.log Command line argument: -Dignore.endorsed.dirs=
04-Aug-2020 13:06:09.648 INFO [main] org.apache.catalina.startup.VersionLoggerListener.log Command line argument: -Dcatalina.base=/opt/tomcat
04-Aug-2020 13:06:09.650 INFO [main] org.apache.catalina.startup.VersionLoggerListener.log Command line argument: -Dcatalina.home=/opt/tomcat
04-Aug-2020 13:06:09.651 INFO [main] org.apache.catalina.startup.VersionLoggerListener.log Command line argument: -Djava.io.tmpdir=/opt/tomcat/temp
04-Aug-2020 13:06:09.654 INFO [main] org.apache.catalina.core.AprLifecycleListener.lifecycleEvent The Apache Tomcat Native library which allows using OpenSSL was not found on the java.library.path: [/usr/java/packages/lib:/usr/lib64:/lib64:/lib:/usr/lib]
04-Aug-2020 13:06:09.802 INFO [main] org.apache.coyote.AbstractProtocol.init Initializing ProtocolHandler ["http-nio-8080"]
04-Aug-2020 13:06:09.838 INFO [main] org.apache.tomcat.util.net.NioSelectorPool.getSharedSelector Using a shared selector for servlet write/read
04-Aug-2020 13:06:09.885 INFO [main] org.apache.catalina.startup.Catalina.load Initialization processed in 1609 ms
04-Aug-2020 13:06:09.907 WARNING [main] org.apache.tomcat.dbcp.dbcp2.BasicDataSourceFactory.getObjectInstance Name = MyDB Property maxActive is not used in DBCP2, use maxTotal instead. maxTotal default value is 8. You have set value of "100" for "maxActive" property, which is being ignored.
04-Aug-2020 13:06:09.907 WARNING [main] org.apache.tomcat.dbcp.dbcp2.BasicDataSourceFactory.getObjectInstance Name = MyDB Property maxWait is not used in DBCP2 , use maxWaitMillis instead. maxWaitMillis default value is -1. You have set value of "10000" for "maxWait" property, which is being ignored.
04-Aug-2020 13:06:09.908 INFO [main] org.apache.tomcat.dbcp.dbcp2.BasicDataSourceFactory.getObjectInstance Name = MyDB Ignoring unknown property: value of "true" for "use-java-context" property
04-Aug-2020 13:06:09.908 INFO [main] org.apache.tomcat.dbcp.dbcp2.BasicDataSourceFactory.getObjectInstance Name = MyDB Ignoring unknown property: value of "true" for "jta" property
04-Aug-2020 13:06:09.909 INFO [main] org.apache.tomcat.dbcp.dbcp2.BasicDataSourceFactory.getObjectInstance Name = MyDB Ignoring unknown property: value of "jdbc/MyDB" for "global" property
04-Aug-2020 13:06:09.909 INFO [main] org.apache.tomcat.dbcp.dbcp2.BasicDataSourceFactory.getObjectInstance Name = MyDB Ignoring unknown property: value of "true" for "use-ccm" property
04-Aug-2020 13:06:10.072 INFO [main] org.apache.catalina.core.StandardService.startInternal Starting service [Catalina]
04-Aug-2020 13:06:10.074 INFO [main] org.apache.catalina.core.StandardEngine.startInternal Starting Servlet Engine: Apache Tomcat/8.5.57
04-Aug-2020 13:06:10.189 INFO [localhost-startStop-1] org.apache.catalina.startup.HostConfig.deployWAR Deploying web application archive [/opt/tomcat/webapps/SpringRestApiDemo.war]
04-Aug-2020 13:06:35.088 INFO [localhost-startStop-1] org.apache.jasper.servlet.TldScanner.scanJars At least one JAR was scanned for TLDs yet contained no TLDs. Enable debug logging for this logger for a complete list of JARs that were scanned but no TLDs were found in them. Skipping unneeded JARs during scanning can improve startup time and JSP compilation time.
04-Aug-2020 13:06:51.538 SEVERE [localhost-startStop-1] org.apache.catalina.core.StandardContext.startInternal One or more listeners failed to start. Full details will be found in the appropriate container log file
04-Aug-2020 13:06:51.557 SEVERE [localhost-startStop-1] org.apache.catalina.core.StandardContext.startInternal Context [/SpringRestApiDemo] startup failed due to previous errors
04-Aug-2020 13:06:51.754 INFO [localhost-startStop-1] org.apache.catalina.startup.HostConfig.deployWAR Deployment of web application archive [/opt/tomcat/webapps/SpringRestApiDemo.war] has finished in [41,566] ms
04-Aug-2020 13:06:51.761 INFO [main] org.apache.coyote.AbstractProtocol.start Starting ProtocolHandler ["http-nio-8080"]
04-Aug-2020 13:06:51.783 INFO [main] org.apache.catalina.startup.Catalina.start Server startup in 41898 ms
04-Aug-2020 13:09:11.871 INFO [ContainerBackgroundProcessor[StandardEngine[Catalina]]] org.apache.catalina.startup.HostConfig.undeploy Undeploying context [/SpringRestApiDemo]
04-Aug-2020 13:09:12.328 INFO [localhost-startStop-2] org.apache.catalina.startup.HostConfig.deployWAR Deploying web application archive [/opt/tomcat/webapps/SpringRestApiDemo.war]
04-Aug-2020 13:10:02.972 INFO [localhost-startStop-2] org.apache.jasper.servlet.TldScanner.scanJars At least one JAR was scanned for TLDs yet contained no TLDs. Enable debug logging for this logger for a complete list of JARs that were scanned but no TLDs were found in them. Skipping unneeded JARs during scanning can improve startup time and JSP compilation time.
04-Aug-2020 13:10:17.619 SEVERE [localhost-startStop-2] org.apache.catalina.core.StandardContext.startInternal One or more listeners failed to start. Full details will be found in the appropriate container log file
04-Aug-2020 13:10:17.622 SEVERE [localhost-startStop-2] org.apache.catalina.core.StandardContext.startInternal Context [/SpringRestApiDemo] startup failed due to previous errors
04-Aug-2020 13:10:17.771 INFO [localhost-startStop-2] org.apache.catalina.startup.HostConfig.deployWAR Deployment of web application archive [/opt/tomcat/webapps/SpringRestApiDemo.war] has finished in [65,443] ms
04-Aug-2020 13:20:46.944 INFO [Thread-3] org.apache.coyote.AbstractProtocol.pause Pausing ProtocolHandler ["http-nio-8080"]
04-Aug-2020 13:20:46.958 INFO [Thread-3] org.apache.catalina.core.StandardService.stopInternal Stopping service [Catalina]
04-Aug-2020 13:20:46.967 INFO [Thread-3] org.apache.coyote.AbstractProtocol.stop Stopping ProtocolHandler ["http-nio-8080"]
04-Aug-2020 13:20:46.974 INFO [Thread-3] org.apache.coyote.AbstractProtocol.destroy Destroying ProtocolHandler ["http-nio-8080"]
04-Aug-2020 13:21:37.509 INFO [main] org.apache.catalina.startup.VersionLoggerListener.log Server version name:   Apache Tomcat/8.5.57
04-Aug-2020 13:21:37.525 INFO [main] org.apache.catalina.startup.VersionLoggerListener.log Server built:          Jun 30 2020 21:49:10 UTC
04-Aug-2020 13:21:37.526 INFO [main] org.apache.catalina.startup.VersionLoggerListener.log Server version number: 8.5.57.0
04-Aug-2020 13:21:37.526 INFO [main] org.apache.catalina.startup.VersionLoggerListener.log OS Name:               Linux
04-Aug-2020 13:21:37.526 INFO [main] org.apache.catalina.startup.VersionLoggerListener.log OS Version:            4.19.76-linuxkit
04-Aug-2020 13:21:37.527 INFO [main] org.apache.catalina.startup.VersionLoggerListener.log Architecture:          amd64
04-Aug-2020 13:21:37.527 INFO [main] org.apache.catalina.startup.VersionLoggerListener.log Java Home:             /usr/local/openjdk-11
04-Aug-2020 13:21:37.527 INFO [main] org.apache.catalina.startup.VersionLoggerListener.log JVM Version:           11.0.8+10
04-Aug-2020 13:21:37.528 INFO [main] org.apache.catalina.startup.VersionLoggerListener.log JVM Vendor:            Oracle Corporation
04-Aug-2020 13:21:37.528 INFO [main] org.apache.catalina.startup.VersionLoggerListener.log CATALINA_BASE:         /opt/tomcat
04-Aug-2020 13:21:37.528 INFO [main] org.apache.catalina.startup.VersionLoggerListener.log CATALINA_HOME:         /opt/tomcat
04-Aug-2020 13:21:37.536 INFO [main] org.apache.catalina.startup.VersionLoggerListener.log Command line argument: --add-opens=java.base/java.lang=ALL-UNNAMED
04-Aug-2020 13:21:37.539 INFO [main] org.apache.catalina.startup.VersionLoggerListener.log Command line argument: --add-opens=java.base/java.io=ALL-UNNAMED
04-Aug-2020 13:21:37.540 INFO [main] org.apache.catalina.startup.VersionLoggerListener.log Command line argument: --add-opens=java.rmi/sun.rmi.transport=ALL-UNNAMED
04-Aug-2020 13:21:37.541 INFO [main] org.apache.catalina.startup.VersionLoggerListener.log Command line argument: -Djava.util.logging.config.file=/opt/tomcat/conf/logging.properties
04-Aug-2020 13:21:37.541 INFO [main] org.apache.catalina.startup.VersionLoggerListener.log Command line argument: -Djava.util.logging.manager=org.apache.juli.ClassLoaderLogManager
04-Aug-2020 13:21:37.542 INFO [main] org.apache.catalina.startup.VersionLoggerListener.log Command line argument: -Djdk.tls.ephemeralDHKeySize=2048
04-Aug-2020 13:21:37.542 INFO [main] org.apache.catalina.startup.VersionLoggerListener.log Command line argument: -Djava.protocol.handler.pkgs=org.apache.catalina.webresources
04-Aug-2020 13:21:37.543 INFO [main] org.apache.catalina.startup.VersionLoggerListener.log Command line argument: -Dorg.apache.catalina.security.SecurityListener.UMASK=0027
04-Aug-2020 13:21:37.544 INFO [main] org.apache.catalina.startup.VersionLoggerListener.log Command line argument: -agentlib:jdwp=transport=dt_socket,address=8787,server=y,suspend=n
04-Aug-2020 13:21:37.544 INFO [main] org.apache.catalina.startup.VersionLoggerListener.log Command line argument: -Dignore.endorsed.dirs=
04-Aug-2020 13:21:37.545 INFO [main] org.apache.catalina.startup.VersionLoggerListener.log Command line argument: -Dcatalina.base=/opt/tomcat
04-Aug-2020 13:21:37.545 INFO [main] org.apache.catalina.startup.VersionLoggerListener.log Command line argument: -Dcatalina.home=/opt/tomcat
04-Aug-2020 13:21:37.546 INFO [main] org.apache.catalina.startup.VersionLoggerListener.log Command line argument: -Djava.io.tmpdir=/opt/tomcat/temp
04-Aug-2020 13:21:37.555 INFO [main] org.apache.catalina.core.AprLifecycleListener.lifecycleEvent The Apache Tomcat Native library which allows using OpenSSL was not found on the java.library.path: [/usr/java/packages/lib:/usr/lib64:/lib64:/lib:/usr/lib]
04-Aug-2020 13:21:37.805 INFO [main] org.apache.coyote.AbstractProtocol.init Initializing ProtocolHandler ["http-nio-8080"]
04-Aug-2020 13:21:37.896 INFO [main] org.apache.tomcat.util.net.NioSelectorPool.getSharedSelector Using a shared selector for servlet write/read
04-Aug-2020 13:21:37.977 INFO [main] org.apache.catalina.startup.Catalina.load Initialization processed in 2243 ms
04-Aug-2020 13:21:38.022 WARNING [main] org.apache.tomcat.dbcp.dbcp2.BasicDataSourceFactory.getObjectInstance Name = MyDB Property maxActive is not used in DBCP2, use maxTotal instead. maxTotal default value is 8. You have set value of "100" for "maxActive" property, which is being ignored.
04-Aug-2020 13:21:38.024 WARNING [main] org.apache.tomcat.dbcp.dbcp2.BasicDataSourceFactory.getObjectInstance Name = MyDB Property maxWait is not used in DBCP2 , use maxWaitMillis instead. maxWaitMillis default value is -1. You have set value of "10000" for "maxWait" property, which is being ignored.
04-Aug-2020 13:21:38.026 INFO [main] org.apache.tomcat.dbcp.dbcp2.BasicDataSourceFactory.getObjectInstance Name = MyDB Ignoring unknown property: value of "true" for "use-java-context" property
04-Aug-2020 13:21:38.027 INFO [main] org.apache.tomcat.dbcp.dbcp2.BasicDataSourceFactory.getObjectInstance Name = MyDB Ignoring unknown property: value of "true" for "jta" property
04-Aug-2020 13:21:38.028 INFO [main] org.apache.tomcat.dbcp.dbcp2.BasicDataSourceFactory.getObjectInstance Name = MyDB Ignoring unknown property: value of "jdbc/MyDB" for "global" property
04-Aug-2020 13:21:38.029 INFO [main] org.apache.tomcat.dbcp.dbcp2.BasicDataSourceFactory.getObjectInstance Name = MyDB Ignoring unknown property: value of "true" for "use-ccm" property
04-Aug-2020 13:21:38.243 INFO [main] org.apache.catalina.core.StandardService.startInternal Starting service [Catalina]
04-Aug-2020 13:21:38.247 INFO [main] org.apache.catalina.core.StandardEngine.startInternal Starting Servlet Engine: Apache Tomcat/8.5.57
04-Aug-2020 13:21:38.377 INFO [localhost-startStop-1] org.apache.catalina.startup.HostConfig.deployWAR Deploying web application archive [/opt/tomcat/webapps/SpringRestApiDemo.war]
04-Aug-2020 13:22:04.247 INFO [localhost-startStop-1] org.apache.jasper.servlet.TldScanner.scanJars At least one JAR was scanned for TLDs yet contained no TLDs. Enable debug logging for this logger for a complete list of JARs that were scanned but no TLDs were found in them. Skipping unneeded JARs during scanning can improve startup time and JSP compilation time.
04-Aug-2020 13:22:20.200 SEVERE [localhost-startStop-1] org.apache.catalina.core.StandardContext.startInternal One or more listeners failed to start. Full details will be found in the appropriate container log file
04-Aug-2020 13:22:20.218 SEVERE [localhost-startStop-1] org.apache.catalina.core.StandardContext.startInternal Context [/SpringRestApiDemo] startup failed due to previous errors
04-Aug-2020 13:22:20.419 INFO [localhost-startStop-1] org.apache.catalina.startup.HostConfig.deployWAR Deployment of web application archive [/opt/tomcat/webapps/SpringRestApiDemo.war] has finished in [42,042] ms
04-Aug-2020 13:22:20.445 INFO [main] org.apache.coyote.AbstractProtocol.start Starting ProtocolHandler ["http-nio-8080"]
04-Aug-2020 13:22:20.472 INFO [main] org.apache.catalina.startup.Catalina.start Server startup in 42493 ms
04-Aug-2020 13:32:57.449 INFO [Thread-3] org.apache.coyote.AbstractProtocol.pause Pausing ProtocolHandler ["http-nio-8080"]
04-Aug-2020 13:32:57.457 INFO [Thread-3] org.apache.catalina.core.StandardService.stopInternal Stopping service [Catalina]
04-Aug-2020 13:32:57.473 INFO [Thread-3] org.apache.coyote.AbstractProtocol.stop Stopping ProtocolHandler ["http-nio-8080"]
04-Aug-2020 13:32:57.481 INFO [Thread-3] org.apache.coyote.AbstractProtocol.destroy Destroying ProtocolHandler ["http-nio-8080"]
04-Aug-2020 13:34:19.164 INFO [main] org.apache.catalina.startup.VersionLoggerListener.log Server version name:   Apache Tomcat/8.5.57
04-Aug-2020 13:34:19.182 INFO [main] org.apache.catalina.startup.VersionLoggerListener.log Server built:          Jun 30 2020 21:49:10 UTC
04-Aug-2020 13:34:19.184 INFO [main] org.apache.catalina.startup.VersionLoggerListener.log Server version number: 8.5.57.0
04-Aug-2020 13:34:19.184 INFO [main] org.apache.catalina.startup.VersionLoggerListener.log OS Name:               Linux
04-Aug-2020 13:34:19.185 INFO [main] org.apache.catalina.startup.VersionLoggerListener.log OS Version:            4.19.76-linuxkit
04-Aug-2020 13:34:19.195 INFO [main] org.apache.catalina.startup.VersionLoggerListener.log Architecture:          amd64
04-Aug-2020 13:34:19.197 INFO [main] org.apache.catalina.startup.VersionLoggerListener.log Java Home:             /usr/local/openjdk-11
04-Aug-2020 13:34:19.199 INFO [main] org.apache.catalina.startup.VersionLoggerListener.log JVM Version:           11.0.8+10
04-Aug-2020 13:34:19.199 INFO [main] org.apache.catalina.startup.VersionLoggerListener.log JVM Vendor:            Oracle Corporation
04-Aug-2020 13:34:19.201 INFO [main] org.apache.catalina.startup.VersionLoggerListener.log CATALINA_BASE:         /opt/tomcat
04-Aug-2020 13:34:19.201 INFO [main] org.apache.catalina.startup.VersionLoggerListener.log CATALINA_HOME:         /opt/tomcat
04-Aug-2020 13:34:19.202 INFO [main] org.apache.catalina.startup.VersionLoggerListener.log Command line argument: --add-opens=java.base/java.lang=ALL-UNNAMED
04-Aug-2020 13:34:19.203 INFO [main] org.apache.catalina.startup.VersionLoggerListener.log Command line argument: --add-opens=java.base/java.io=ALL-UNNAMED
04-Aug-2020 13:34:19.212 INFO [main] org.apache.catalina.startup.VersionLoggerListener.log Command line argument: --add-opens=java.rmi/sun.rmi.transport=ALL-UNNAMED
04-Aug-2020 13:34:19.213 INFO [main] org.apache.catalina.startup.VersionLoggerListener.log Command line argument: -Djava.util.logging.config.file=/opt/tomcat/conf/logging.properties
04-Aug-2020 13:34:19.213 INFO [main] org.apache.catalina.startup.VersionLoggerListener.log Command line argument: -Djava.util.logging.manager=org.apache.juli.ClassLoaderLogManager
04-Aug-2020 13:34:19.214 INFO [main] org.apache.catalina.startup.VersionLoggerListener.log Command line argument: -Djdk.tls.ephemeralDHKeySize=2048
04-Aug-2020 13:34:19.214 INFO [main] org.apache.catalina.startup.VersionLoggerListener.log Command line argument: -Djava.protocol.handler.pkgs=org.apache.catalina.webresources
04-Aug-2020 13:34:19.216 INFO [main] org.apache.catalina.startup.VersionLoggerListener.log Command line argument: -Dorg.apache.catalina.security.SecurityListener.UMASK=0027
04-Aug-2020 13:34:19.217 INFO [main] org.apache.catalina.startup.VersionLoggerListener.log Command line argument: -agentlib:jdwp=transport=dt_socket,address=8787,server=y,suspend=n
04-Aug-2020 13:34:19.217 INFO [main] org.apache.catalina.startup.VersionLoggerListener.log Command line argument: -Dignore.endorsed.dirs=
04-Aug-2020 13:34:19.217 INFO [main] org.apache.catalina.startup.VersionLoggerListener.log Command line argument: -Dcatalina.base=/opt/tomcat
04-Aug-2020 13:34:19.218 INFO [main] org.apache.catalina.startup.VersionLoggerListener.log Command line argument: -Dcatalina.home=/opt/tomcat
04-Aug-2020 13:34:19.218 INFO [main] org.apache.catalina.startup.VersionLoggerListener.log Command line argument: -Djava.io.tmpdir=/opt/tomcat/temp
04-Aug-2020 13:34:19.218 INFO [main] org.apache.catalina.core.AprLifecycleListener.lifecycleEvent The Apache Tomcat Native library which allows using OpenSSL was not found on the java.library.path: [/usr/java/packages/lib:/usr/lib64:/lib64:/lib:/usr/lib]
04-Aug-2020 13:34:19.375 INFO [main] org.apache.coyote.AbstractProtocol.init Initializing ProtocolHandler ["http-nio-8080"]
04-Aug-2020 13:34:19.424 INFO [main] org.apache.tomcat.util.net.NioSelectorPool.getSharedSelector Using a shared selector for servlet write/read
04-Aug-2020 13:34:19.473 INFO [main] org.apache.catalina.startup.Catalina.load Initialization processed in 1526 ms
04-Aug-2020 13:34:19.526 WARNING [main] org.apache.tomcat.dbcp.dbcp2.BasicDataSourceFactory.getObjectInstance Name = MyDB Property maxActive is not used in DBCP2, use maxTotal instead. maxTotal default value is 8. You have set value of "100" for "maxActive" property, which is being ignored.
04-Aug-2020 13:34:19.530 WARNING [main] org.apache.tomcat.dbcp.dbcp2.BasicDataSourceFactory.getObjectInstance Name = MyDB Property maxWait is not used in DBCP2 , use maxWaitMillis instead. maxWaitMillis default value is -1. You have set value of "10000" for "maxWait" property, which is being ignored.
04-Aug-2020 13:34:19.534 INFO [main] org.apache.tomcat.dbcp.dbcp2.BasicDataSourceFactory.getObjectInstance Name = MyDB Ignoring unknown property: value of "true" for "use-java-context" property
04-Aug-2020 13:34:19.535 INFO [main] org.apache.tomcat.dbcp.dbcp2.BasicDataSourceFactory.getObjectInstance Name = MyDB Ignoring unknown property: value of "true" for "jta" property
04-Aug-2020 13:34:19.537 INFO [main] org.apache.tomcat.dbcp.dbcp2.BasicDataSourceFactory.getObjectInstance Name = MyDB Ignoring unknown property: value of "jdbc/MyDB" for "global" property
04-Aug-2020 13:34:19.545 INFO [main] org.apache.tomcat.dbcp.dbcp2.BasicDataSourceFactory.getObjectInstance Name = MyDB Ignoring unknown property: value of "true" for "use-ccm" property
04-Aug-2020 13:34:19.694 INFO [main] org.apache.catalina.core.StandardService.startInternal Starting service [Catalina]
04-Aug-2020 13:34:19.696 INFO [main] org.apache.catalina.core.StandardEngine.startInternal Starting Servlet Engine: Apache Tomcat/8.5.57
04-Aug-2020 13:34:19.789 INFO [localhost-startStop-1] org.apache.catalina.startup.HostConfig.deployWAR Deploying web application archive [/opt/tomcat/webapps/SpringRestApiDemo.war]
04-Aug-2020 13:34:41.983 INFO [localhost-startStop-1] org.apache.jasper.servlet.TldScanner.scanJars At least one JAR was scanned for TLDs yet contained no TLDs. Enable debug logging for this logger for a complete list of JARs that were scanned but no TLDs were found in them. Skipping unneeded JARs during scanning can improve startup time and JSP compilation time.
04-Aug-2020 13:34:57.916 SEVERE [localhost-startStop-1] org.apache.catalina.core.StandardContext.startInternal One or more listeners failed to start. Full details will be found in the appropriate container log file
04-Aug-2020 13:34:57.935 SEVERE [localhost-startStop-1] org.apache.catalina.core.StandardContext.startInternal Context [/SpringRestApiDemo] startup failed due to previous errors
04-Aug-2020 13:34:58.141 INFO [localhost-startStop-1] org.apache.catalina.startup.HostConfig.deployWAR Deployment of web application archive [/opt/tomcat/webapps/SpringRestApiDemo.war] has finished in [38,349] ms
04-Aug-2020 13:34:58.148 INFO [main] org.apache.coyote.AbstractProtocol.start Starting ProtocolHandler ["http-nio-8080"]
04-Aug-2020 13:34:58.181 INFO [main] org.apache.catalina.startup.Catalina.start Server startup in 38706 ms
04-Aug-2020 13:36:58.419 INFO [ContainerBackgroundProcessor[StandardEngine[Catalina]]] org.apache.catalina.startup.HostConfig.undeploy Undeploying context [/SpringRestApiDemo]
04-Aug-2020 13:36:58.907 INFO [localhost-startStop-2] org.apache.catalina.startup.HostConfig.deployWAR Deploying web application archive [/opt/tomcat/webapps/SpringRestApiDemo.war]
04-Aug-2020 13:37:51.234 INFO [localhost-startStop-2] org.apache.jasper.servlet.TldScanner.scanJars At least one JAR was scanned for TLDs yet contained no TLDs. Enable debug logging for this logger for a complete list of JARs that were scanned but no TLDs were found in them. Skipping unneeded JARs during scanning can improve startup time and JSP compilation time.
04-Aug-2020 13:38:26.473 SEVERE [localhost-startStop-2] org.apache.catalina.core.StandardContext.startInternal One or more listeners failed to start. Full details will be found in the appropriate container log file
04-Aug-2020 13:38:26.483 SEVERE [localhost-startStop-2] org.apache.catalina.core.StandardContext.startInternal Context [/SpringRestApiDemo] startup failed due to previous errors
04-Aug-2020 13:38:26.645 INFO [localhost-startStop-2] org.apache.catalina.startup.HostConfig.deployWAR Deployment of web application archive [/opt/tomcat/webapps/SpringRestApiDemo.war] has finished in [87,738] ms
04-Aug-2020 13:40:23.789 INFO [Thread-3] org.apache.coyote.AbstractProtocol.pause Pausing ProtocolHandler ["http-nio-8080"]
04-Aug-2020 13:40:23.811 INFO [Thread-3] org.apache.catalina.core.StandardService.stopInternal Stopping service [Catalina]
04-Aug-2020 13:40:23.839 INFO [Thread-3] org.apache.coyote.AbstractProtocol.stop Stopping ProtocolHandler ["http-nio-8080"]
04-Aug-2020 13:40:23.853 INFO [Thread-3] org.apache.coyote.AbstractProtocol.destroy Destroying ProtocolHandler ["http-nio-8080"]
04-Aug-2020 13:40:42.217 INFO [main] org.apache.catalina.startup.VersionLoggerListener.log Server version name:   Apache Tomcat/8.5.57
04-Aug-2020 13:40:42.228 INFO [main] org.apache.catalina.startup.VersionLoggerListener.log Server built:          Jun 30 2020 21:49:10 UTC
04-Aug-2020 13:40:42.228 INFO [main] org.apache.catalina.startup.VersionLoggerListener.log Server version number: 8.5.57.0
04-Aug-2020 13:40:42.229 INFO [main] org.apache.catalina.startup.VersionLoggerListener.log OS Name:               Linux
04-Aug-2020 13:40:42.229 INFO [main] org.apache.catalina.startup.VersionLoggerListener.log OS Version:            4.19.76-linuxkit
04-Aug-2020 13:40:42.229 INFO [main] org.apache.catalina.startup.VersionLoggerListener.log Architecture:          amd64
04-Aug-2020 13:40:42.229 INFO [main] org.apache.catalina.startup.VersionLoggerListener.log Java Home:             /usr/local/openjdk-11
04-Aug-2020 13:40:42.230 INFO [main] org.apache.catalina.startup.VersionLoggerListener.log JVM Version:           11.0.8+10
04-Aug-2020 13:40:42.230 INFO [main] org.apache.catalina.startup.VersionLoggerListener.log JVM Vendor:            Oracle Corporation
04-Aug-2020 13:40:42.230 INFO [main] org.apache.catalina.startup.VersionLoggerListener.log CATALINA_BASE:         /opt/tomcat
04-Aug-2020 13:40:42.231 INFO [main] org.apache.catalina.startup.VersionLoggerListener.log CATALINA_HOME:         /opt/tomcat
04-Aug-2020 13:40:42.242 INFO [main] org.apache.catalina.startup.VersionLoggerListener.log Command line argument: --add-opens=java.base/java.lang=ALL-UNNAMED
04-Aug-2020 13:40:42.242 INFO [main] org.apache.catalina.startup.VersionLoggerListener.log Command line argument: --add-opens=java.base/java.io=ALL-UNNAMED
04-Aug-2020 13:40:42.242 INFO [main] org.apache.catalina.startup.VersionLoggerListener.log Command line argument: --add-opens=java.rmi/sun.rmi.transport=ALL-UNNAMED
04-Aug-2020 13:40:42.242 INFO [main] org.apache.catalina.startup.VersionLoggerListener.log Command line argument: -Djava.util.logging.config.file=/opt/tomcat/conf/logging.properties
04-Aug-2020 13:40:42.242 INFO [main] org.apache.catalina.startup.VersionLoggerListener.log Command line argument: -Djava.util.logging.manager=org.apache.juli.ClassLoaderLogManager
04-Aug-2020 13:40:42.243 INFO [main] org.apache.catalina.startup.VersionLoggerListener.log Command line argument: -Djdk.tls.ephemeralDHKeySize=2048
04-Aug-2020 13:40:42.243 INFO [main] org.apache.catalina.startup.VersionLoggerListener.log Command line argument: -Djava.protocol.handler.pkgs=org.apache.catalina.webresources
04-Aug-2020 13:40:42.244 INFO [main] org.apache.catalina.startup.VersionLoggerListener.log Command line argument: -Dorg.apache.catalina.security.SecurityListener.UMASK=0027
04-Aug-2020 13:40:42.244 INFO [main] org.apache.catalina.startup.VersionLoggerListener.log Command line argument: -agentlib:jdwp=transport=dt_socket,address=8787,server=y,suspend=n
04-Aug-2020 13:40:42.245 INFO [main] org.apache.catalina.startup.VersionLoggerListener.log Command line argument: -Dignore.endorsed.dirs=
04-Aug-2020 13:40:42.246 INFO [main] org.apache.catalina.startup.VersionLoggerListener.log Command line argument: -Dcatalina.base=/opt/tomcat
04-Aug-2020 13:40:42.246 INFO [main] org.apache.catalina.startup.VersionLoggerListener.log Command line argument: -Dcatalina.home=/opt/tomcat
04-Aug-2020 13:40:42.247 INFO [main] org.apache.catalina.startup.VersionLoggerListener.log Command line argument: -Djava.io.tmpdir=/opt/tomcat/temp
04-Aug-2020 13:40:42.247 INFO [main] org.apache.catalina.core.AprLifecycleListener.lifecycleEvent The Apache Tomcat Native library which allows using OpenSSL was not found on the java.library.path: [/usr/java/packages/lib:/usr/lib64:/lib64:/lib:/usr/lib]
04-Aug-2020 13:40:42.424 INFO [main] org.apache.coyote.AbstractProtocol.init Initializing ProtocolHandler ["http-nio-8080"]
04-Aug-2020 13:40:42.463 INFO [main] org.apache.tomcat.util.net.NioSelectorPool.getSharedSelector Using a shared selector for servlet write/read
04-Aug-2020 13:40:42.515 INFO [main] org.apache.catalina.startup.Catalina.load Initialization processed in 1391 ms
04-Aug-2020 13:40:42.557 WARNING [main] org.apache.tomcat.dbcp.dbcp2.BasicDataSourceFactory.getObjectInstance Name = MyDB Property maxActive is not used in DBCP2, use maxTotal instead. maxTotal default value is 8. You have set value of "100" for "maxActive" property, which is being ignored.
04-Aug-2020 13:40:42.558 WARNING [main] org.apache.tomcat.dbcp.dbcp2.BasicDataSourceFactory.getObjectInstance Name = MyDB Property maxWait is not used in DBCP2 , use maxWaitMillis instead. maxWaitMillis default value is -1. You have set value of "10000" for "maxWait" property, which is being ignored.
04-Aug-2020 13:40:42.560 INFO [main] org.apache.tomcat.dbcp.dbcp2.BasicDataSourceFactory.getObjectInstance Name = MyDB Ignoring unknown property: value of "true" for "use-java-context" property
04-Aug-2020 13:40:42.561 INFO [main] org.apache.tomcat.dbcp.dbcp2.BasicDataSourceFactory.getObjectInstance Name = MyDB Ignoring unknown property: value of "true" for "jta" property
04-Aug-2020 13:40:42.561 INFO [main] org.apache.tomcat.dbcp.dbcp2.BasicDataSourceFactory.getObjectInstance Name = MyDB Ignoring unknown property: value of "jdbc/MyDB" for "global" property
04-Aug-2020 13:40:42.561 INFO [main] org.apache.tomcat.dbcp.dbcp2.BasicDataSourceFactory.getObjectInstance Name = MyDB Ignoring unknown property: value of "true" for "use-ccm" property
04-Aug-2020 13:40:42.738 INFO [main] org.apache.catalina.core.StandardService.startInternal Starting service [Catalina]
04-Aug-2020 13:40:42.740 INFO [main] org.apache.catalina.core.StandardEngine.startInternal Starting Servlet Engine: Apache Tomcat/8.5.57
04-Aug-2020 13:40:42.829 INFO [localhost-startStop-1] org.apache.catalina.startup.HostConfig.deployWAR Deploying web application archive [/opt/tomcat/webapps/SpringRestApiDemo.war]
04-Aug-2020 13:41:05.483 INFO [localhost-startStop-1] org.apache.jasper.servlet.TldScanner.scanJars At least one JAR was scanned for TLDs yet contained no TLDs. Enable debug logging for this logger for a complete list of JARs that were scanned but no TLDs were found in them. Skipping unneeded JARs during scanning can improve startup time and JSP compilation time.
04-Aug-2020 13:42:08.685 INFO [localhost-startStop-1] org.apache.catalina.startup.HostConfig.deployWAR Deployment of web application archive [/opt/tomcat/webapps/SpringRestApiDemo.war] has finished in [85,856] ms
04-Aug-2020 13:42:08.696 INFO [main] org.apache.coyote.AbstractProtocol.start Starting ProtocolHandler ["http-nio-8080"]
04-Aug-2020 13:42:08.819 INFO [main] org.apache.catalina.startup.Catalina.start Server startup in 86302 ms
04-Aug-2020 13:50:39.098 INFO [ContainerBackgroundProcessor[StandardEngine[Catalina]]] org.apache.catalina.startup.HostConfig.undeploy Undeploying context [/SpringRestApiDemo]
04-Aug-2020 13:50:41.141 SEVERE [ContainerBackgroundProcessor[StandardEngine[Catalina]]] org.apache.catalina.startup.ExpandWar.deleteDir [/opt/tomcat/webapps/SpringRestApiDemo/WEB-INF] could not be completely deleted. The presence of the remaining files may cause problems
04-Aug-2020 13:50:41.149 SEVERE [ContainerBackgroundProcessor[StandardEngine[Catalina]]] org.apache.catalina.startup.ExpandWar.deleteDir [/opt/tomcat/webapps/SpringRestApiDemo] could not be completely deleted. The presence of the remaining files may cause problems
04-Aug-2020 13:50:41.150 SEVERE [ContainerBackgroundProcessor[StandardEngine[Catalina]]] org.apache.catalina.startup.ExpandWar.delete [/opt/tomcat/webapps/SpringRestApiDemo] could not be completely deleted. The presence of the remaining files may cause problems
04-Aug-2020 13:50:41.220 INFO [localhost-startStop-2] org.apache.catalina.startup.HostConfig.deployWAR Deploying web application archive [/opt/tomcat/webapps/SpringRestApiDemo.war]
04-Aug-2020 13:50:43.528 INFO [localhost-startStop-2] org.apache.jasper.servlet.TldScanner.scanJars At least one JAR was scanned for TLDs yet contained no TLDs. Enable debug logging for this logger for a complete list of JARs that were scanned but no TLDs were found in them. Skipping unneeded JARs during scanning can improve startup time and JSP compilation time.
04-Aug-2020 13:50:43.570 INFO [localhost-startStop-2] org.apache.catalina.startup.HostConfig.deployWAR Deployment of web application archive [/opt/tomcat/webapps/SpringRestApiDemo.war] has finished in [2,349] ms
04-Aug-2020 16:10:34.461 INFO [main] org.apache.catalina.startup.VersionLoggerListener.log Server version name:   Apache Tomcat/8.5.57
04-Aug-2020 16:10:34.475 INFO [main] org.apache.catalina.startup.VersionLoggerListener.log Server built:          Jun 30 2020 21:49:10 UTC
04-Aug-2020 16:10:34.478 INFO [main] org.apache.catalina.startup.VersionLoggerListener.log Server version number: 8.5.57.0
04-Aug-2020 16:10:34.479 INFO [main] org.apache.catalina.startup.VersionLoggerListener.log OS Name:               Linux
04-Aug-2020 16:10:34.480 INFO [main] org.apache.catalina.startup.VersionLoggerListener.log OS Version:            4.19.76-linuxkit
04-Aug-2020 16:10:34.481 INFO [main] org.apache.catalina.startup.VersionLoggerListener.log Architecture:          amd64
04-Aug-2020 16:10:34.482 INFO [main] org.apache.catalina.startup.VersionLoggerListener.log Java Home:             /usr/local/openjdk-11
04-Aug-2020 16:10:34.491 INFO [main] org.apache.catalina.startup.VersionLoggerListener.log JVM Version:           11.0.8+10
04-Aug-2020 16:10:34.492 INFO [main] org.apache.catalina.startup.VersionLoggerListener.log JVM Vendor:            Oracle Corporation
04-Aug-2020 16:10:34.493 INFO [main] org.apache.catalina.startup.VersionLoggerListener.log CATALINA_BASE:         /opt/tomcat
04-Aug-2020 16:10:34.496 INFO [main] org.apache.catalina.startup.VersionLoggerListener.log CATALINA_HOME:         /opt/tomcat
04-Aug-2020 16:10:34.500 INFO [main] org.apache.catalina.startup.VersionLoggerListener.log Command line argument: --add-opens=java.base/java.lang=ALL-UNNAMED
04-Aug-2020 16:10:34.503 INFO [main] org.apache.catalina.startup.VersionLoggerListener.log Command line argument: --add-opens=java.base/java.io=ALL-UNNAMED
04-Aug-2020 16:10:34.506 INFO [main] org.apache.catalina.startup.VersionLoggerListener.log Command line argument: --add-opens=java.rmi/sun.rmi.transport=ALL-UNNAMED
04-Aug-2020 16:10:34.507 INFO [main] org.apache.catalina.startup.VersionLoggerListener.log Command line argument: -Djava.util.logging.config.file=/opt/tomcat/conf/logging.properties
04-Aug-2020 16:10:34.511 INFO [main] org.apache.catalina.startup.VersionLoggerListener.log Command line argument: -Djava.util.logging.manager=org.apache.juli.ClassLoaderLogManager
04-Aug-2020 16:10:34.518 INFO [main] org.apache.catalina.startup.VersionLoggerListener.log Command line argument: -Djdk.tls.ephemeralDHKeySize=2048
04-Aug-2020 16:10:34.524 INFO [main] org.apache.catalina.startup.VersionLoggerListener.log Command line argument: -Djava.protocol.handler.pkgs=org.apache.catalina.webresources
04-Aug-2020 16:10:34.527 INFO [main] org.apache.catalina.startup.VersionLoggerListener.log Command line argument: -Dorg.apache.catalina.security.SecurityListener.UMASK=0027
04-Aug-2020 16:10:34.529 INFO [main] org.apache.catalina.startup.VersionLoggerListener.log Command line argument: -agentlib:jdwp=transport=dt_socket,address=8787,server=y,suspend=n
04-Aug-2020 16:10:34.531 INFO [main] org.apache.catalina.startup.VersionLoggerListener.log Command line argument: -Dignore.endorsed.dirs=
04-Aug-2020 16:10:34.534 INFO [main] org.apache.catalina.startup.VersionLoggerListener.log Command line argument: -Dcatalina.base=/opt/tomcat
04-Aug-2020 16:10:34.535 INFO [main] org.apache.catalina.startup.VersionLoggerListener.log Command line argument: -Dcatalina.home=/opt/tomcat
04-Aug-2020 16:10:34.537 INFO [main] org.apache.catalina.startup.VersionLoggerListener.log Command line argument: -Djava.io.tmpdir=/opt/tomcat/temp
04-Aug-2020 16:10:34.540 INFO [main] org.apache.catalina.core.AprLifecycleListener.lifecycleEvent The Apache Tomcat Native library which allows using OpenSSL was not found on the java.library.path: [/usr/java/packages/lib:/usr/lib64:/lib64:/lib:/usr/lib]
04-Aug-2020 16:10:34.697 INFO [main] org.apache.coyote.AbstractProtocol.init Initializing ProtocolHandler ["http-nio-8080"]
04-Aug-2020 16:10:34.759 INFO [main] org.apache.tomcat.util.net.NioSelectorPool.getSharedSelector Using a shared selector for servlet write/read
04-Aug-2020 16:10:34.791 INFO [main] org.apache.catalina.startup.Catalina.load Initialization processed in 1716 ms
04-Aug-2020 16:10:34.831 INFO [main] org.apache.tomcat.dbcp.dbcp2.BasicDataSourceFactory.getObjectInstance Name = MyDB Ignoring unknown property: value of "jdbc/MyDB" for "global" property
04-Aug-2020 16:10:35.011 INFO [main] org.apache.catalina.core.StandardService.startInternal Starting service [Catalina]
04-Aug-2020 16:10:35.013 INFO [main] org.apache.catalina.core.StandardEngine.startInternal Starting Servlet Engine: Apache Tomcat/8.5.57
04-Aug-2020 16:10:35.115 INFO [localhost-startStop-1] org.apache.catalina.startup.HostConfig.deployWAR Deploying web application archive [/opt/tomcat/webapps/SpringRestApiDemo.war]
04-Aug-2020 16:10:37.855 INFO [localhost-startStop-1] org.apache.jasper.servlet.TldScanner.scanJars At least one JAR was scanned for TLDs yet contained no TLDs. Enable debug logging for this logger for a complete list of JARs that were scanned but no TLDs were found in them. Skipping unneeded JARs during scanning can improve startup time and JSP compilation time.
04-Aug-2020 16:10:38.008 INFO [localhost-startStop-1] org.apache.catalina.startup.HostConfig.deployWAR Deployment of web application archive [/opt/tomcat/webapps/SpringRestApiDemo.war] has finished in [2,890] ms
04-Aug-2020 16:10:38.048 INFO [main] org.apache.coyote.AbstractProtocol.start Starting ProtocolHandler ["http-nio-8080"]
04-Aug-2020 16:10:38.098 INFO [main] org.apache.catalina.startup.Catalina.start Server startup in 3306 ms
04-Aug-2020 16:14:08.205 INFO [ContainerBackgroundProcessor[StandardEngine[Catalina]]] org.apache.catalina.startup.HostConfig.undeploy Undeploying context [/SpringRestApiDemo]
04-Aug-2020 16:14:08.293 INFO [localhost-startStop-2] org.apache.catalina.startup.HostConfig.deployWAR Deploying web application archive [/opt/tomcat/webapps/SpringRestApiDemo.war]
04-Aug-2020 16:15:07.496 INFO [localhost-startStop-2] org.apache.jasper.servlet.TldScanner.scanJars At least one JAR was scanned for TLDs yet contained no TLDs. Enable debug logging for this logger for a complete list of JARs that were scanned but no TLDs were found in them. Skipping unneeded JARs during scanning can improve startup time and JSP compilation time.
04-Aug-2020 16:16:05.383 INFO [localhost-startStop-2] org.apache.catalina.startup.HostConfig.deployWAR Deployment of web application archive [/opt/tomcat/webapps/SpringRestApiDemo.war] has finished in [117,090] ms
