04-Aug-2020 10:46:13.525 INFO [localhost-startStop-1] org.apache.catalina.core.ApplicationContext.log No Spring WebApplicationInitializer types detected on classpath
04-Aug-2020 10:46:13.643 INFO [localhost-startStop-1] org.apache.catalina.core.ApplicationContext.log Initializing Spring root WebApplicationContext
04-Aug-2020 10:46:30.578 SEVERE [localhost-startStop-1] org.apache.catalina.core.StandardContext.listenerStart Exception sending context initialized event to listener instance of class [org.springframework.web.context.ContextLoaderListener]
	org.springframework.beans.factory.BeanCreationException: Error creating bean with name 'appEntityManager' defined in ServletContext resource [/WEB-INF/SpringRestApiDemo-servlet.xml]: Cannot create inner bean 'org.springframework.orm.jpa.persistenceunit.DefaultPersistenceUnitManager#437f1494' of type [org.springframework.orm.jpa.persistenceunit.DefaultPersistenceUnitManager] while setting bean property 'persistenceUnitManager'; nested exception is org.springframework.beans.factory.BeanCreationException: Error creating bean with name 'org.springframework.orm.jpa.persistenceunit.DefaultPersistenceUnitManager#437f1494' defined in ServletContext resource [/WEB-INF/SpringRestApiDemo-servlet.xml]: Cannot resolve reference to bean 'mysqlDS' while setting bean property 'defaultDataSource'; nested exception is org.springframework.beans.factory.BeanCreationException: Error creating bean with name 'mysqlDS': Invocation of init method failed; nested exception is javax.naming.NameNotFoundException: Name [jboss/datasources/mysqldb] is not bound in this Context. Unable to find [jboss].
		at org.springframework.beans.factory.support.BeanDefinitionValueResolver.resolveInnerBean(BeanDefinitionValueResolver.java:389)
		at org.springframework.beans.factory.support.BeanDefinitionValueResolver.resolveValueIfNecessary(BeanDefinitionValueResolver.java:127)
		at org.springframework.beans.factory.support.AbstractAutowireCapableBeanFactory.applyPropertyValues(AbstractAutowireCapableBeanFactory.java:1699)
		at org.springframework.beans.factory.support.AbstractAutowireCapableBeanFactory.populateBean(AbstractAutowireCapableBeanFactory.java:1444)
		at org.springframework.beans.factory.support.AbstractAutowireCapableBeanFactory.doCreateBean(AbstractAutowireCapableBeanFactory.java:594)
		at org.springframework.beans.factory.support.AbstractAutowireCapableBeanFactory.createBean(AbstractAutowireCapableBeanFactory.java:517)
		at org.springframework.beans.factory.support.AbstractBeanFactory.lambda$doGetBean$0(AbstractBeanFactory.java:323)
		at org.springframework.beans.factory.support.DefaultSingletonBeanRegistry.getSingleton(DefaultSingletonBeanRegistry.java:226)
		at org.springframework.beans.factory.support.AbstractBeanFactory.doGetBean(AbstractBeanFactory.java:321)
		at org.springframework.beans.factory.support.AbstractBeanFactory.getBean(AbstractBeanFactory.java:202)
		at org.springframework.context.support.AbstractApplicationContext.getBean(AbstractApplicationContext.java:1109)
		at org.springframework.context.support.AbstractApplicationContext.finishBeanFactoryInitialization(AbstractApplicationContext.java:869)
		at org.springframework.context.support.AbstractApplicationContext.refresh(AbstractApplicationContext.java:551)
		at org.springframework.web.context.ContextLoader.configureAndRefreshWebApplicationContext(ContextLoader.java:401)
		at org.springframework.web.context.ContextLoader.initWebApplicationContext(ContextLoader.java:292)
		at org.springframework.web.context.ContextLoaderListener.contextInitialized(ContextLoaderListener.java:103)
		at org.apache.catalina.core.StandardContext.listenerStart(StandardContext.java:4689)
		at org.apache.catalina.core.StandardContext.startInternal(StandardContext.java:5155)
		at org.apache.catalina.util.LifecycleBase.start(LifecycleBase.java:183)
		at org.apache.catalina.core.ContainerBase.addChildInternal(ContainerBase.java:743)
		at org.apache.catalina.core.ContainerBase.addChild(ContainerBase.java:719)
		at org.apache.catalina.core.StandardHost.addChild(StandardHost.java:705)
		at org.apache.catalina.startup.HostConfig.deployWAR(HostConfig.java:970)
		at org.apache.catalina.startup.HostConfig$DeployWar.run(HostConfig.java:1840)
		at java.base/java.util.concurrent.Executors$RunnableAdapter.call(Executors.java:515)
		at java.base/java.util.concurrent.FutureTask.run(FutureTask.java:264)
		at java.base/java.util.concurrent.ThreadPoolExecutor.runWorker(ThreadPoolExecutor.java:1128)
		at java.base/java.util.concurrent.ThreadPoolExecutor$Worker.run(ThreadPoolExecutor.java:628)
		at java.base/java.lang.Thread.run(Thread.java:834)
	Caused by: org.springframework.beans.factory.BeanCreationException: Error creating bean with name 'org.springframework.orm.jpa.persistenceunit.DefaultPersistenceUnitManager#437f1494' defined in ServletContext resource [/WEB-INF/SpringRestApiDemo-servlet.xml]: Cannot resolve reference to bean 'mysqlDS' while setting bean property 'defaultDataSource'; nested exception is org.springframework.beans.factory.BeanCreationException: Error creating bean with name 'mysqlDS': Invocation of init method failed; nested exception is javax.naming.NameNotFoundException: Name [jboss/datasources/mysqldb] is not bound in this Context. Unable to find [jboss].
		at org.springframework.beans.factory.support.BeanDefinitionValueResolver.resolveReference(BeanDefinitionValueResolver.java:342)
		at org.springframework.beans.factory.support.BeanDefinitionValueResolver.resolveValueIfNecessary(BeanDefinitionValueResolver.java:113)
		at org.springframework.beans.factory.support.AbstractAutowireCapableBeanFactory.applyPropertyValues(AbstractAutowireCapableBeanFactory.java:1699)
		at org.springframework.beans.factory.support.AbstractAutowireCapableBeanFactory.populateBean(AbstractAutowireCapableBeanFactory.java:1444)
		at org.springframework.beans.factory.support.AbstractAutowireCapableBeanFactory.doCreateBean(AbstractAutowireCapableBeanFactory.java:594)
		at org.springframework.beans.factory.support.AbstractAutowireCapableBeanFactory.createBean(AbstractAutowireCapableBeanFactory.java:517)
		at org.springframework.beans.factory.support.BeanDefinitionValueResolver.resolveInnerBean(BeanDefinitionValueResolver.java:374)
		... 28 more
	Caused by: org.springframework.beans.factory.BeanCreationException: Error creating bean with name 'mysqlDS': Invocation of init method failed; nested exception is javax.naming.NameNotFoundException: Name [jboss/datasources/mysqldb] is not bound in this Context. Unable to find [jboss].
		at org.springframework.beans.factory.support.AbstractAutowireCapableBeanFactory.initializeBean(AbstractAutowireCapableBeanFactory.java:1796)
		at org.springframework.beans.factory.support.AbstractAutowireCapableBeanFactory.doCreateBean(AbstractAutowireCapableBeanFactory.java:595)
		at org.springframework.beans.factory.support.AbstractAutowireCapableBeanFactory.createBean(AbstractAutowireCapableBeanFactory.java:517)
		at org.springframework.beans.factory.support.AbstractBeanFactory.lambda$doGetBean$0(AbstractBeanFactory.java:323)
		at org.springframework.beans.factory.support.DefaultSingletonBeanRegistry.getSingleton(DefaultSingletonBeanRegistry.java:226)
		at org.springframework.beans.factory.support.AbstractBeanFactory.doGetBean(AbstractBeanFactory.java:321)
		at org.springframework.beans.factory.support.AbstractBeanFactory.getBean(AbstractBeanFactory.java:202)
		at org.springframework.beans.factory.support.BeanDefinitionValueResolver.resolveReference(BeanDefinitionValueResolver.java:330)
		... 34 more
	Caused by: javax.naming.NameNotFoundException: Name [jboss/datasources/mysqldb] is not bound in this Context. Unable to find [jboss].
		at org.apache.naming.NamingContext.lookup(NamingContext.java:816)
		at org.apache.naming.NamingContext.lookup(NamingContext.java:173)
		at org.apache.naming.SelectorContext.lookup(SelectorContext.java:163)
		at java.naming/javax.naming.InitialContext.lookup(InitialContext.java:409)
		at org.springframework.jndi.JndiTemplate.lambda$lookup$0(JndiTemplate.java:157)
		at org.springframework.jndi.JndiTemplate.execute(JndiTemplate.java:92)
		at org.springframework.jndi.JndiTemplate.lookup(JndiTemplate.java:157)
		at org.springframework.jndi.JndiTemplate.lookup(JndiTemplate.java:179)
		at org.springframework.jndi.JndiLocatorSupport.lookup(JndiLocatorSupport.java:96)
		at org.springframework.jndi.JndiObjectLocator.lookup(JndiObjectLocator.java:114)
		at org.springframework.jndi.JndiObjectTargetSource.afterPropertiesSet(JndiObjectTargetSource.java:100)
		at org.springframework.jndi.JndiObjectFactoryBean$JndiObjectProxyFactory.createJndiObjectProxy(JndiObjectFactoryBean.java:329)
		at org.springframework.jndi.JndiObjectFactoryBean$JndiObjectProxyFactory.access$000(JndiObjectFactoryBean.java:316)
		at org.springframework.jndi.JndiObjectFactoryBean.afterPropertiesSet(JndiObjectFactoryBean.java:208)
		at org.springframework.beans.factory.support.AbstractAutowireCapableBeanFactory.invokeInitMethods(AbstractAutowireCapableBeanFactory.java:1855)
		at org.springframework.beans.factory.support.AbstractAutowireCapableBeanFactory.initializeBean(AbstractAutowireCapableBeanFactory.java:1792)
		... 41 more
04-Aug-2020 10:46:30.615 INFO [localhost-startStop-1] org.apache.catalina.core.ApplicationContext.log Closing Spring root WebApplicationContext
04-Aug-2020 13:00:04.897 INFO [localhost-startStop-1] org.apache.catalina.core.ApplicationContext.log No Spring WebApplicationInitializer types detected on classpath
04-Aug-2020 13:00:05.007 INFO [localhost-startStop-1] org.apache.catalina.core.ApplicationContext.log Initializing Spring root WebApplicationContext
04-Aug-2020 13:00:19.951 SEVERE [localhost-startStop-1] org.apache.catalina.core.StandardContext.listenerStart Exception sending context initialized event to listener instance of class [org.springframework.web.context.ContextLoaderListener]
	org.springframework.beans.factory.BeanCreationException: Error creating bean with name 'appEntityManager' defined in ServletContext resource [/WEB-INF/SpringRestApiDemo-servlet.xml]: Cannot create inner bean 'org.springframework.orm.jpa.persistenceunit.DefaultPersistenceUnitManager#3ff2b267' of type [org.springframework.orm.jpa.persistenceunit.DefaultPersistenceUnitManager] while setting bean property 'persistenceUnitManager'; nested exception is org.springframework.beans.factory.BeanCreationException: Error creating bean with name 'org.springframework.orm.jpa.persistenceunit.DefaultPersistenceUnitManager#3ff2b267' defined in ServletContext resource [/WEB-INF/SpringRestApiDemo-servlet.xml]: Invocation of init method failed; nested exception is org.springframework.jdbc.datasource.lookup.DataSourceLookupFailureException: Failed to look up JNDI DataSource with name 'java:jboss/datasources/mysqldb'; nested exception is javax.naming.NameNotFoundException: Name [jboss/datasources/mysqldb] is not bound in this Context. Unable to find [jboss].
		at org.springframework.beans.factory.support.BeanDefinitionValueResolver.resolveInnerBean(BeanDefinitionValueResolver.java:389)
		at org.springframework.beans.factory.support.BeanDefinitionValueResolver.resolveValueIfNecessary(BeanDefinitionValueResolver.java:127)
		at org.springframework.beans.factory.support.AbstractAutowireCapableBeanFactory.applyPropertyValues(AbstractAutowireCapableBeanFactory.java:1699)
		at org.springframework.beans.factory.support.AbstractAutowireCapableBeanFactory.populateBean(AbstractAutowireCapableBeanFactory.java:1444)
		at org.springframework.beans.factory.support.AbstractAutowireCapableBeanFactory.doCreateBean(AbstractAutowireCapableBeanFactory.java:594)
		at org.springframework.beans.factory.support.AbstractAutowireCapableBeanFactory.createBean(AbstractAutowireCapableBeanFactory.java:517)
		at org.springframework.beans.factory.support.AbstractBeanFactory.lambda$doGetBean$0(AbstractBeanFactory.java:323)
		at org.springframework.beans.factory.support.DefaultSingletonBeanRegistry.getSingleton(DefaultSingletonBeanRegistry.java:226)
		at org.springframework.beans.factory.support.AbstractBeanFactory.doGetBean(AbstractBeanFactory.java:321)
		at org.springframework.beans.factory.support.AbstractBeanFactory.getBean(AbstractBeanFactory.java:202)
		at org.springframework.context.support.AbstractApplicationContext.getBean(AbstractApplicationContext.java:1109)
		at org.springframework.context.support.AbstractApplicationContext.finishBeanFactoryInitialization(AbstractApplicationContext.java:869)
		at org.springframework.context.support.AbstractApplicationContext.refresh(AbstractApplicationContext.java:551)
		at org.springframework.web.context.ContextLoader.configureAndRefreshWebApplicationContext(ContextLoader.java:401)
		at org.springframework.web.context.ContextLoader.initWebApplicationContext(ContextLoader.java:292)
		at org.springframework.web.context.ContextLoaderListener.contextInitialized(ContextLoaderListener.java:103)
		at org.apache.catalina.core.StandardContext.listenerStart(StandardContext.java:4689)
		at org.apache.catalina.core.StandardContext.startInternal(StandardContext.java:5155)
		at org.apache.catalina.util.LifecycleBase.start(LifecycleBase.java:183)
		at org.apache.catalina.core.ContainerBase.addChildInternal(ContainerBase.java:743)
		at org.apache.catalina.core.ContainerBase.addChild(ContainerBase.java:719)
		at org.apache.catalina.core.StandardHost.addChild(StandardHost.java:705)
		at org.apache.catalina.startup.HostConfig.deployWAR(HostConfig.java:970)
		at org.apache.catalina.startup.HostConfig$DeployWar.run(HostConfig.java:1840)
		at java.base/java.util.concurrent.Executors$RunnableAdapter.call(Executors.java:515)
		at java.base/java.util.concurrent.FutureTask.run(FutureTask.java:264)
		at java.base/java.util.concurrent.ThreadPoolExecutor.runWorker(ThreadPoolExecutor.java:1128)
		at java.base/java.util.concurrent.ThreadPoolExecutor$Worker.run(ThreadPoolExecutor.java:628)
		at java.base/java.lang.Thread.run(Thread.java:834)
	Caused by: org.springframework.beans.factory.BeanCreationException: Error creating bean with name 'org.springframework.orm.jpa.persistenceunit.DefaultPersistenceUnitManager#3ff2b267' defined in ServletContext resource [/WEB-INF/SpringRestApiDemo-servlet.xml]: Invocation of init method failed; nested exception is org.springframework.jdbc.datasource.lookup.DataSourceLookupFailureException: Failed to look up JNDI DataSource with name 'java:jboss/datasources/mysqldb'; nested exception is javax.naming.NameNotFoundException: Name [jboss/datasources/mysqldb] is not bound in this Context. Unable to find [jboss].
		at org.springframework.beans.factory.support.AbstractAutowireCapableBeanFactory.initializeBean(AbstractAutowireCapableBeanFactory.java:1796)
		at org.springframework.beans.factory.support.AbstractAutowireCapableBeanFactory.doCreateBean(AbstractAutowireCapableBeanFactory.java:595)
		at org.springframework.beans.factory.support.AbstractAutowireCapableBeanFactory.createBean(AbstractAutowireCapableBeanFactory.java:517)
		at org.springframework.beans.factory.support.BeanDefinitionValueResolver.resolveInnerBean(BeanDefinitionValueResolver.java:374)
		... 28 more
	Caused by: org.springframework.jdbc.datasource.lookup.DataSourceLookupFailureException: Failed to look up JNDI DataSource with name 'java:jboss/datasources/mysqldb'; nested exception is javax.naming.NameNotFoundException: Name [jboss/datasources/mysqldb] is not bound in this Context. Unable to find [jboss].
		at org.springframework.jdbc.datasource.lookup.JndiDataSourceLookup.getDataSource(JndiDataSourceLookup.java:48)
		at org.springframework.orm.jpa.persistenceunit.PersistenceUnitReader.parsePersistenceUnitInfo(PersistenceUnitReader.java:221)
		at org.springframework.orm.jpa.persistenceunit.PersistenceUnitReader.parseDocument(PersistenceUnitReader.java:184)
		at org.springframework.orm.jpa.persistenceunit.PersistenceUnitReader.readPersistenceUnitInfos(PersistenceUnitReader.java:136)
		at org.springframework.orm.jpa.persistenceunit.DefaultPersistenceUnitManager.readPersistenceUnitInfos(DefaultPersistenceUnitManager.java:507)
		at org.springframework.orm.jpa.persistenceunit.DefaultPersistenceUnitManager.preparePersistenceUnitInfos(DefaultPersistenceUnitManager.java:460)
		at org.springframework.orm.jpa.persistenceunit.DefaultPersistenceUnitManager.afterPropertiesSet(DefaultPersistenceUnitManager.java:444)
		at org.springframework.beans.factory.support.AbstractAutowireCapableBeanFactory.invokeInitMethods(AbstractAutowireCapableBeanFactory.java:1855)
		at org.springframework.beans.factory.support.AbstractAutowireCapableBeanFactory.initializeBean(AbstractAutowireCapableBeanFactory.java:1792)
		... 31 more
	Caused by: javax.naming.NameNotFoundException: Name [jboss/datasources/mysqldb] is not bound in this Context. Unable to find [jboss].
		at org.apache.naming.NamingContext.lookup(NamingContext.java:816)
		at org.apache.naming.NamingContext.lookup(NamingContext.java:173)
		at org.apache.naming.SelectorContext.lookup(SelectorContext.java:163)
		at java.naming/javax.naming.InitialContext.lookup(InitialContext.java:409)
		at org.springframework.jndi.JndiTemplate.lambda$lookup$0(JndiTemplate.java:157)
		at org.springframework.jndi.JndiTemplate.execute(JndiTemplate.java:92)
		at org.springframework.jndi.JndiTemplate.lookup(JndiTemplate.java:157)
		at org.springframework.jndi.JndiTemplate.lookup(JndiTemplate.java:179)
		at org.springframework.jndi.JndiLocatorSupport.lookup(JndiLocatorSupport.java:96)
		at org.springframework.jdbc.datasource.lookup.JndiDataSourceLookup.getDataSource(JndiDataSourceLookup.java:45)
		... 39 more
04-Aug-2020 13:00:20.000 INFO [localhost-startStop-1] org.apache.catalina.core.ApplicationContext.log Closing Spring root WebApplicationContext
04-Aug-2020 13:03:58.715 INFO [localhost-startStop-2] org.apache.catalina.core.ApplicationContext.log No Spring WebApplicationInitializer types detected on classpath
04-Aug-2020 13:03:58.789 INFO [localhost-startStop-2] org.apache.catalina.core.ApplicationContext.log Initializing Spring root WebApplicationContext
04-Aug-2020 13:04:15.123 SEVERE [localhost-startStop-2] org.apache.catalina.core.StandardContext.listenerStart Exception sending context initialized event to listener instance of class [org.springframework.web.context.ContextLoaderListener]
	org.springframework.beans.factory.BeanCreationException: Error creating bean with name 'appEntityManager' defined in ServletContext resource [/WEB-INF/SpringRestApiDemo-servlet.xml]: Cannot create inner bean 'org.springframework.orm.jpa.persistenceunit.DefaultPersistenceUnitManager#7a997c7c' of type [org.springframework.orm.jpa.persistenceunit.DefaultPersistenceUnitManager] while setting bean property 'persistenceUnitManager'; nested exception is org.springframework.beans.factory.BeanCreationException: Error creating bean with name 'org.springframework.orm.jpa.persistenceunit.DefaultPersistenceUnitManager#7a997c7c' defined in ServletContext resource [/WEB-INF/SpringRestApiDemo-servlet.xml]: Cannot resolve reference to bean 'mysqlDS' while setting bean property 'defaultDataSource'; nested exception is org.springframework.beans.factory.BeanCreationException: Error creating bean with name 'mysqlDS': Invocation of init method failed; nested exception is javax.naming.NameNotFoundException: Name [jdbc/mysqldb] is not bound in this Context. Unable to find [jdbc].
		at org.springframework.beans.factory.support.BeanDefinitionValueResolver.resolveInnerBean(BeanDefinitionValueResolver.java:389)
		at org.springframework.beans.factory.support.BeanDefinitionValueResolver.resolveValueIfNecessary(BeanDefinitionValueResolver.java:127)
		at org.springframework.beans.factory.support.AbstractAutowireCapableBeanFactory.applyPropertyValues(AbstractAutowireCapableBeanFactory.java:1699)
		at org.springframework.beans.factory.support.AbstractAutowireCapableBeanFactory.populateBean(AbstractAutowireCapableBeanFactory.java:1444)
		at org.springframework.beans.factory.support.AbstractAutowireCapableBeanFactory.doCreateBean(AbstractAutowireCapableBeanFactory.java:594)
		at org.springframework.beans.factory.support.AbstractAutowireCapableBeanFactory.createBean(AbstractAutowireCapableBeanFactory.java:517)
		at org.springframework.beans.factory.support.AbstractBeanFactory.lambda$doGetBean$0(AbstractBeanFactory.java:323)
		at org.springframework.beans.factory.support.DefaultSingletonBeanRegistry.getSingleton(DefaultSingletonBeanRegistry.java:226)
		at org.springframework.beans.factory.support.AbstractBeanFactory.doGetBean(AbstractBeanFactory.java:321)
		at org.springframework.beans.factory.support.AbstractBeanFactory.getBean(AbstractBeanFactory.java:202)
		at org.springframework.context.support.AbstractApplicationContext.getBean(AbstractApplicationContext.java:1109)
		at org.springframework.context.support.AbstractApplicationContext.finishBeanFactoryInitialization(AbstractApplicationContext.java:869)
		at org.springframework.context.support.AbstractApplicationContext.refresh(AbstractApplicationContext.java:551)
		at org.springframework.web.context.ContextLoader.configureAndRefreshWebApplicationContext(ContextLoader.java:401)
		at org.springframework.web.context.ContextLoader.initWebApplicationContext(ContextLoader.java:292)
		at org.springframework.web.context.ContextLoaderListener.contextInitialized(ContextLoaderListener.java:103)
		at org.apache.catalina.core.StandardContext.listenerStart(StandardContext.java:4689)
		at org.apache.catalina.core.StandardContext.startInternal(StandardContext.java:5155)
		at org.apache.catalina.util.LifecycleBase.start(LifecycleBase.java:183)
		at org.apache.catalina.core.ContainerBase.addChildInternal(ContainerBase.java:743)
		at org.apache.catalina.core.ContainerBase.addChild(ContainerBase.java:719)
		at org.apache.catalina.core.StandardHost.addChild(StandardHost.java:705)
		at org.apache.catalina.startup.HostConfig.deployWAR(HostConfig.java:970)
		at org.apache.catalina.startup.HostConfig$DeployWar.run(HostConfig.java:1840)
		at java.base/java.util.concurrent.Executors$RunnableAdapter.call(Executors.java:515)
		at java.base/java.util.concurrent.FutureTask.run(FutureTask.java:264)
		at java.base/java.util.concurrent.ThreadPoolExecutor.runWorker(ThreadPoolExecutor.java:1128)
		at java.base/java.util.concurrent.ThreadPoolExecutor$Worker.run(ThreadPoolExecutor.java:628)
		at java.base/java.lang.Thread.run(Thread.java:834)
	Caused by: org.springframework.beans.factory.BeanCreationException: Error creating bean with name 'org.springframework.orm.jpa.persistenceunit.DefaultPersistenceUnitManager#7a997c7c' defined in ServletContext resource [/WEB-INF/SpringRestApiDemo-servlet.xml]: Cannot resolve reference to bean 'mysqlDS' while setting bean property 'defaultDataSource'; nested exception is org.springframework.beans.factory.BeanCreationException: Error creating bean with name 'mysqlDS': Invocation of init method failed; nested exception is javax.naming.NameNotFoundException: Name [jdbc/mysqldb] is not bound in this Context. Unable to find [jdbc].
		at org.springframework.beans.factory.support.BeanDefinitionValueResolver.resolveReference(BeanDefinitionValueResolver.java:342)
		at org.springframework.beans.factory.support.BeanDefinitionValueResolver.resolveValueIfNecessary(BeanDefinitionValueResolver.java:113)
		at org.springframework.beans.factory.support.AbstractAutowireCapableBeanFactory.applyPropertyValues(AbstractAutowireCapableBeanFactory.java:1699)
		at org.springframework.beans.factory.support.AbstractAutowireCapableBeanFactory.populateBean(AbstractAutowireCapableBeanFactory.java:1444)
		at org.springframework.beans.factory.support.AbstractAutowireCapableBeanFactory.doCreateBean(AbstractAutowireCapableBeanFactory.java:594)
		at org.springframework.beans.factory.support.AbstractAutowireCapableBeanFactory.createBean(AbstractAutowireCapableBeanFactory.java:517)
		at org.springframework.beans.factory.support.BeanDefinitionValueResolver.resolveInnerBean(BeanDefinitionValueResolver.java:374)
		... 28 more
	Caused by: org.springframework.beans.factory.BeanCreationException: Error creating bean with name 'mysqlDS': Invocation of init method failed; nested exception is javax.naming.NameNotFoundException: Name [jdbc/mysqldb] is not bound in this Context. Unable to find [jdbc].
		at org.springframework.beans.factory.support.AbstractAutowireCapableBeanFactory.initializeBean(AbstractAutowireCapableBeanFactory.java:1796)
		at org.springframework.beans.factory.support.AbstractAutowireCapableBeanFactory.doCreateBean(AbstractAutowireCapableBeanFactory.java:595)
		at org.springframework.beans.factory.support.AbstractAutowireCapableBeanFactory.createBean(AbstractAutowireCapableBeanFactory.java:517)
		at org.springframework.beans.factory.support.AbstractBeanFactory.lambda$doGetBean$0(AbstractBeanFactory.java:323)
		at org.springframework.beans.factory.support.DefaultSingletonBeanRegistry.getSingleton(DefaultSingletonBeanRegistry.java:226)
		at org.springframework.beans.factory.support.AbstractBeanFactory.doGetBean(AbstractBeanFactory.java:321)
		at org.springframework.beans.factory.support.AbstractBeanFactory.getBean(AbstractBeanFactory.java:202)
		at org.springframework.beans.factory.support.BeanDefinitionValueResolver.resolveReference(BeanDefinitionValueResolver.java:330)
		... 34 more
	Caused by: javax.naming.NameNotFoundException: Name [jdbc/mysqldb] is not bound in this Context. Unable to find [jdbc].
		at org.apache.naming.NamingContext.lookup(NamingContext.java:816)
		at org.apache.naming.NamingContext.lookup(NamingContext.java:159)
		at org.apache.naming.NamingContext.lookup(NamingContext.java:827)
		at org.apache.naming.NamingContext.lookup(NamingContext.java:159)
		at org.apache.naming.NamingContext.lookup(NamingContext.java:827)
		at org.apache.naming.NamingContext.lookup(NamingContext.java:173)
		at org.apache.naming.SelectorContext.lookup(SelectorContext.java:163)
		at java.naming/javax.naming.InitialContext.lookup(InitialContext.java:409)
		at org.springframework.jndi.JndiTemplate.lambda$lookup$0(JndiTemplate.java:157)
		at org.springframework.jndi.JndiTemplate.execute(JndiTemplate.java:92)
		at org.springframework.jndi.JndiTemplate.lookup(JndiTemplate.java:157)
		at org.springframework.jndi.JndiTemplate.lookup(JndiTemplate.java:179)
		at org.springframework.jndi.JndiLocatorSupport.lookup(JndiLocatorSupport.java:96)
		at org.springframework.jndi.JndiObjectLocator.lookup(JndiObjectLocator.java:114)
		at org.springframework.jndi.JndiObjectTargetSource.afterPropertiesSet(JndiObjectTargetSource.java:100)
		at org.springframework.jndi.JndiObjectFactoryBean$JndiObjectProxyFactory.createJndiObjectProxy(JndiObjectFactoryBean.java:329)
		at org.springframework.jndi.JndiObjectFactoryBean$JndiObjectProxyFactory.access$000(JndiObjectFactoryBean.java:316)
		at org.springframework.jndi.JndiObjectFactoryBean.afterPropertiesSet(JndiObjectFactoryBean.java:208)
		at org.springframework.beans.factory.support.AbstractAutowireCapableBeanFactory.invokeInitMethods(AbstractAutowireCapableBeanFactory.java:1855)
		at org.springframework.beans.factory.support.AbstractAutowireCapableBeanFactory.initializeBean(AbstractAutowireCapableBeanFactory.java:1792)
		... 41 more
04-Aug-2020 13:04:15.138 INFO [localhost-startStop-2] org.apache.catalina.core.ApplicationContext.log Closing Spring root WebApplicationContext
04-Aug-2020 13:06:35.179 INFO [localhost-startStop-1] org.apache.catalina.core.ApplicationContext.log No Spring WebApplicationInitializer types detected on classpath
04-Aug-2020 13:06:35.279 INFO [localhost-startStop-1] org.apache.catalina.core.ApplicationContext.log Initializing Spring root WebApplicationContext
04-Aug-2020 13:06:51.538 SEVERE [localhost-startStop-1] org.apache.catalina.core.StandardContext.listenerStart Exception sending context initialized event to listener instance of class [org.springframework.web.context.ContextLoaderListener]
	org.springframework.beans.factory.BeanCreationException: Error creating bean with name 'appEntityManager' defined in ServletContext resource [/WEB-INF/SpringRestApiDemo-servlet.xml]: Cannot create inner bean 'org.springframework.orm.jpa.persistenceunit.DefaultPersistenceUnitManager#4916b3cc' of type [org.springframework.orm.jpa.persistenceunit.DefaultPersistenceUnitManager] while setting bean property 'persistenceUnitManager'; nested exception is org.springframework.beans.factory.BeanCreationException: Error creating bean with name 'org.springframework.orm.jpa.persistenceunit.DefaultPersistenceUnitManager#4916b3cc' defined in ServletContext resource [/WEB-INF/SpringRestApiDemo-servlet.xml]: Invocation of init method failed; nested exception is org.springframework.jdbc.datasource.lookup.DataSourceLookupFailureException: Failed to look up JNDI DataSource with name 'java:jboss/datasources/mysqldb'; nested exception is javax.naming.NameNotFoundException: Name [jboss/datasources/mysqldb] is not bound in this Context. Unable to find [jboss].
		at org.springframework.beans.factory.support.BeanDefinitionValueResolver.resolveInnerBean(BeanDefinitionValueResolver.java:389)
		at org.springframework.beans.factory.support.BeanDefinitionValueResolver.resolveValueIfNecessary(BeanDefinitionValueResolver.java:127)
		at org.springframework.beans.factory.support.AbstractAutowireCapableBeanFactory.applyPropertyValues(AbstractAutowireCapableBeanFactory.java:1699)
		at org.springframework.beans.factory.support.AbstractAutowireCapableBeanFactory.populateBean(AbstractAutowireCapableBeanFactory.java:1444)
		at org.springframework.beans.factory.support.AbstractAutowireCapableBeanFactory.doCreateBean(AbstractAutowireCapableBeanFactory.java:594)
		at org.springframework.beans.factory.support.AbstractAutowireCapableBeanFactory.createBean(AbstractAutowireCapableBeanFactory.java:517)
		at org.springframework.beans.factory.support.AbstractBeanFactory.lambda$doGetBean$0(AbstractBeanFactory.java:323)
		at org.springframework.beans.factory.support.DefaultSingletonBeanRegistry.getSingleton(DefaultSingletonBeanRegistry.java:226)
		at org.springframework.beans.factory.support.AbstractBeanFactory.doGetBean(AbstractBeanFactory.java:321)
		at org.springframework.beans.factory.support.AbstractBeanFactory.getBean(AbstractBeanFactory.java:202)
		at org.springframework.context.support.AbstractApplicationContext.getBean(AbstractApplicationContext.java:1109)
		at org.springframework.context.support.AbstractApplicationContext.finishBeanFactoryInitialization(AbstractApplicationContext.java:869)
		at org.springframework.context.support.AbstractApplicationContext.refresh(AbstractApplicationContext.java:551)
		at org.springframework.web.context.ContextLoader.configureAndRefreshWebApplicationContext(ContextLoader.java:401)
		at org.springframework.web.context.ContextLoader.initWebApplicationContext(ContextLoader.java:292)
		at org.springframework.web.context.ContextLoaderListener.contextInitialized(ContextLoaderListener.java:103)
		at org.apache.catalina.core.StandardContext.listenerStart(StandardContext.java:4689)
		at org.apache.catalina.core.StandardContext.startInternal(StandardContext.java:5155)
		at org.apache.catalina.util.LifecycleBase.start(LifecycleBase.java:183)
		at org.apache.catalina.core.ContainerBase.addChildInternal(ContainerBase.java:743)
		at org.apache.catalina.core.ContainerBase.addChild(ContainerBase.java:719)
		at org.apache.catalina.core.StandardHost.addChild(StandardHost.java:705)
		at org.apache.catalina.startup.HostConfig.deployWAR(HostConfig.java:970)
		at org.apache.catalina.startup.HostConfig$DeployWar.run(HostConfig.java:1840)
		at java.base/java.util.concurrent.Executors$RunnableAdapter.call(Executors.java:515)
		at java.base/java.util.concurrent.FutureTask.run(FutureTask.java:264)
		at java.base/java.util.concurrent.ThreadPoolExecutor.runWorker(ThreadPoolExecutor.java:1128)
		at java.base/java.util.concurrent.ThreadPoolExecutor$Worker.run(ThreadPoolExecutor.java:628)
		at java.base/java.lang.Thread.run(Thread.java:834)
	Caused by: org.springframework.beans.factory.BeanCreationException: Error creating bean with name 'org.springframework.orm.jpa.persistenceunit.DefaultPersistenceUnitManager#4916b3cc' defined in ServletContext resource [/WEB-INF/SpringRestApiDemo-servlet.xml]: Invocation of init method failed; nested exception is org.springframework.jdbc.datasource.lookup.DataSourceLookupFailureException: Failed to look up JNDI DataSource with name 'java:jboss/datasources/mysqldb'; nested exception is javax.naming.NameNotFoundException: Name [jboss/datasources/mysqldb] is not bound in this Context. Unable to find [jboss].
		at org.springframework.beans.factory.support.AbstractAutowireCapableBeanFactory.initializeBean(AbstractAutowireCapableBeanFactory.java:1796)
		at org.springframework.beans.factory.support.AbstractAutowireCapableBeanFactory.doCreateBean(AbstractAutowireCapableBeanFactory.java:595)
		at org.springframework.beans.factory.support.AbstractAutowireCapableBeanFactory.createBean(AbstractAutowireCapableBeanFactory.java:517)
		at org.springframework.beans.factory.support.BeanDefinitionValueResolver.resolveInnerBean(BeanDefinitionValueResolver.java:374)
		... 28 more
	Caused by: org.springframework.jdbc.datasource.lookup.DataSourceLookupFailureException: Failed to look up JNDI DataSource with name 'java:jboss/datasources/mysqldb'; nested exception is javax.naming.NameNotFoundException: Name [jboss/datasources/mysqldb] is not bound in this Context. Unable to find [jboss].
		at org.springframework.jdbc.datasource.lookup.JndiDataSourceLookup.getDataSource(JndiDataSourceLookup.java:48)
		at org.springframework.orm.jpa.persistenceunit.PersistenceUnitReader.parsePersistenceUnitInfo(PersistenceUnitReader.java:221)
		at org.springframework.orm.jpa.persistenceunit.PersistenceUnitReader.parseDocument(PersistenceUnitReader.java:184)
		at org.springframework.orm.jpa.persistenceunit.PersistenceUnitReader.readPersistenceUnitInfos(PersistenceUnitReader.java:136)
		at org.springframework.orm.jpa.persistenceunit.DefaultPersistenceUnitManager.readPersistenceUnitInfos(DefaultPersistenceUnitManager.java:507)
		at org.springframework.orm.jpa.persistenceunit.DefaultPersistenceUnitManager.preparePersistenceUnitInfos(DefaultPersistenceUnitManager.java:460)
		at org.springframework.orm.jpa.persistenceunit.DefaultPersistenceUnitManager.afterPropertiesSet(DefaultPersistenceUnitManager.java:444)
		at org.springframework.beans.factory.support.AbstractAutowireCapableBeanFactory.invokeInitMethods(AbstractAutowireCapableBeanFactory.java:1855)
		at org.springframework.beans.factory.support.AbstractAutowireCapableBeanFactory.initializeBean(AbstractAutowireCapableBeanFactory.java:1792)
		... 31 more
	Caused by: javax.naming.NameNotFoundException: Name [jboss/datasources/mysqldb] is not bound in this Context. Unable to find [jboss].
		at org.apache.naming.NamingContext.lookup(NamingContext.java:816)
		at org.apache.naming.NamingContext.lookup(NamingContext.java:173)
		at org.apache.naming.SelectorContext.lookup(SelectorContext.java:163)
		at java.naming/javax.naming.InitialContext.lookup(InitialContext.java:409)
		at org.springframework.jndi.JndiTemplate.lambda$lookup$0(JndiTemplate.java:157)
		at org.springframework.jndi.JndiTemplate.execute(JndiTemplate.java:92)
		at org.springframework.jndi.JndiTemplate.lookup(JndiTemplate.java:157)
		at org.springframework.jndi.JndiTemplate.lookup(JndiTemplate.java:179)
		at org.springframework.jndi.JndiLocatorSupport.lookup(JndiLocatorSupport.java:96)
		at org.springframework.jdbc.datasource.lookup.JndiDataSourceLookup.getDataSource(JndiDataSourceLookup.java:45)
		... 39 more
04-Aug-2020 13:06:51.562 INFO [localhost-startStop-1] org.apache.catalina.core.ApplicationContext.log Closing Spring root WebApplicationContext
04-Aug-2020 13:10:03.030 INFO [localhost-startStop-2] org.apache.catalina.core.ApplicationContext.log No Spring WebApplicationInitializer types detected on classpath
04-Aug-2020 13:10:03.103 INFO [localhost-startStop-2] org.apache.catalina.core.ApplicationContext.log Initializing Spring root WebApplicationContext
04-Aug-2020 13:10:17.619 SEVERE [localhost-startStop-2] org.apache.catalina.core.StandardContext.listenerStart Exception sending context initialized event to listener instance of class [org.springframework.web.context.ContextLoaderListener]
	org.springframework.beans.factory.BeanCreationException: Error creating bean with name 'appEntityManager' defined in ServletContext resource [/WEB-INF/SpringRestApiDemo-servlet.xml]: Invocation of init method failed; nested exception is java.util.ServiceConfigurationError: org.hibernate.integrator.spi.Integrator: Provider org.hibernate.search.hcore.impl.HibernateSearchIntegrator not found
		at org.springframework.beans.factory.support.AbstractAutowireCapableBeanFactory.initializeBean(AbstractAutowireCapableBeanFactory.java:1796)
		at org.springframework.beans.factory.support.AbstractAutowireCapableBeanFactory.doCreateBean(AbstractAutowireCapableBeanFactory.java:595)
		at org.springframework.beans.factory.support.AbstractAutowireCapableBeanFactory.createBean(AbstractAutowireCapableBeanFactory.java:517)
		at org.springframework.beans.factory.support.AbstractBeanFactory.lambda$doGetBean$0(AbstractBeanFactory.java:323)
		at org.springframework.beans.factory.support.DefaultSingletonBeanRegistry.getSingleton(DefaultSingletonBeanRegistry.java:226)
		at org.springframework.beans.factory.support.AbstractBeanFactory.doGetBean(AbstractBeanFactory.java:321)
		at org.springframework.beans.factory.support.AbstractBeanFactory.getBean(AbstractBeanFactory.java:202)
		at org.springframework.context.support.AbstractApplicationContext.getBean(AbstractApplicationContext.java:1109)
		at org.springframework.context.support.AbstractApplicationContext.finishBeanFactoryInitialization(AbstractApplicationContext.java:869)
		at org.springframework.context.support.AbstractApplicationContext.refresh(AbstractApplicationContext.java:551)
		at org.springframework.web.context.ContextLoader.configureAndRefreshWebApplicationContext(ContextLoader.java:401)
		at org.springframework.web.context.ContextLoader.initWebApplicationContext(ContextLoader.java:292)
		at org.springframework.web.context.ContextLoaderListener.contextInitialized(ContextLoaderListener.java:103)
		at org.apache.catalina.core.StandardContext.listenerStart(StandardContext.java:4689)
		at org.apache.catalina.core.StandardContext.startInternal(StandardContext.java:5155)
		at org.apache.catalina.util.LifecycleBase.start(LifecycleBase.java:183)
		at org.apache.catalina.core.ContainerBase.addChildInternal(ContainerBase.java:743)
		at org.apache.catalina.core.ContainerBase.addChild(ContainerBase.java:719)
		at org.apache.catalina.core.StandardHost.addChild(StandardHost.java:705)
		at org.apache.catalina.startup.HostConfig.deployWAR(HostConfig.java:970)
		at org.apache.catalina.startup.HostConfig$DeployWar.run(HostConfig.java:1840)
		at java.base/java.util.concurrent.Executors$RunnableAdapter.call(Executors.java:515)
		at java.base/java.util.concurrent.FutureTask.run(FutureTask.java:264)
		at java.base/java.util.concurrent.ThreadPoolExecutor.runWorker(ThreadPoolExecutor.java:1128)
		at java.base/java.util.concurrent.ThreadPoolExecutor$Worker.run(ThreadPoolExecutor.java:628)
		at java.base/java.lang.Thread.run(Thread.java:834)
	Caused by: java.util.ServiceConfigurationError: org.hibernate.integrator.spi.Integrator: Provider org.hibernate.search.hcore.impl.HibernateSearchIntegrator not found
		at java.base/java.util.ServiceLoader.fail(ServiceLoader.java:588)
		at java.base/java.util.ServiceLoader$LazyClassPathLookupIterator.nextProviderClass(ServiceLoader.java:1211)
		at java.base/java.util.ServiceLoader$LazyClassPathLookupIterator.hasNextService(ServiceLoader.java:1220)
		at java.base/java.util.ServiceLoader$LazyClassPathLookupIterator.hasNext(ServiceLoader.java:1264)
		at java.base/java.util.ServiceLoader$2.hasNext(ServiceLoader.java:1299)
		at java.base/java.util.ServiceLoader$ProviderSpliterator.tryAdvance(ServiceLoader.java:1483)
		at java.base/java.util.Spliterators$1Adapter.hasNext(Spliterators.java:681)
		at org.hibernate.boot.registry.classloading.internal.AggregatedServiceLoader$ClassPathAndModulePathAggregatedServiceLoader.loadAll(AggregatedServiceLoader.java:199)
		at org.hibernate.boot.registry.classloading.internal.AggregatedServiceLoader$ClassPathAndModulePathAggregatedServiceLoader.getAll(AggregatedServiceLoader.java:187)
		at org.hibernate.boot.registry.classloading.internal.ClassLoaderServiceImpl.loadJavaServices(ClassLoaderServiceImpl.java:251)
		at org.hibernate.integrator.internal.IntegratorServiceImpl.<init>(IntegratorServiceImpl.java:40)
		at org.hibernate.boot.registry.BootstrapServiceRegistryBuilder.build(BootstrapServiceRegistryBuilder.java:224)
		at org.hibernate.jpa.boot.internal.EntityManagerFactoryBuilderImpl.buildBootstrapServiceRegistry(EntityManagerFactoryBuilderImpl.java:452)
		at org.hibernate.jpa.boot.internal.EntityManagerFactoryBuilderImpl.<init>(EntityManagerFactoryBuilderImpl.java:208)
		at org.hibernate.jpa.boot.internal.EntityManagerFactoryBuilderImpl.<init>(EntityManagerFactoryBuilderImpl.java:168)
		at org.springframework.orm.jpa.vendor.SpringHibernateJpaPersistenceProvider.createContainerEntityManagerFactory(SpringHibernateJpaPersistenceProvider.java:52)
		at org.springframework.orm.jpa.LocalContainerEntityManagerFactoryBean.createNativeEntityManagerFactory(LocalContainerEntityManagerFactoryBean.java:365)
		at org.springframework.orm.jpa.AbstractEntityManagerFactoryBean.buildNativeEntityManagerFactory(AbstractEntityManagerFactoryBean.java:391)
		at org.springframework.orm.jpa.AbstractEntityManagerFactoryBean.afterPropertiesSet(AbstractEntityManagerFactoryBean.java:378)
		at org.springframework.orm.jpa.LocalContainerEntityManagerFactoryBean.afterPropertiesSet(LocalContainerEntityManagerFactoryBean.java:341)
		at org.springframework.beans.factory.support.AbstractAutowireCapableBeanFactory.invokeInitMethods(AbstractAutowireCapableBeanFactory.java:1855)
		at org.springframework.beans.factory.support.AbstractAutowireCapableBeanFactory.initializeBean(AbstractAutowireCapableBeanFactory.java:1792)
		... 25 more
04-Aug-2020 13:10:17.623 INFO [localhost-startStop-2] org.apache.catalina.core.ApplicationContext.log Closing Spring root WebApplicationContext
04-Aug-2020 13:22:04.356 INFO [localhost-startStop-1] org.apache.catalina.core.ApplicationContext.log No Spring WebApplicationInitializer types detected on classpath
04-Aug-2020 13:22:04.463 INFO [localhost-startStop-1] org.apache.catalina.core.ApplicationContext.log Initializing Spring root WebApplicationContext
04-Aug-2020 13:22:20.198 SEVERE [localhost-startStop-1] org.apache.catalina.core.StandardContext.listenerStart Exception sending context initialized event to listener instance of class [org.springframework.web.context.ContextLoaderListener]
	org.springframework.beans.factory.BeanCreationException: Error creating bean with name 'appEntityManager' defined in ServletContext resource [/WEB-INF/SpringRestApiDemo-servlet.xml]: Invocation of init method failed; nested exception is java.util.ServiceConfigurationError: org.hibernate.integrator.spi.Integrator: Provider org.hibernate.search.hcore.impl.HibernateSearchIntegrator not found
		at org.springframework.beans.factory.support.AbstractAutowireCapableBeanFactory.initializeBean(AbstractAutowireCapableBeanFactory.java:1796)
		at org.springframework.beans.factory.support.AbstractAutowireCapableBeanFactory.doCreateBean(AbstractAutowireCapableBeanFactory.java:595)
		at org.springframework.beans.factory.support.AbstractAutowireCapableBeanFactory.createBean(AbstractAutowireCapableBeanFactory.java:517)
		at org.springframework.beans.factory.support.AbstractBeanFactory.lambda$doGetBean$0(AbstractBeanFactory.java:323)
		at org.springframework.beans.factory.support.DefaultSingletonBeanRegistry.getSingleton(DefaultSingletonBeanRegistry.java:226)
		at org.springframework.beans.factory.support.AbstractBeanFactory.doGetBean(AbstractBeanFactory.java:321)
		at org.springframework.beans.factory.support.AbstractBeanFactory.getBean(AbstractBeanFactory.java:202)
		at org.springframework.context.support.AbstractApplicationContext.getBean(AbstractApplicationContext.java:1109)
		at org.springframework.context.support.AbstractApplicationContext.finishBeanFactoryInitialization(AbstractApplicationContext.java:869)
		at org.springframework.context.support.AbstractApplicationContext.refresh(AbstractApplicationContext.java:551)
		at org.springframework.web.context.ContextLoader.configureAndRefreshWebApplicationContext(ContextLoader.java:401)
		at org.springframework.web.context.ContextLoader.initWebApplicationContext(ContextLoader.java:292)
		at org.springframework.web.context.ContextLoaderListener.contextInitialized(ContextLoaderListener.java:103)
		at org.apache.catalina.core.StandardContext.listenerStart(StandardContext.java:4689)
		at org.apache.catalina.core.StandardContext.startInternal(StandardContext.java:5155)
		at org.apache.catalina.util.LifecycleBase.start(LifecycleBase.java:183)
		at org.apache.catalina.core.ContainerBase.addChildInternal(ContainerBase.java:743)
		at org.apache.catalina.core.ContainerBase.addChild(ContainerBase.java:719)
		at org.apache.catalina.core.StandardHost.addChild(StandardHost.java:705)
		at org.apache.catalina.startup.HostConfig.deployWAR(HostConfig.java:970)
		at org.apache.catalina.startup.HostConfig$DeployWar.run(HostConfig.java:1840)
		at java.base/java.util.concurrent.Executors$RunnableAdapter.call(Executors.java:515)
		at java.base/java.util.concurrent.FutureTask.run(FutureTask.java:264)
		at java.base/java.util.concurrent.ThreadPoolExecutor.runWorker(ThreadPoolExecutor.java:1128)
		at java.base/java.util.concurrent.ThreadPoolExecutor$Worker.run(ThreadPoolExecutor.java:628)
		at java.base/java.lang.Thread.run(Thread.java:834)
	Caused by: java.util.ServiceConfigurationError: org.hibernate.integrator.spi.Integrator: Provider org.hibernate.search.hcore.impl.HibernateSearchIntegrator not found
		at java.base/java.util.ServiceLoader.fail(ServiceLoader.java:588)
		at java.base/java.util.ServiceLoader$LazyClassPathLookupIterator.nextProviderClass(ServiceLoader.java:1211)
		at java.base/java.util.ServiceLoader$LazyClassPathLookupIterator.hasNextService(ServiceLoader.java:1220)
		at java.base/java.util.ServiceLoader$LazyClassPathLookupIterator.hasNext(ServiceLoader.java:1264)
		at java.base/java.util.ServiceLoader$2.hasNext(ServiceLoader.java:1299)
		at java.base/java.util.ServiceLoader$ProviderSpliterator.tryAdvance(ServiceLoader.java:1483)
		at java.base/java.util.Spliterators$1Adapter.hasNext(Spliterators.java:681)
		at org.hibernate.boot.registry.classloading.internal.AggregatedServiceLoader$ClassPathAndModulePathAggregatedServiceLoader.loadAll(AggregatedServiceLoader.java:199)
		at org.hibernate.boot.registry.classloading.internal.AggregatedServiceLoader$ClassPathAndModulePathAggregatedServiceLoader.getAll(AggregatedServiceLoader.java:187)
		at org.hibernate.boot.registry.classloading.internal.ClassLoaderServiceImpl.loadJavaServices(ClassLoaderServiceImpl.java:251)
		at org.hibernate.integrator.internal.IntegratorServiceImpl.<init>(IntegratorServiceImpl.java:40)
		at org.hibernate.boot.registry.BootstrapServiceRegistryBuilder.build(BootstrapServiceRegistryBuilder.java:224)
		at org.hibernate.jpa.boot.internal.EntityManagerFactoryBuilderImpl.buildBootstrapServiceRegistry(EntityManagerFactoryBuilderImpl.java:452)
		at org.hibernate.jpa.boot.internal.EntityManagerFactoryBuilderImpl.<init>(EntityManagerFactoryBuilderImpl.java:208)
		at org.hibernate.jpa.boot.internal.EntityManagerFactoryBuilderImpl.<init>(EntityManagerFactoryBuilderImpl.java:168)
		at org.springframework.orm.jpa.vendor.SpringHibernateJpaPersistenceProvider.createContainerEntityManagerFactory(SpringHibernateJpaPersistenceProvider.java:52)
		at org.springframework.orm.jpa.LocalContainerEntityManagerFactoryBean.createNativeEntityManagerFactory(LocalContainerEntityManagerFactoryBean.java:365)
		at org.springframework.orm.jpa.AbstractEntityManagerFactoryBean.buildNativeEntityManagerFactory(AbstractEntityManagerFactoryBean.java:391)
		at org.springframework.orm.jpa.AbstractEntityManagerFactoryBean.afterPropertiesSet(AbstractEntityManagerFactoryBean.java:378)
		at org.springframework.orm.jpa.LocalContainerEntityManagerFactoryBean.afterPropertiesSet(LocalContainerEntityManagerFactoryBean.java:341)
		at org.springframework.beans.factory.support.AbstractAutowireCapableBeanFactory.invokeInitMethods(AbstractAutowireCapableBeanFactory.java:1855)
		at org.springframework.beans.factory.support.AbstractAutowireCapableBeanFactory.initializeBean(AbstractAutowireCapableBeanFactory.java:1792)
		... 25 more
04-Aug-2020 13:22:20.221 INFO [localhost-startStop-1] org.apache.catalina.core.ApplicationContext.log Closing Spring root WebApplicationContext
04-Aug-2020 13:34:42.068 INFO [localhost-startStop-1] org.apache.catalina.core.ApplicationContext.log No Spring WebApplicationInitializer types detected on classpath
04-Aug-2020 13:34:42.167 INFO [localhost-startStop-1] org.apache.catalina.core.ApplicationContext.log Initializing Spring root WebApplicationContext
04-Aug-2020 13:34:57.916 SEVERE [localhost-startStop-1] org.apache.catalina.core.StandardContext.listenerStart Exception sending context initialized event to listener instance of class [org.springframework.web.context.ContextLoaderListener]
	org.springframework.beans.factory.BeanCreationException: Error creating bean with name 'appEntityManager' defined in ServletContext resource [/WEB-INF/SpringRestApiDemo-servlet.xml]: Invocation of init method failed; nested exception is java.util.ServiceConfigurationError: org.hibernate.integrator.spi.Integrator: Provider org.hibernate.search.hcore.impl.HibernateSearchIntegrator not found
		at org.springframework.beans.factory.support.AbstractAutowireCapableBeanFactory.initializeBean(AbstractAutowireCapableBeanFactory.java:1796)
		at org.springframework.beans.factory.support.AbstractAutowireCapableBeanFactory.doCreateBean(AbstractAutowireCapableBeanFactory.java:595)
		at org.springframework.beans.factory.support.AbstractAutowireCapableBeanFactory.createBean(AbstractAutowireCapableBeanFactory.java:517)
		at org.springframework.beans.factory.support.AbstractBeanFactory.lambda$doGetBean$0(AbstractBeanFactory.java:323)
		at org.springframework.beans.factory.support.DefaultSingletonBeanRegistry.getSingleton(DefaultSingletonBeanRegistry.java:226)
		at org.springframework.beans.factory.support.AbstractBeanFactory.doGetBean(AbstractBeanFactory.java:321)
		at org.springframework.beans.factory.support.AbstractBeanFactory.getBean(AbstractBeanFactory.java:202)
		at org.springframework.context.support.AbstractApplicationContext.getBean(AbstractApplicationContext.java:1109)
		at org.springframework.context.support.AbstractApplicationContext.finishBeanFactoryInitialization(AbstractApplicationContext.java:869)
		at org.springframework.context.support.AbstractApplicationContext.refresh(AbstractApplicationContext.java:551)
		at org.springframework.web.context.ContextLoader.configureAndRefreshWebApplicationContext(ContextLoader.java:401)
		at org.springframework.web.context.ContextLoader.initWebApplicationContext(ContextLoader.java:292)
		at org.springframework.web.context.ContextLoaderListener.contextInitialized(ContextLoaderListener.java:103)
		at org.apache.catalina.core.StandardContext.listenerStart(StandardContext.java:4689)
		at org.apache.catalina.core.StandardContext.startInternal(StandardContext.java:5155)
		at org.apache.catalina.util.LifecycleBase.start(LifecycleBase.java:183)
		at org.apache.catalina.core.ContainerBase.addChildInternal(ContainerBase.java:743)
		at org.apache.catalina.core.ContainerBase.addChild(ContainerBase.java:719)
		at org.apache.catalina.core.StandardHost.addChild(StandardHost.java:705)
		at org.apache.catalina.startup.HostConfig.deployWAR(HostConfig.java:970)
		at org.apache.catalina.startup.HostConfig$DeployWar.run(HostConfig.java:1840)
		at java.base/java.util.concurrent.Executors$RunnableAdapter.call(Executors.java:515)
		at java.base/java.util.concurrent.FutureTask.run(FutureTask.java:264)
		at java.base/java.util.concurrent.ThreadPoolExecutor.runWorker(ThreadPoolExecutor.java:1128)
		at java.base/java.util.concurrent.ThreadPoolExecutor$Worker.run(ThreadPoolExecutor.java:628)
		at java.base/java.lang.Thread.run(Thread.java:834)
	Caused by: java.util.ServiceConfigurationError: org.hibernate.integrator.spi.Integrator: Provider org.hibernate.search.hcore.impl.HibernateSearchIntegrator not found
		at java.base/java.util.ServiceLoader.fail(ServiceLoader.java:588)
		at java.base/java.util.ServiceLoader$LazyClassPathLookupIterator.nextProviderClass(ServiceLoader.java:1211)
		at java.base/java.util.ServiceLoader$LazyClassPathLookupIterator.hasNextService(ServiceLoader.java:1220)
		at java.base/java.util.ServiceLoader$LazyClassPathLookupIterator.hasNext(ServiceLoader.java:1264)
		at java.base/java.util.ServiceLoader$2.hasNext(ServiceLoader.java:1299)
		at java.base/java.util.ServiceLoader$ProviderSpliterator.tryAdvance(ServiceLoader.java:1483)
		at java.base/java.util.Spliterators$1Adapter.hasNext(Spliterators.java:681)
		at org.hibernate.boot.registry.classloading.internal.AggregatedServiceLoader$ClassPathAndModulePathAggregatedServiceLoader.loadAll(AggregatedServiceLoader.java:199)
		at org.hibernate.boot.registry.classloading.internal.AggregatedServiceLoader$ClassPathAndModulePathAggregatedServiceLoader.getAll(AggregatedServiceLoader.java:187)
		at org.hibernate.boot.registry.classloading.internal.ClassLoaderServiceImpl.loadJavaServices(ClassLoaderServiceImpl.java:251)
		at org.hibernate.integrator.internal.IntegratorServiceImpl.<init>(IntegratorServiceImpl.java:40)
		at org.hibernate.boot.registry.BootstrapServiceRegistryBuilder.build(BootstrapServiceRegistryBuilder.java:224)
		at org.hibernate.jpa.boot.internal.EntityManagerFactoryBuilderImpl.buildBootstrapServiceRegistry(EntityManagerFactoryBuilderImpl.java:452)
		at org.hibernate.jpa.boot.internal.EntityManagerFactoryBuilderImpl.<init>(EntityManagerFactoryBuilderImpl.java:208)
		at org.hibernate.jpa.boot.internal.EntityManagerFactoryBuilderImpl.<init>(EntityManagerFactoryBuilderImpl.java:168)
		at org.springframework.orm.jpa.vendor.SpringHibernateJpaPersistenceProvider.createContainerEntityManagerFactory(SpringHibernateJpaPersistenceProvider.java:52)
		at org.springframework.orm.jpa.LocalContainerEntityManagerFactoryBean.createNativeEntityManagerFactory(LocalContainerEntityManagerFactoryBean.java:365)
		at org.springframework.orm.jpa.AbstractEntityManagerFactoryBean.buildNativeEntityManagerFactory(AbstractEntityManagerFactoryBean.java:391)
		at org.springframework.orm.jpa.AbstractEntityManagerFactoryBean.afterPropertiesSet(AbstractEntityManagerFactoryBean.java:378)
		at org.springframework.orm.jpa.LocalContainerEntityManagerFactoryBean.afterPropertiesSet(LocalContainerEntityManagerFactoryBean.java:341)
		at org.springframework.beans.factory.support.AbstractAutowireCapableBeanFactory.invokeInitMethods(AbstractAutowireCapableBeanFactory.java:1855)
		at org.springframework.beans.factory.support.AbstractAutowireCapableBeanFactory.initializeBean(AbstractAutowireCapableBeanFactory.java:1792)
		... 25 more
04-Aug-2020 13:34:57.944 INFO [localhost-startStop-1] org.apache.catalina.core.ApplicationContext.log Closing Spring root WebApplicationContext
04-Aug-2020 13:37:51.288 INFO [localhost-startStop-2] org.apache.catalina.core.ApplicationContext.log No Spring WebApplicationInitializer types detected on classpath
04-Aug-2020 13:37:51.364 INFO [localhost-startStop-2] org.apache.catalina.core.ApplicationContext.log Initializing Spring root WebApplicationContext
04-Aug-2020 13:38:26.473 SEVERE [localhost-startStop-2] org.apache.catalina.core.StandardContext.listenerStart Exception sending context initialized event to listener instance of class [org.springframework.web.context.ContextLoaderListener]
	org.springframework.beans.factory.BeanCreationException: Error creating bean with name 'appEntityManager' defined in ServletContext resource [/WEB-INF/SpringRestApiDemo-servlet.xml]: Invocation of init method failed; nested exception is javax.persistence.PersistenceException: [PersistenceUnit: restApiJPAUnit] Unable to build Hibernate SessionFactory; nested exception is org.hibernate.exception.GenericJDBCException: Unable to open JDBC Connection for DDL execution
		at org.springframework.beans.factory.support.AbstractAutowireCapableBeanFactory.initializeBean(AbstractAutowireCapableBeanFactory.java:1796)
		at org.springframework.beans.factory.support.AbstractAutowireCapableBeanFactory.doCreateBean(AbstractAutowireCapableBeanFactory.java:595)
		at org.springframework.beans.factory.support.AbstractAutowireCapableBeanFactory.createBean(AbstractAutowireCapableBeanFactory.java:517)
		at org.springframework.beans.factory.support.AbstractBeanFactory.lambda$doGetBean$0(AbstractBeanFactory.java:323)
		at org.springframework.beans.factory.support.DefaultSingletonBeanRegistry.getSingleton(DefaultSingletonBeanRegistry.java:226)
		at org.springframework.beans.factory.support.AbstractBeanFactory.doGetBean(AbstractBeanFactory.java:321)
		at org.springframework.beans.factory.support.AbstractBeanFactory.getBean(AbstractBeanFactory.java:202)
		at org.springframework.context.support.AbstractApplicationContext.getBean(AbstractApplicationContext.java:1109)
		at org.springframework.context.support.AbstractApplicationContext.finishBeanFactoryInitialization(AbstractApplicationContext.java:869)
		at org.springframework.context.support.AbstractApplicationContext.refresh(AbstractApplicationContext.java:551)
		at org.springframework.web.context.ContextLoader.configureAndRefreshWebApplicationContext(ContextLoader.java:401)
		at org.springframework.web.context.ContextLoader.initWebApplicationContext(ContextLoader.java:292)
		at org.springframework.web.context.ContextLoaderListener.contextInitialized(ContextLoaderListener.java:103)
		at org.apache.catalina.core.StandardContext.listenerStart(StandardContext.java:4689)
		at org.apache.catalina.core.StandardContext.startInternal(StandardContext.java:5155)
		at org.apache.catalina.util.LifecycleBase.start(LifecycleBase.java:183)
		at org.apache.catalina.core.ContainerBase.addChildInternal(ContainerBase.java:743)
		at org.apache.catalina.core.ContainerBase.addChild(ContainerBase.java:719)
		at org.apache.catalina.core.StandardHost.addChild(StandardHost.java:705)
		at org.apache.catalina.startup.HostConfig.deployWAR(HostConfig.java:970)
		at org.apache.catalina.startup.HostConfig$DeployWar.run(HostConfig.java:1840)
		at java.base/java.util.concurrent.Executors$RunnableAdapter.call(Executors.java:515)
		at java.base/java.util.concurrent.FutureTask.run(FutureTask.java:264)
		at java.base/java.util.concurrent.ThreadPoolExecutor.runWorker(ThreadPoolExecutor.java:1128)
		at java.base/java.util.concurrent.ThreadPoolExecutor$Worker.run(ThreadPoolExecutor.java:628)
		at java.base/java.lang.Thread.run(Thread.java:834)
	Caused by: javax.persistence.PersistenceException: [PersistenceUnit: restApiJPAUnit] Unable to build Hibernate SessionFactory; nested exception is org.hibernate.exception.GenericJDBCException: Unable to open JDBC Connection for DDL execution
		at org.springframework.orm.jpa.AbstractEntityManagerFactoryBean.buildNativeEntityManagerFactory(AbstractEntityManagerFactoryBean.java:403)
		at org.springframework.orm.jpa.AbstractEntityManagerFactoryBean.afterPropertiesSet(AbstractEntityManagerFactoryBean.java:378)
		at org.springframework.orm.jpa.LocalContainerEntityManagerFactoryBean.afterPropertiesSet(LocalContainerEntityManagerFactoryBean.java:341)
		at org.springframework.beans.factory.support.AbstractAutowireCapableBeanFactory.invokeInitMethods(AbstractAutowireCapableBeanFactory.java:1855)
		at org.springframework.beans.factory.support.AbstractAutowireCapableBeanFactory.initializeBean(AbstractAutowireCapableBeanFactory.java:1792)
		... 25 more
	Caused by: org.hibernate.exception.GenericJDBCException: Unable to open JDBC Connection for DDL execution
		at org.hibernate.exception.internal.StandardSQLExceptionConverter.convert(StandardSQLExceptionConverter.java:47)
		at org.hibernate.engine.jdbc.spi.SqlExceptionHelper.convert(SqlExceptionHelper.java:113)
		at org.hibernate.engine.jdbc.spi.SqlExceptionHelper.convert(SqlExceptionHelper.java:99)
		at org.hibernate.resource.transaction.backend.jdbc.internal.DdlTransactionIsolatorNonJtaImpl.getIsolatedConnection(DdlTransactionIsolatorNonJtaImpl.java:69)
		at org.hibernate.tool.schema.internal.exec.ImprovedExtractionContextImpl.getJdbcConnection(ImprovedExtractionContextImpl.java:60)
		at org.hibernate.tool.schema.internal.exec.ImprovedExtractionContextImpl.getJdbcDatabaseMetaData(ImprovedExtractionContextImpl.java:67)
		at org.hibernate.tool.schema.extract.internal.InformationExtractorJdbcDatabaseMetaDataImpl.getTables(InformationExtractorJdbcDatabaseMetaDataImpl.java:333)
		at org.hibernate.tool.schema.extract.internal.DatabaseInformationImpl.getTablesInformation(DatabaseInformationImpl.java:120)
		at org.hibernate.tool.schema.internal.GroupedSchemaMigratorImpl.performTablesMigration(GroupedSchemaMigratorImpl.java:65)
		at org.hibernate.tool.schema.internal.AbstractSchemaMigrator.performMigration(AbstractSchemaMigrator.java:207)
		at org.hibernate.tool.schema.internal.AbstractSchemaMigrator.doMigration(AbstractSchemaMigrator.java:114)
		at org.hibernate.tool.schema.spi.SchemaManagementToolCoordinator.performDatabaseAction(SchemaManagementToolCoordinator.java:184)
		at org.hibernate.tool.schema.spi.SchemaManagementToolCoordinator.process(SchemaManagementToolCoordinator.java:73)
		at org.hibernate.internal.SessionFactoryImpl.<init>(SessionFactoryImpl.java:316)
		at org.hibernate.boot.internal.SessionFactoryBuilderImpl.build(SessionFactoryBuilderImpl.java:469)
		at org.hibernate.jpa.boot.internal.EntityManagerFactoryBuilderImpl.build(EntityManagerFactoryBuilderImpl.java:1259)
		at org.springframework.orm.jpa.vendor.SpringHibernateJpaPersistenceProvider.createContainerEntityManagerFactory(SpringHibernateJpaPersistenceProvider.java:58)
		at org.springframework.orm.jpa.LocalContainerEntityManagerFactoryBean.createNativeEntityManagerFactory(LocalContainerEntityManagerFactoryBean.java:365)
		at org.springframework.orm.jpa.AbstractEntityManagerFactoryBean.buildNativeEntityManagerFactory(AbstractEntityManagerFactoryBean.java:391)
		... 29 more
	Caused by: java.sql.SQLException: Cannot create PoolableConnectionFactory (Communications link failure

The last packet sent successfully to the server was 0 milliseconds ago. The driver has not received any packets from the server.)
		at org.apache.tomcat.dbcp.dbcp2.BasicDataSource.createPoolableConnectionFactory(BasicDataSource.java:668)
		at org.apache.tomcat.dbcp.dbcp2.BasicDataSource.createDataSource(BasicDataSource.java:543)
		at org.apache.tomcat.dbcp.dbcp2.BasicDataSource.getConnection(BasicDataSource.java:752)
		at java.base/jdk.internal.reflect.NativeMethodAccessorImpl.invoke0(Native Method)
		at java.base/jdk.internal.reflect.NativeMethodAccessorImpl.invoke(NativeMethodAccessorImpl.java:62)
		at java.base/jdk.internal.reflect.DelegatingMethodAccessorImpl.invoke(DelegatingMethodAccessorImpl.java:43)
		at java.base/java.lang.reflect.Method.invoke(Method.java:566)
		at org.springframework.aop.support.AopUtils.invokeJoinpointUsingReflection(AopUtils.java:344)
		at org.springframework.aop.framework.JdkDynamicAopProxy.invoke(JdkDynamicAopProxy.java:205)
		at com.sun.proxy.$Proxy42.getConnection(Unknown Source)
		at org.hibernate.engine.jdbc.connections.internal.DatasourceConnectionProviderImpl.getConnection(DatasourceConnectionProviderImpl.java:122)
		at org.hibernate.engine.jdbc.env.internal.JdbcEnvironmentInitiator$ConnectionProviderJdbcConnectionAccess.obtainConnection(JdbcEnvironmentInitiator.java:180)
		at org.hibernate.resource.transaction.backend.jdbc.internal.DdlTransactionIsolatorNonJtaImpl.getIsolatedConnection(DdlTransactionIsolatorNonJtaImpl.java:43)
		... 44 more
	Caused by: com.mysql.cj.jdbc.exceptions.CommunicationsException: Communications link failure

The last packet sent successfully to the server was 0 milliseconds ago. The driver has not received any packets from the server.
		at com.mysql.cj.jdbc.exceptions.SQLError.createCommunicationsException(SQLError.java:174)
		at com.mysql.cj.jdbc.exceptions.SQLExceptionsMapping.translateException(SQLExceptionsMapping.java:64)
		at com.mysql.cj.jdbc.ConnectionImpl.createNewIO(ConnectionImpl.java:836)
		at com.mysql.cj.jdbc.ConnectionImpl.<init>(ConnectionImpl.java:456)
		at com.mysql.cj.jdbc.ConnectionImpl.getInstance(ConnectionImpl.java:246)
		at com.mysql.cj.jdbc.NonRegisteringDriver.connect(NonRegisteringDriver.java:197)
		at org.apache.tomcat.dbcp.dbcp2.DriverConnectionFactory.createConnection(DriverConnectionFactory.java:55)
		at org.apache.tomcat.dbcp.dbcp2.PoolableConnectionFactory.makeObject(PoolableConnectionFactory.java:355)
		at org.apache.tomcat.dbcp.dbcp2.BasicDataSource.validateConnectionFactory(BasicDataSource.java:114)
		at org.apache.tomcat.dbcp.dbcp2.BasicDataSource.createPoolableConnectionFactory(BasicDataSource.java:664)
		... 56 more
	Caused by: com.mysql.cj.exceptions.CJCommunicationsException: Communications link failure

The last packet sent successfully to the server was 0 milliseconds ago. The driver has not received any packets from the server.
		at java.base/jdk.internal.reflect.NativeConstructorAccessorImpl.newInstance0(Native Method)
		at java.base/jdk.internal.reflect.NativeConstructorAccessorImpl.newInstance(NativeConstructorAccessorImpl.java:62)
		at java.base/jdk.internal.reflect.DelegatingConstructorAccessorImpl.newInstance(DelegatingConstructorAccessorImpl.java:45)
		at java.base/java.lang.reflect.Constructor.newInstance(Constructor.java:490)
		at com.mysql.cj.exceptions.ExceptionFactory.createException(ExceptionFactory.java:61)
		at com.mysql.cj.exceptions.ExceptionFactory.createException(ExceptionFactory.java:105)
		at com.mysql.cj.exceptions.ExceptionFactory.createException(ExceptionFactory.java:151)
		at com.mysql.cj.exceptions.ExceptionFactory.createCommunicationsException(ExceptionFactory.java:167)
		at com.mysql.cj.protocol.a.NativeSocketConnection.connect(NativeSocketConnection.java:91)
		at com.mysql.cj.NativeSession.connect(NativeSession.java:144)
		at com.mysql.cj.jdbc.ConnectionImpl.connectOneTryOnly(ConnectionImpl.java:956)
		at com.mysql.cj.jdbc.ConnectionImpl.createNewIO(ConnectionImpl.java:826)
		... 63 more
	Caused by: java.net.UnknownHostException: wildflydbhost: Name or service not known
		at java.base/java.net.Inet4AddressImpl.lookupAllHostAddr(Native Method)
		at java.base/java.net.InetAddress$PlatformNameService.lookupAllHostAddr(InetAddress.java:929)
		at java.base/java.net.InetAddress.getAddressesFromNameService(InetAddress.java:1515)
		at java.base/java.net.InetAddress$NameServiceAddresses.get(InetAddress.java:848)
		at java.base/java.net.InetAddress.getAllByName0(InetAddress.java:1505)
		at java.base/java.net.InetAddress.getAllByName(InetAddress.java:1364)
		at java.base/java.net.InetAddress.getAllByName(InetAddress.java:1298)
		at com.mysql.cj.protocol.StandardSocketFactory.connect(StandardSocketFactory.java:132)
		at com.mysql.cj.protocol.a.NativeSocketConnection.connect(NativeSocketConnection.java:65)
		... 66 more
04-Aug-2020 13:38:26.485 INFO [localhost-startStop-2] org.apache.catalina.core.ApplicationContext.log Closing Spring root WebApplicationContext
04-Aug-2020 13:41:05.589 INFO [localhost-startStop-1] org.apache.catalina.core.ApplicationContext.log No Spring WebApplicationInitializer types detected on classpath
04-Aug-2020 13:41:05.674 INFO [localhost-startStop-1] org.apache.catalina.core.ApplicationContext.log Initializing Spring root WebApplicationContext
04-Aug-2020 13:42:04.581 INFO [localhost-startStop-1] org.apache.catalina.core.ApplicationContext.log Initializing Spring DispatcherServlet 'SpringRestApiDemo'
04-Aug-2020 13:50:39.112 INFO [ContainerBackgroundProcessor[StandardEngine[Catalina]]] org.apache.catalina.core.ApplicationContext.log Destroying Spring FrameworkServlet 'SpringRestApiDemo'
04-Aug-2020 13:50:40.445 INFO [ContainerBackgroundProcessor[StandardEngine[Catalina]]] org.apache.catalina.core.ApplicationContext.log Closing Spring root WebApplicationContext
04-Aug-2020 16:15:07.574 INFO [localhost-startStop-2] org.apache.catalina.core.ApplicationContext.log No Spring WebApplicationInitializer types detected on classpath
04-Aug-2020 16:15:07.685 INFO [localhost-startStop-2] org.apache.catalina.core.ApplicationContext.log Initializing Spring root WebApplicationContext
04-Aug-2020 16:16:02.188 INFO [localhost-startStop-2] org.apache.catalina.core.ApplicationContext.log Initializing Spring DispatcherServlet 'SpringRestApiDemo'
