31-Jul-2020 14:42:33.246 INFO [localhost-startStop-1] org.apache.catalina.core.ApplicationContext.log No Spring WebApplicationInitializer types detected on classpath
31-Jul-2020 14:42:33.391 INFO [localhost-startStop-1] org.apache.catalina.core.ApplicationContext.log Initializing Spring root WebApplicationContext
31-Jul-2020 14:43:40.070 INFO [localhost-startStop-1] org.apache.catalina.core.ApplicationContext.log Initializing Spring DispatcherServlet 'SpringRestApiDemo'
31-Jul-2020 14:53:46.299 INFO [localhost-startStop-1] org.apache.catalina.core.ApplicationContext.log No Spring WebApplicationInitializer types detected on classpath
31-Jul-2020 14:53:46.485 INFO [localhost-startStop-1] org.apache.catalina.core.ApplicationContext.log Initializing Spring root WebApplicationContext
31-Jul-2020 14:54:59.748 INFO [localhost-startStop-1] org.apache.catalina.core.ApplicationContext.log Initializing Spring DispatcherServlet 'SpringRestApiDemo'
31-Jul-2020 14:59:04.419 INFO [ContainerBackgroundProcessor[StandardEngine[Catalina]]] org.apache.catalina.core.ApplicationContext.log Destroying Spring FrameworkServlet 'SpringRestApiDemo'
31-Jul-2020 14:59:09.305 INFO [ContainerBackgroundProcessor[StandardEngine[Catalina]]] org.apache.catalina.core.ApplicationContext.log Closing Spring root WebApplicationContext
31-Jul-2020 15:00:11.295 INFO [localhost-startStop-2] org.apache.catalina.core.ApplicationContext.log No Spring WebApplicationInitializer types detected on classpath
31-Jul-2020 15:00:11.368 INFO [localhost-startStop-2] org.apache.catalina.core.ApplicationContext.log Initializing Spring root WebApplicationContext
31-Jul-2020 15:01:15.637 INFO [localhost-startStop-2] org.apache.catalina.core.ApplicationContext.log Initializing Spring DispatcherServlet 'SpringRestApiDemo'
31-Jul-2020 15:05:02.150 INFO [localhost-startStop-3] org.apache.catalina.core.ApplicationContext.log Destroying Spring FrameworkServlet 'SpringRestApiDemo'
31-Jul-2020 15:12:12.028 INFO [localhost-startStop-1] org.apache.catalina.core.ApplicationContext.log No Spring WebApplicationInitializer types detected on classpath
31-Jul-2020 15:12:12.177 INFO [localhost-startStop-1] org.apache.catalina.core.ApplicationContext.log Initializing Spring root WebApplicationContext
31-Jul-2020 15:13:16.528 INFO [localhost-startStop-1] org.apache.catalina.core.ApplicationContext.log Initializing Spring DispatcherServlet 'SpringRestApiDemo'
31-Jul-2020 15:20:31.008 INFO [ContainerBackgroundProcessor[StandardEngine[Catalina]]] org.apache.catalina.core.ApplicationContext.log Destroying Spring FrameworkServlet 'SpringRestApiDemo'
31-Jul-2020 15:20:31.305 INFO [ContainerBackgroundProcessor[StandardEngine[Catalina]]] org.apache.catalina.core.ApplicationContext.log Closing Spring root WebApplicationContext
31-Jul-2020 15:21:36.952 INFO [localhost-startStop-2] org.apache.catalina.core.ApplicationContext.log No Spring WebApplicationInitializer types detected on classpath
31-Jul-2020 15:21:37.071 INFO [localhost-startStop-2] org.apache.catalina.core.ApplicationContext.log Initializing Spring root WebApplicationContext
31-Jul-2020 15:22:37.669 INFO [localhost-startStop-2] org.apache.catalina.core.ApplicationContext.log Initializing Spring DispatcherServlet 'SpringRestApiDemo'
31-Jul-2020 15:26:32.330 INFO [ContainerBackgroundProcessor[StandardEngine[Catalina]]] org.apache.catalina.core.ApplicationContext.log Destroying Spring FrameworkServlet 'SpringRestApiDemo'
31-Jul-2020 15:26:32.673 INFO [ContainerBackgroundProcessor[StandardEngine[Catalina]]] org.apache.catalina.core.ApplicationContext.log Closing Spring root WebApplicationContext
31-Jul-2020 15:28:31.593 INFO [localhost-startStop-3] org.apache.catalina.core.ApplicationContext.log No Spring WebApplicationInitializer types detected on classpath
31-Jul-2020 15:28:31.900 INFO [localhost-startStop-3] org.apache.catalina.core.ApplicationContext.log Initializing Spring root WebApplicationContext
31-Jul-2020 15:31:18.918 SEVERE [localhost-startStop-3] org.apache.catalina.core.StandardContext.listenerStart Exception sending context initialized event to listener instance of class [org.springframework.web.context.ContextLoaderListener]
	java.lang.NoClassDefFoundError: ch/qos/logback/classic/spi/ThrowableProxy
		at ch.qos.logback.classic.spi.LoggingEvent.<init>(LoggingEvent.java:121)
		at ch.qos.logback.classic.Logger.buildLoggingEventAndAppend(Logger.java:440)
		at ch.qos.logback.classic.Logger.filterAndLog_0_Or3Plus(Logger.java:396)
		at ch.qos.logback.classic.Logger.log(Logger.java:788)
		at org.apache.commons.logging.LogAdapter$Slf4jLocationAwareLog.error(LogAdapter.java:433)
		at org.springframework.web.context.ContextLoader.initWebApplicationContext(ContextLoader.java:313)
		at org.springframework.web.context.ContextLoaderListener.contextInitialized(ContextLoaderListener.java:103)
		at org.apache.catalina.core.StandardContext.listenerStart(StandardContext.java:4689)
		at org.apache.catalina.core.StandardContext.startInternal(StandardContext.java:5155)
		at org.apache.catalina.util.LifecycleBase.start(LifecycleBase.java:183)
		at org.apache.catalina.core.ContainerBase.addChildInternal(ContainerBase.java:743)
		at org.apache.catalina.core.ContainerBase.addChild(ContainerBase.java:719)
		at org.apache.catalina.core.StandardHost.addChild(StandardHost.java:705)
		at org.apache.catalina.startup.HostConfig.deployWAR(HostConfig.java:970)
		at org.apache.catalina.startup.HostConfig$DeployWar.run(HostConfig.java:1840)
		at java.base/java.util.concurrent.Executors$RunnableAdapter.call(Executors.java:515)
		at java.base/java.util.concurrent.FutureTask.run(FutureTask.java:264)
		at java.base/java.util.concurrent.ThreadPoolExecutor.runWorker(ThreadPoolExecutor.java:1128)
		at java.base/java.util.concurrent.ThreadPoolExecutor$Worker.run(ThreadPoolExecutor.java:628)
		at java.base/java.lang.Thread.run(Thread.java:834)
	Caused by: java.lang.ClassNotFoundException: ch.qos.logback.classic.spi.ThrowableProxy
		at org.apache.catalina.loader.WebappClassLoaderBase.loadClass(WebappClassLoaderBase.java:1358)
		at org.apache.catalina.loader.WebappClassLoaderBase.loadClass(WebappClassLoaderBase.java:1180)
		... 20 more
31-Jul-2020 15:31:18.923 INFO [localhost-startStop-3] org.apache.catalina.core.ApplicationContext.log Closing Spring root WebApplicationContext
31-Jul-2020 15:32:56.584 INFO [localhost-startStop-4] org.apache.catalina.core.ApplicationContext.log No Spring WebApplicationInitializer types detected on classpath
31-Jul-2020 15:32:56.707 INFO [localhost-startStop-4] org.apache.catalina.core.ApplicationContext.log Initializing Spring root WebApplicationContext
31-Jul-2020 15:34:02.906 INFO [localhost-startStop-4] org.apache.catalina.core.ApplicationContext.log Initializing Spring DispatcherServlet 'SpringRestApiDemo'
31-Jul-2020 15:34:16.354 INFO [ContainerBackgroundProcessor[StandardEngine[Catalina]]] org.apache.catalina.core.ApplicationContext.log Destroying Spring FrameworkServlet 'SpringRestApiDemo'
31-Jul-2020 15:34:16.717 INFO [ContainerBackgroundProcessor[StandardEngine[Catalina]]] org.apache.catalina.core.ApplicationContext.log Closing Spring root WebApplicationContext
31-Jul-2020 15:35:19.003 INFO [localhost-startStop-5] org.apache.catalina.core.ApplicationContext.log No Spring WebApplicationInitializer types detected on classpath
31-Jul-2020 15:35:19.131 INFO [localhost-startStop-5] org.apache.catalina.core.ApplicationContext.log Initializing Spring root WebApplicationContext
31-Jul-2020 15:36:14.835 INFO [localhost-startStop-5] org.apache.catalina.core.ApplicationContext.log Initializing Spring DispatcherServlet 'SpringRestApiDemo'
31-Jul-2020 15:39:23.546 INFO [localhost-startStop-6] org.apache.catalina.core.ApplicationContext.log Destroying Spring FrameworkServlet 'SpringRestApiDemo'
31-Jul-2020 15:39:23.929 INFO [localhost-startStop-6] org.apache.catalina.core.ApplicationContext.log Closing Spring root WebApplicationContext
