[2020-07-31 14:56:41.531][DEBUG application] in ApiNotAuthMethodHadlerException Full authentication is required to access this resource
[2020-07-31 14:56:41.572][DEBUG application] in api unauthorizated request service
[2020-07-31 14:56:47.256][DEBUG application] in ApiNotFoundException 
[2020-07-31 14:56:47.279][DEBUG application] <<<<<<<<<<<<<<<<<<<<<<<< api not found method >>>>>>>>>>>>>>>>>
[2020-07-31 14:56:47.358][DEBUG application] in ApiNotFoundException 
[2020-07-31 14:56:47.373][DEBUG application] <<<<<<<<<<<<<<<<<<<<<<<< api not found method >>>>>>>>>>>>>>>>>
[2020-07-31 14:57:01.660][DEBUG application] key generated public: [B@2333bb6c
[2020-07-31 14:57:02.931][DEBUG application] in authUser: lgrippa pwd: 48df8b3e62340b9cf63040d3318c8809 appKey: f9e7bc9fcae0ffccf975708bdf40ab13
[2020-07-31 14:57:02.932][DEBUG application] appKey: f9e7bc9fcae0ffccf975708bdf40ab13 ok 
[2020-07-31 14:57:03.162][DEBUG application] key generated public: [B@1e1b9ac6
[2020-07-31 14:58:27.567][DEBUG application] in ApiNotAuthMethodHadlerException No JWT token found in request headers
[2020-07-31 14:58:27.570][DEBUG application] in api unauthorizated request service
[2020-07-31 14:59:00.079][DEBUG application] key generated public: [B@181f638b
[2020-07-31 14:59:00.569][DEBUG application] key generated public: [B@5fe32c47
[2020-07-31 15:15:03.670][DEBUG application] in ApiNotAuthMethodHadlerException Full authentication is required to access this resource
[2020-07-31 15:15:03.726][DEBUG application] in api unauthorizated request service
[2020-07-31 15:15:07.121][DEBUG application] in ApiNotFoundException 
[2020-07-31 15:15:07.136][DEBUG application] <<<<<<<<<<<<<<<<<<<<<<<< api not found method >>>>>>>>>>>>>>>>>
[2020-07-31 15:15:07.249][DEBUG application] in ApiNotFoundException 
[2020-07-31 15:15:07.261][DEBUG application] <<<<<<<<<<<<<<<<<<<<<<<< api not found method >>>>>>>>>>>>>>>>>
[2020-07-31 15:15:38.343][DEBUG application] key generated public: [B@62f51dd9
[2020-07-31 15:15:39.193][DEBUG application] key generated public: [B@613d6fea
[2020-07-31 15:22:45.189][DEBUG application] in ApiNotFoundException 
[2020-07-31 15:22:45.217][DEBUG application] <<<<<<<<<<<<<<<<<<<<<<<< api not found method >>>>>>>>>>>>>>>>>
[2020-07-31 15:22:48.769][DEBUG application] in ApiNotFoundException 
[2020-07-31 15:22:48.779][DEBUG application] <<<<<<<<<<<<<<<<<<<<<<<< api not found method >>>>>>>>>>>>>>>>>
[2020-07-31 15:22:56.519][DEBUG application] in ApiNotFoundException 
[2020-07-31 15:22:56.521][DEBUG application] <<<<<<<<<<<<<<<<<<<<<<<< api not found method >>>>>>>>>>>>>>>>>
[2020-07-31 15:22:56.577][DEBUG application] in ApiNotFoundException 
[2020-07-31 15:22:56.592][DEBUG application] <<<<<<<<<<<<<<<<<<<<<<<< api not found method >>>>>>>>>>>>>>>>>
[2020-07-31 15:36:50.351][DEBUG application] in ApiNotFoundException 
[2020-07-31 15:36:50.419][DEBUG application] <<<<<<<<<<<<<<<<<<<<<<<< api not found method >>>>>>>>>>>>>>>>>
[2020-07-31 15:36:50.453][DEBUG application] in ApiNotFoundException 
[2020-07-31 15:36:50.463][DEBUG application] <<<<<<<<<<<<<<<<<<<<<<<< api not found method >>>>>>>>>>>>>>>>>
