
  .   ____          _            __ _ _
 /\\ / ___'_ __ _ _(_)_ __  __ _ \ \ \ \
( ( )\___ | '_ | '_| | '_ \/ _` | \ \ \ \
 \\/  ___)| |_)| | | | | || (_| |  ) ) ) )
  '  |____| .__|_| |_|_| |_\__, | / / / /
 =========|_|==============|___/=/_/_/_/
 :: Spring Boot ::        (v2.3.3.RELEASE)

2020-09-27 22:56:53.032  INFO 28829 --- [           main] c.c.c.ConfigServicePropertySourceLocator : Fetching config from server at : http://localhost:8080/ConfigServerRestApi
2020-09-27 22:56:53.497 ERROR 28829 --- [           main] o.s.boot.SpringApplication               : Application run failed

java.lang.IllegalStateException: Could not locate PropertySource and the fail fast property is set, failing: None of labels [] found
	at org.springframework.cloud.config.client.ConfigServicePropertySourceLocator.locate(ConfigServicePropertySourceLocator.java:156) ~[spring-cloud-config-client-2.2.5.RELEASE.jar!/:2.2.5.RELEASE]
	at org.springframework.cloud.bootstrap.config.PropertySourceLocator.locateCollection(PropertySourceLocator.java:52) ~[spring-cloud-context-2.2.5.RELEASE.jar!/:2.2.5.RELEASE]
	at org.springframework.cloud.config.client.ConfigServicePropertySourceLocator.locateCollection(ConfigServicePropertySourceLocator.java:171) ~[spring-cloud-config-client-2.2.5.RELEASE.jar!/:2.2.5.RELEASE]
	at org.springframework.cloud.bootstrap.config.PropertySourceBootstrapConfiguration.initialize(PropertySourceBootstrapConfiguration.java:98) ~[spring-cloud-context-2.2.5.RELEASE.jar!/:2.2.5.RELEASE]
	at org.springframework.boot.SpringApplication.applyInitializers(SpringApplication.java:626) ~[spring-boot-2.3.3.RELEASE.jar!/:2.3.3.RELEASE]
	at org.springframework.boot.SpringApplication.prepareContext(SpringApplication.java:370) ~[spring-boot-2.3.3.RELEASE.jar!/:2.3.3.RELEASE]
	at org.springframework.boot.SpringApplication.run(SpringApplication.java:314) ~[spring-boot-2.3.3.RELEASE.jar!/:2.3.3.RELEASE]
	at org.springframework.boot.SpringApplication.run(SpringApplication.java:1237) ~[spring-boot-2.3.3.RELEASE.jar!/:2.3.3.RELEASE]
	at org.springframework.boot.SpringApplication.run(SpringApplication.java:1226) ~[spring-boot-2.3.3.RELEASE.jar!/:2.3.3.RELEASE]
	at com.grippaweb.ServletApplication.main(ServletApplication.java:16) ~[classes!/:0.1.7-SNAPSHOT]
	at java.base/jdk.internal.reflect.NativeMethodAccessorImpl.invoke0(Native Method) ~[na:na]
	at java.base/jdk.internal.reflect.NativeMethodAccessorImpl.invoke(NativeMethodAccessorImpl.java:62) ~[na:na]
	at java.base/jdk.internal.reflect.DelegatingMethodAccessorImpl.invoke(DelegatingMethodAccessorImpl.java:43) ~[na:na]
	at java.base/java.lang.reflect.Method.invoke(Method.java:566) ~[na:na]
	at org.springframework.boot.loader.MainMethodRunner.run(MainMethodRunner.java:49) ~[SpringRestApiDemo.war:0.1.7-SNAPSHOT]
	at org.springframework.boot.loader.Launcher.launch(Launcher.java:109) ~[SpringRestApiDemo.war:0.1.7-SNAPSHOT]
	at org.springframework.boot.loader.Launcher.launch(Launcher.java:58) ~[SpringRestApiDemo.war:0.1.7-SNAPSHOT]
	at org.springframework.boot.loader.WarLauncher.main(WarLauncher.java:59) ~[SpringRestApiDemo.war:0.1.7-SNAPSHOT]

