[2020-07-03 12:38:23.883][DEBUG application] key generated public: [B@42f3427e
[2020-07-03 12:38:24.083][DEBUG application] JWT validation succeeded! JWT Claims Set:{iss=grippaweb.eu, aud=api.auth, exp=1593781103, jti=8-JhXp6RYbDTaZwfT0PjaQ, iat=1593779903, nbf=1593779783, sub=lgrippa, userId=1, role=[Amministratore], firstname=Luciano, lastname=Grippa, email=lgrippa75@gmail.com}
[2020-07-03 12:38:24.198][INFO  application] calling: /test/ 24
[2020-07-03 13:02:27.691][DEBUG application] key generated public: [B@709c2be5
[2020-07-03 13:02:27.765][DEBUG application] JWT validation succeeded! JWT Claims Set:{iss=grippaweb.eu, aud=api.auth, exp=1593782547, jti=sTs6MmiKtkrOlXZCz1u6Hg, iat=1593781347, nbf=1593781227, sub=lgrippa, userId=1, role=[Amministratore], firstname=Luciano, lastname=Grippa, email=lgrippa75@gmail.com}
[2020-07-03 13:02:27.846][INFO  application] calling: /test/ 24
[2020-07-03 13:56:27.792][DEBUG application] key generated public: [B@1353cc75
[2020-07-03 13:56:27.878][DEBUG application] JWT validation succeeded! JWT Claims Set:{iss=grippaweb.eu, aud=api.auth, exp=1593785787, jti=nJgIqcbeZkqCZ4Qbg33ERw, iat=1593784587, nbf=1593784467, sub=lgrippa, userId=1, role=[Amministratore], firstname=Luciano, lastname=Grippa, email=lgrippa75@gmail.com}
[2020-07-03 13:56:28.011][DEBUG application] in ApiNotFoundException Not Found
[2020-07-03 13:56:28.021][DEBUG application] <<<<<<<<<<<<<<<<<<<<<<<< api not found method >>>>>>>>>>>>>>>>>
[2020-07-03 14:24:38.523][DEBUG application] key generated public: [B@564b5e55
[2020-07-03 14:24:38.735][DEBUG application] JWT validation succeeded! JWT Claims Set:{iss=grippaweb.eu, aud=api.auth, exp=1593787478, jti=XTV6hgpCgQRi6Yf80usz9g, iat=1593786278, nbf=1593786158, sub=lgrippa, userId=1, role=[Amministratore], firstname=Luciano, lastname=Grippa, email=lgrippa75@gmail.com}
[2020-07-03 14:24:38.850][DEBUG application] in ApiNotFoundException Not Found
[2020-07-03 14:24:38.856][DEBUG application] <<<<<<<<<<<<<<<<<<<<<<<< api not found method >>>>>>>>>>>>>>>>>
[2020-07-03 14:24:43.791][DEBUG application] key generated public: [B@715a5ce6
[2020-07-03 14:24:43.852][DEBUG application] JWT validation succeeded! JWT Claims Set:{iss=grippaweb.eu, aud=api.auth, exp=1593787483, jti=Vfcmj4deFwCWvvTRHMLauQ, iat=1593786283, nbf=1593786163, sub=lgrippa, userId=1, role=[Amministratore], firstname=Luciano, lastname=Grippa, email=lgrippa75@gmail.com}
[2020-07-03 14:24:43.939][INFO  application] calling: /test/ 4
[2020-07-03 15:47:14.513][DEBUG application] key generated public: [B@28dee6a3
[2020-07-03 15:47:14.598][DEBUG application] JWT validation succeeded! JWT Claims Set:{iss=grippaweb.eu, aud=api.auth, exp=1593792434, jti=6cHsv7fi8-8YslTkZGE6sA, iat=1593791234, nbf=1593791114, sub=lgrippa, userId=1, role=[Amministratore], firstname=Luciano, lastname=Grippa, email=lgrippa75@gmail.com}
[2020-07-03 15:47:14.680][INFO  application] calling: /test/ 4
[2020-07-03 15:47:20.775][DEBUG application] in authUser: lgrippa pwd: 48df8b3e62340b9cf63040d3318c8809 appKey: f9e7bc9fcae0ffccf975708bdf40ab13
[2020-07-03 15:47:20.776][DEBUG application] appKey: f9e7bc9fcae0ffccf975708bdf40ab13 ok 
[2020-07-03 15:47:20.834][DEBUG application] key generated public: [B@1687b947
