TRACE   2020-07-07 08:04:49,455 [default task-1] org.hibernate.type.descriptor.sql.BasicExtractor  - extracted value ([id1_1_] : [BIGINT]) - [4]
TRACE   2020-07-07 08:04:49,497 [default task-1] org.hibernate.type.descriptor.sql.BasicExtractor  - extracted value ([active2_1_] : [INTEGER]) - [true]
TRACE   2020-07-07 08:04:49,501 [default task-1] org.hibernate.type.descriptor.sql.BasicExtractor  - extracted value ([creation3_1_] : [TIMESTAMP]) - [2020-07-07 09:46:27.0]
TRACE   2020-07-07 08:04:49,505 [default task-1] org.hibernate.type.descriptor.sql.BasicExtractor  - extracted value ([email4_1_] : [VARCHAR]) - [info@grippaweb.eu]
TRACE   2020-07-07 08:04:49,507 [default task-1] org.hibernate.type.descriptor.sql.BasicExtractor  - extracted value ([firstnam5_1_] : [VARCHAR]) - [Giada]
TRACE   2020-07-07 08:04:49,511 [default task-1] org.hibernate.type.descriptor.sql.BasicExtractor  - extracted value ([lastacce6_1_] : [TIMESTAMP]) - [null]
TRACE   2020-07-07 08:04:49,514 [default task-1] org.hibernate.type.descriptor.sql.BasicExtractor  - extracted value ([lastname7_1_] : [VARCHAR]) - [Grippa]
TRACE   2020-07-07 08:04:49,517 [default task-1] org.hibernate.type.descriptor.sql.BasicExtractor  - extracted value ([lastupda8_1_] : [TIMESTAMP]) - [2020-07-07 09:46:27.0]
TRACE   2020-07-07 08:04:49,527 [default task-1] org.hibernate.type.descriptor.sql.BasicExtractor  - extracted value ([secret9_1_] : [VARCHAR]) - [a59ebcabdac43122aea847bc0eb7e8fb]
TRACE   2020-07-07 08:04:49,532 [default task-1] org.hibernate.type.descriptor.sql.BasicExtractor  - extracted value ([usernam10_1_] : [VARCHAR]) - [gigrippa]
TRACE   2020-07-07 08:04:49,538 [default task-1] org.hibernate.type.descriptor.sql.BasicExtractor  - extracted value ([id1_1_] : [BIGINT]) - [3]
TRACE   2020-07-07 08:04:49,542 [default task-1] org.hibernate.type.descriptor.sql.BasicExtractor  - extracted value ([active2_1_] : [INTEGER]) - [true]
TRACE   2020-07-07 08:04:49,548 [default task-1] org.hibernate.type.descriptor.sql.BasicExtractor  - extracted value ([creation3_1_] : [TIMESTAMP]) - [2020-07-07 09:46:27.0]
TRACE   2020-07-07 08:04:49,554 [default task-1] org.hibernate.type.descriptor.sql.BasicExtractor  - extracted value ([email4_1_] : [VARCHAR]) - [luciano_grippa@yahoo.com]
TRACE   2020-07-07 08:04:49,558 [default task-1] org.hibernate.type.descriptor.sql.BasicExtractor  - extracted value ([firstnam5_1_] : [VARCHAR]) - [Gino]
TRACE   2020-07-07 08:04:49,564 [default task-1] org.hibernate.type.descriptor.sql.BasicExtractor  - extracted value ([lastacce6_1_] : [TIMESTAMP]) - [null]
TRACE   2020-07-07 08:04:49,567 [default task-1] org.hibernate.type.descriptor.sql.BasicExtractor  - extracted value ([lastname7_1_] : [VARCHAR]) - [Grippa]
TRACE   2020-07-07 08:04:49,574 [default task-1] org.hibernate.type.descriptor.sql.BasicExtractor  - extracted value ([lastupda8_1_] : [TIMESTAMP]) - [2020-07-07 09:46:27.0]
TRACE   2020-07-07 08:04:49,576 [default task-1] org.hibernate.type.descriptor.sql.BasicExtractor  - extracted value ([secret9_1_] : [VARCHAR]) - [371bee64fc851f896122d88b8678ca36]
TRACE   2020-07-07 08:04:49,581 [default task-1] org.hibernate.type.descriptor.sql.BasicExtractor  - extracted value ([usernam10_1_] : [VARCHAR]) - [ggrippa]
TRACE   2020-07-07 08:04:49,584 [default task-1] org.hibernate.type.descriptor.sql.BasicExtractor  - extracted value ([id1_1_] : [BIGINT]) - [1]
TRACE   2020-07-07 08:04:49,586 [default task-1] org.hibernate.type.descriptor.sql.BasicExtractor  - extracted value ([active2_1_] : [INTEGER]) - [true]
TRACE   2020-07-07 08:04:49,588 [default task-1] org.hibernate.type.descriptor.sql.BasicExtractor  - extracted value ([creation3_1_] : [TIMESTAMP]) - [2020-07-07 09:46:27.0]
TRACE   2020-07-07 08:04:49,591 [default task-1] org.hibernate.type.descriptor.sql.BasicExtractor  - extracted value ([email4_1_] : [VARCHAR]) - [lgrippa75@gmail.com]
TRACE   2020-07-07 08:04:49,596 [default task-1] org.hibernate.type.descriptor.sql.BasicExtractor  - extracted value ([firstnam5_1_] : [VARCHAR]) - [Luciano]
TRACE   2020-07-07 08:04:49,600 [default task-1] org.hibernate.type.descriptor.sql.BasicExtractor  - extracted value ([lastacce6_1_] : [TIMESTAMP]) - [null]
TRACE   2020-07-07 08:04:49,605 [default task-1] org.hibernate.type.descriptor.sql.BasicExtractor  - extracted value ([lastname7_1_] : [VARCHAR]) - [Grippa]
TRACE   2020-07-07 08:04:49,607 [default task-1] org.hibernate.type.descriptor.sql.BasicExtractor  - extracted value ([lastupda8_1_] : [TIMESTAMP]) - [2020-07-07 09:46:27.0]
TRACE   2020-07-07 08:04:49,613 [default task-1] org.hibernate.type.descriptor.sql.BasicExtractor  - extracted value ([secret9_1_] : [VARCHAR]) - [48df8b3e62340b9cf63040d3318c8809]
TRACE   2020-07-07 08:04:49,616 [default task-1] org.hibernate.type.descriptor.sql.BasicExtractor  - extracted value ([usernam10_1_] : [VARCHAR]) - [lgrippa]
TRACE   2020-07-07 08:04:49,619 [default task-1] org.hibernate.type.descriptor.sql.BasicExtractor  - extracted value ([id1_1_] : [BIGINT]) - [2]
TRACE   2020-07-07 08:04:49,622 [default task-1] org.hibernate.type.descriptor.sql.BasicExtractor  - extracted value ([active2_1_] : [INTEGER]) - [true]
TRACE   2020-07-07 08:04:49,624 [default task-1] org.hibernate.type.descriptor.sql.BasicExtractor  - extracted value ([creation3_1_] : [TIMESTAMP]) - [2020-07-07 09:46:27.0]
TRACE   2020-07-07 08:04:49,634 [default task-1] org.hibernate.type.descriptor.sql.BasicExtractor  - extracted value ([email4_1_] : [VARCHAR]) - [luciano_grippa@hotmail.com]
TRACE   2020-07-07 08:04:49,639 [default task-1] org.hibernate.type.descriptor.sql.BasicExtractor  - extracted value ([firstnam5_1_] : [VARCHAR]) - [Mary]
TRACE   2020-07-07 08:04:49,641 [default task-1] org.hibernate.type.descriptor.sql.BasicExtractor  - extracted value ([lastacce6_1_] : [TIMESTAMP]) - [null]
TRACE   2020-07-07 08:04:49,646 [default task-1] org.hibernate.type.descriptor.sql.BasicExtractor  - extracted value ([lastname7_1_] : [VARCHAR]) - [Grippa]
TRACE   2020-07-07 08:04:49,649 [default task-1] org.hibernate.type.descriptor.sql.BasicExtractor  - extracted value ([lastupda8_1_] : [TIMESTAMP]) - [2020-07-07 09:46:27.0]
TRACE   2020-07-07 08:04:49,651 [default task-1] org.hibernate.type.descriptor.sql.BasicExtractor  - extracted value ([secret9_1_] : [VARCHAR]) - [371bee64fc851f896122d88b8678ca36]
TRACE   2020-07-07 08:04:49,653 [default task-1] org.hibernate.type.descriptor.sql.BasicExtractor  - extracted value ([usernam10_1_] : [VARCHAR]) - [mgrippa]
TRACE   2020-07-07 08:04:49,745 [default task-1] org.hibernate.type.descriptor.sql.BasicBinder  - binding parameter [1] as [BIGINT] - [2]
TRACE   2020-07-07 08:04:49,763 [default task-1] org.hibernate.type.descriptor.sql.BasicExtractor  - extracted value ([id1_0_1_] : [BIGINT]) - [2]
TRACE   2020-07-07 08:04:49,765 [default task-1] org.hibernate.type.descriptor.sql.BasicExtractor  - extracted value ([code2_0_1_] : [VARCHAR]) - [ROLE_SUPER_USER]
TRACE   2020-07-07 08:04:49,767 [default task-1] org.hibernate.type.descriptor.sql.BasicExtractor  - extracted value ([name3_0_1_] : [VARCHAR]) - [Utente avanzato]
TRACE   2020-07-07 08:04:49,770 [default task-1] org.hibernate.type.descriptor.sql.BasicExtractor  - extracted value ([userid1_2_0_] : [BIGINT]) - [2]
TRACE   2020-07-07 08:04:49,774 [default task-1] org.hibernate.type.descriptor.sql.BasicExtractor  - extracted value ([roleid2_2_0_] : [BIGINT]) - [2]
TRACE   2020-07-07 08:04:49,785 [default task-1] org.hibernate.type.descriptor.sql.BasicBinder  - binding parameter [1] as [BIGINT] - [1]
TRACE   2020-07-07 08:04:49,789 [default task-1] org.hibernate.type.descriptor.sql.BasicExtractor  - extracted value ([id1_0_1_] : [BIGINT]) - [1]
TRACE   2020-07-07 08:04:49,792 [default task-1] org.hibernate.type.descriptor.sql.BasicExtractor  - extracted value ([code2_0_1_] : [VARCHAR]) - [ROLE_ADMIN]
TRACE   2020-07-07 08:04:49,794 [default task-1] org.hibernate.type.descriptor.sql.BasicExtractor  - extracted value ([name3_0_1_] : [VARCHAR]) - [Amministratore]
TRACE   2020-07-07 08:04:49,797 [default task-1] org.hibernate.type.descriptor.sql.BasicExtractor  - extracted value ([userid1_2_0_] : [BIGINT]) - [1]
TRACE   2020-07-07 08:04:49,799 [default task-1] org.hibernate.type.descriptor.sql.BasicExtractor  - extracted value ([roleid2_2_0_] : [BIGINT]) - [1]
TRACE   2020-07-07 08:04:49,804 [default task-1] org.hibernate.type.descriptor.sql.BasicBinder  - binding parameter [1] as [BIGINT] - [3]
TRACE   2020-07-07 08:04:49,809 [default task-1] org.hibernate.type.descriptor.sql.BasicExtractor  - extracted value ([id1_0_1_] : [BIGINT]) - [3]
TRACE   2020-07-07 08:04:49,812 [default task-1] org.hibernate.type.descriptor.sql.BasicExtractor  - extracted value ([code2_0_1_] : [VARCHAR]) - [ROLE_USER]
TRACE   2020-07-07 08:04:49,815 [default task-1] org.hibernate.type.descriptor.sql.BasicExtractor  - extracted value ([name3_0_1_] : [VARCHAR]) - [Utente]
TRACE   2020-07-07 08:04:49,818 [default task-1] org.hibernate.type.descriptor.sql.BasicExtractor  - extracted value ([userid1_2_0_] : [BIGINT]) - [3]
TRACE   2020-07-07 08:04:49,820 [default task-1] org.hibernate.type.descriptor.sql.BasicExtractor  - extracted value ([roleid2_2_0_] : [BIGINT]) - [3]
TRACE   2020-07-07 08:04:49,826 [default task-1] org.hibernate.type.descriptor.sql.BasicBinder  - binding parameter [1] as [BIGINT] - [4]
TRACE   2020-07-07 08:04:49,834 [default task-1] org.hibernate.type.descriptor.sql.BasicExtractor  - extracted value ([id1_0_1_] : [BIGINT]) - [4]
TRACE   2020-07-07 08:04:49,838 [default task-1] org.hibernate.type.descriptor.sql.BasicExtractor  - extracted value ([code2_0_1_] : [VARCHAR]) - [ROLE_GUEST]
TRACE   2020-07-07 08:04:49,840 [default task-1] org.hibernate.type.descriptor.sql.BasicExtractor  - extracted value ([name3_0_1_] : [VARCHAR]) - [Ospite]
TRACE   2020-07-07 08:04:49,842 [default task-1] org.hibernate.type.descriptor.sql.BasicExtractor  - extracted value ([userid1_2_0_] : [BIGINT]) - [4]
TRACE   2020-07-07 08:04:49,849 [default task-1] org.hibernate.type.descriptor.sql.BasicExtractor  - extracted value ([roleid2_2_0_] : [BIGINT]) - [4]
TRACE   2020-07-07 08:04:50,610 [default task-1] org.hibernate.type.descriptor.sql.BasicBinder  - binding parameter [1] as [BIGINT] - [1]
TRACE   2020-07-07 08:04:50,613 [default task-1] org.hibernate.type.descriptor.sql.BasicBinder  - binding parameter [2] as [VARCHAR] - [lgrippa]
TRACE   2020-07-07 08:04:50,619 [default task-1] org.hibernate.type.descriptor.sql.BasicExtractor  - extracted value ([id1_1_] : [BIGINT]) - [1]
TRACE   2020-07-07 08:04:50,621 [default task-1] org.hibernate.type.descriptor.sql.BasicExtractor  - extracted value ([active2_1_] : [INTEGER]) - [true]
TRACE   2020-07-07 08:04:50,623 [default task-1] org.hibernate.type.descriptor.sql.BasicExtractor  - extracted value ([creation3_1_] : [TIMESTAMP]) - [2020-07-07 09:46:27.0]
TRACE   2020-07-07 08:04:50,624 [default task-1] org.hibernate.type.descriptor.sql.BasicExtractor  - extracted value ([email4_1_] : [VARCHAR]) - [lgrippa75@gmail.com]
TRACE   2020-07-07 08:04:50,627 [default task-1] org.hibernate.type.descriptor.sql.BasicExtractor  - extracted value ([firstnam5_1_] : [VARCHAR]) - [Luciano]
TRACE   2020-07-07 08:04:50,630 [default task-1] org.hibernate.type.descriptor.sql.BasicExtractor  - extracted value ([lastacce6_1_] : [TIMESTAMP]) - [null]
TRACE   2020-07-07 08:04:50,632 [default task-1] org.hibernate.type.descriptor.sql.BasicExtractor  - extracted value ([lastname7_1_] : [VARCHAR]) - [Grippa]
TRACE   2020-07-07 08:04:50,634 [default task-1] org.hibernate.type.descriptor.sql.BasicExtractor  - extracted value ([lastupda8_1_] : [TIMESTAMP]) - [2020-07-07 09:46:27.0]
TRACE   2020-07-07 08:04:50,635 [default task-1] org.hibernate.type.descriptor.sql.BasicExtractor  - extracted value ([secret9_1_] : [VARCHAR]) - [48df8b3e62340b9cf63040d3318c8809]
TRACE   2020-07-07 08:04:50,637 [default task-1] org.hibernate.type.descriptor.sql.BasicExtractor  - extracted value ([usernam10_1_] : [VARCHAR]) - [lgrippa]
TRACE   2020-07-07 08:04:50,648 [default task-1] org.hibernate.type.descriptor.sql.BasicBinder  - binding parameter [1] as [BIGINT] - [1]
TRACE   2020-07-07 08:04:50,654 [default task-1] org.hibernate.type.descriptor.sql.BasicExtractor  - extracted value ([id1_0_1_] : [BIGINT]) - [1]
TRACE   2020-07-07 08:04:50,657 [default task-1] org.hibernate.type.descriptor.sql.BasicExtractor  - extracted value ([code2_0_1_] : [VARCHAR]) - [ROLE_ADMIN]
TRACE   2020-07-07 08:04:50,660 [default task-1] org.hibernate.type.descriptor.sql.BasicExtractor  - extracted value ([name3_0_1_] : [VARCHAR]) - [Amministratore]
TRACE   2020-07-07 08:04:50,667 [default task-1] org.hibernate.type.descriptor.sql.BasicExtractor  - extracted value ([userid1_2_0_] : [BIGINT]) - [1]
TRACE   2020-07-07 08:04:50,669 [default task-1] org.hibernate.type.descriptor.sql.BasicExtractor  - extracted value ([roleid2_2_0_] : [BIGINT]) - [1]
TRACE   2020-07-07 08:04:58,062 [default task-1] org.hibernate.type.descriptor.sql.BasicBinder  - binding parameter [1] as [VARCHAR] - [lgrippa]
TRACE   2020-07-07 08:04:58,064 [default task-1] org.hibernate.type.descriptor.sql.BasicBinder  - binding parameter [2] as [VARCHAR] - [48df8b3e62340b9cf63040d3318c8809]
TRACE   2020-07-07 08:04:58,069 [default task-1] org.hibernate.type.descriptor.sql.BasicExtractor  - extracted value ([id1_1_] : [BIGINT]) - [1]
TRACE   2020-07-07 08:04:58,073 [default task-1] org.hibernate.type.descriptor.sql.BasicExtractor  - extracted value ([active2_1_] : [INTEGER]) - [true]
TRACE   2020-07-07 08:04:58,076 [default task-1] org.hibernate.type.descriptor.sql.BasicExtractor  - extracted value ([creation3_1_] : [TIMESTAMP]) - [2020-07-07 09:46:27.0]
TRACE   2020-07-07 08:04:58,077 [default task-1] org.hibernate.type.descriptor.sql.BasicExtractor  - extracted value ([email4_1_] : [VARCHAR]) - [lgrippa75@gmail.com]
TRACE   2020-07-07 08:04:58,080 [default task-1] org.hibernate.type.descriptor.sql.BasicExtractor  - extracted value ([firstnam5_1_] : [VARCHAR]) - [Luciano]
TRACE   2020-07-07 08:04:58,081 [default task-1] org.hibernate.type.descriptor.sql.BasicExtractor  - extracted value ([lastacce6_1_] : [TIMESTAMP]) - [null]
TRACE   2020-07-07 08:04:58,085 [default task-1] org.hibernate.type.descriptor.sql.BasicExtractor  - extracted value ([lastname7_1_] : [VARCHAR]) - [Grippa]
TRACE   2020-07-07 08:04:58,088 [default task-1] org.hibernate.type.descriptor.sql.BasicExtractor  - extracted value ([lastupda8_1_] : [TIMESTAMP]) - [2020-07-07 09:46:27.0]
TRACE   2020-07-07 08:04:58,091 [default task-1] org.hibernate.type.descriptor.sql.BasicExtractor  - extracted value ([secret9_1_] : [VARCHAR]) - [48df8b3e62340b9cf63040d3318c8809]
TRACE   2020-07-07 08:04:58,093 [default task-1] org.hibernate.type.descriptor.sql.BasicExtractor  - extracted value ([usernam10_1_] : [VARCHAR]) - [lgrippa]
TRACE   2020-07-07 08:04:58,098 [default task-1] org.hibernate.type.descriptor.sql.BasicBinder  - binding parameter [1] as [BIGINT] - [1]
TRACE   2020-07-07 08:04:58,101 [default task-1] org.hibernate.type.descriptor.sql.BasicExtractor  - extracted value ([id1_0_1_] : [BIGINT]) - [1]
TRACE   2020-07-07 08:04:58,104 [default task-1] org.hibernate.type.descriptor.sql.BasicExtractor  - extracted value ([code2_0_1_] : [VARCHAR]) - [ROLE_ADMIN]
TRACE   2020-07-07 08:04:58,107 [default task-1] org.hibernate.type.descriptor.sql.BasicExtractor  - extracted value ([name3_0_1_] : [VARCHAR]) - [Amministratore]
TRACE   2020-07-07 08:04:58,109 [default task-1] org.hibernate.type.descriptor.sql.BasicExtractor  - extracted value ([userid1_2_0_] : [BIGINT]) - [1]
TRACE   2020-07-07 08:04:58,111 [default task-1] org.hibernate.type.descriptor.sql.BasicExtractor  - extracted value ([roleid2_2_0_] : [BIGINT]) - [1]
